<?xml version="1.0" encoding="UTF-8"?>
<coverage generated="1755157333930" clover="3.2.0">
  <project timestamp="1755157333930" name="All files">
    <metrics statements="2610" coveredstatements="1115" conditionals="556" coveredconditionals="145" methods="530" coveredmethods="228" elements="3696" coveredelements="1488" complexity="0" loc="2610" ncloc="2610" packages="34" files="88" classes="88"/>
    <package name="src">
      <metrics statements="30" coveredstatements="0" conditionals="2" coveredconditionals="0" methods="1" coveredmethods="0"/>
      <file name="app.module.ts" path="/Users/junghun/projects/team-elliot/backend/src/app.module.ts">
        <metrics statements="18" coveredstatements="0" conditionals="0" coveredconditionals="0" methods="0" coveredmethods="0"/>
        <line num="1" count="0" type="stmt"/>
        <line num="2" count="0" type="stmt"/>
        <line num="3" count="0" type="stmt"/>
        <line num="4" count="0" type="stmt"/>
        <line num="5" count="0" type="stmt"/>
        <line num="6" count="0" type="stmt"/>
        <line num="7" count="0" type="stmt"/>
        <line num="8" count="0" type="stmt"/>
        <line num="9" count="0" type="stmt"/>
        <line num="10" count="0" type="stmt"/>
        <line num="11" count="0" type="stmt"/>
        <line num="12" count="0" type="stmt"/>
        <line num="14" count="0" type="stmt"/>
        <line num="15" count="0" type="stmt"/>
        <line num="16" count="0" type="stmt"/>
        <line num="17" count="0" type="stmt"/>
        <line num="18" count="0" type="stmt"/>
        <line num="45" count="0" type="stmt"/>
      </file>
      <file name="main.ts" path="/Users/junghun/projects/team-elliot/backend/src/main.ts">
        <metrics statements="12" coveredstatements="0" conditionals="2" coveredconditionals="0" methods="1" coveredmethods="0"/>
        <line num="1" count="0" type="stmt"/>
        <line num="2" count="0" type="stmt"/>
        <line num="3" count="0" type="stmt"/>
        <line num="4" count="0" type="stmt"/>
        <line num="7" count="0" type="stmt"/>
        <line num="9" count="0" type="stmt"/>
        <line num="17" count="0" type="stmt"/>
        <line num="24" count="0" type="stmt"/>
        <line num="25" count="0" type="stmt"/>
        <line num="27" count="0" type="stmt"/>
        <line num="33" count="0" type="stmt"/>
        <line num="35" count="0" type="stmt"/>
      </file>
    </package>
    <package name="src.academy">
      <metrics statements="168" coveredstatements="60" conditionals="35" coveredconditionals="9" methods="33" coveredmethods="18"/>
      <file name="academy.controller.ts" path="/Users/junghun/projects/team-elliot/backend/src/academy/academy.controller.ts">
        <metrics statements="24" coveredstatements="24" conditionals="0" coveredconditionals="0" methods="8" coveredmethods="8"/>
        <line num="1" count="1" type="stmt"/>
        <line num="11" count="1" type="stmt"/>
        <line num="12" count="1" type="stmt"/>
        <line num="13" count="1" type="stmt"/>
        <line num="14" count="1" type="stmt"/>
        <line num="15" count="1" type="stmt"/>
        <line num="16" count="1" type="stmt"/>
        <line num="17" count="1" type="stmt"/>
        <line num="22" count="1" type="stmt"/>
        <line num="23" count="7" type="stmt"/>
        <line num="33" count="1" type="stmt"/>
        <line num="34" count="1" type="stmt"/>
        <line num="44" count="1" type="stmt"/>
        <line num="45" count="1" type="stmt"/>
        <line num="52" count="1" type="stmt"/>
        <line num="53" count="1" type="stmt"/>
        <line num="59" count="1" type="stmt"/>
        <line num="60" count="1" type="stmt"/>
        <line num="68" count="1" type="stmt"/>
        <line num="69" count="1" type="stmt"/>
        <line num="76" count="1" type="stmt"/>
        <line num="77" count="1" type="stmt"/>
        <line num="84" count="1" type="stmt"/>
        <line num="85" count="1" type="stmt"/>
      </file>
      <file name="academy.module.ts" path="/Users/junghun/projects/team-elliot/backend/src/academy/academy.module.ts">
        <metrics statements="5" coveredstatements="0" conditionals="0" coveredconditionals="0" methods="0" coveredmethods="0"/>
        <line num="1" count="0" type="stmt"/>
        <line num="2" count="0" type="stmt"/>
        <line num="3" count="0" type="stmt"/>
        <line num="4" count="0" type="stmt"/>
        <line num="12" count="0" type="stmt"/>
      </file>
      <file name="academy.service.ts" path="/Users/junghun/projects/team-elliot/backend/src/academy/academy.service.ts">
        <metrics statements="139" coveredstatements="36" conditionals="35" coveredconditionals="9" methods="25" coveredmethods="10"/>
        <line num="1" count="8" type="stmt"/>
        <line num="8" count="8" type="stmt"/>
        <line num="12" count="8" type="stmt"/>
        <line num="13" count="16" type="stmt"/>
        <line num="17" count="2" type="stmt"/>
        <line num="20" count="2" type="cond" truecount="1" falsecount="0"/>
        <line num="21" count="1" type="stmt"/>
        <line num="26" count="4" type="stmt"/>
        <line num="34" count="4" type="cond" truecount="1" falsecount="0"/>
        <line num="35" count="3" type="cond" truecount="1" falsecount="0"/>
        <line num="36" count="1" type="stmt"/>
        <line num="37" count="2" type="cond" truecount="1" falsecount="0"/>
        <line num="38" count="1" type="stmt"/>
        <line num="39" count="1" type="stmt"/>
        <line num="40" count="1" type="stmt"/>
        <line num="41" count="0" type="stmt"/>
        <line num="43" count="1" type="stmt"/>
        <line num="44" count="1" type="stmt"/>
        <line num="46" count="1" type="stmt"/>
        <line num="51" count="1" type="stmt"/>
        <line num="56" count="2" type="stmt"/>
        <line num="57" count="2" type="cond" truecount="1" falsecount="0"/>
        <line num="58" count="1" type="stmt"/>
        <line num="63" count="3" type="stmt"/>
        <line num="66" count="3" type="cond" truecount="1" falsecount="0"/>
        <line num="67" count="1" type="stmt"/>
        <line num="68" count="2" type="stmt"/>
        <line num="71" count="2" type="cond" truecount="1" falsecount="0"/>
        <line num="72" count="1" type="stmt"/>
        <line num="75" count="1" type="stmt"/>
        <line num="80" count="2" type="stmt"/>
        <line num="83" count="2" type="cond" truecount="1" falsecount="0"/>
        <line num="84" count="1" type="stmt"/>
        <line num="87" count="1" type="stmt"/>
        <line num="92" count="2" type="stmt"/>
        <line num="100" count="2" type="cond" truecount="1" falsecount="0"/>
        <line num="101" count="1" type="stmt"/>
        <line num="106" count="0" type="stmt"/>
        <line num="145" count="0" type="cond" truecount="0" falsecount="1"/>
        <line num="146" count="0" type="stmt"/>
        <line num="149" count="0" type="stmt"/>
        <line num="154" count="0" type="stmt"/>
        <line num="158" count="0" type="cond" truecount="0" falsecount="1"/>
        <line num="159" count="0" type="stmt"/>
        <line num="162" count="0" type="stmt"/>
        <line num="166" count="0" type="cond" truecount="0" falsecount="1"/>
        <line num="167" count="0" type="stmt"/>
        <line num="171" count="0" type="stmt"/>
        <line num="181" count="0" type="stmt"/>
        <line num="186" count="0" type="stmt"/>
        <line num="190" count="0" type="cond" truecount="0" falsecount="1"/>
        <line num="191" count="0" type="stmt"/>
        <line num="195" count="0" type="stmt"/>
        <line num="199" count="0" type="cond" truecount="0" falsecount="1"/>
        <line num="200" count="0" type="stmt"/>
        <line num="204" count="0" type="stmt"/>
        <line num="214" count="0" type="stmt"/>
        <line num="222" count="0" type="stmt"/>
        <line num="226" count="0" type="cond" truecount="0" falsecount="1"/>
        <line num="227" count="0" type="stmt"/>
        <line num="231" count="0" type="stmt"/>
        <line num="235" count="0" type="cond" truecount="0" falsecount="1"/>
        <line num="236" count="0" type="stmt"/>
        <line num="240" count="0" type="stmt"/>
        <line num="242" count="0" type="stmt"/>
        <line num="253" count="0" type="stmt"/>
        <line num="263" count="0" type="stmt"/>
        <line num="266" count="0" type="stmt"/>
        <line num="271" count="0" type="stmt"/>
        <line num="276" count="0" type="cond" truecount="0" falsecount="1"/>
        <line num="277" count="0" type="stmt"/>
        <line num="280" count="0" type="cond" truecount="0" falsecount="1"/>
        <line num="281" count="0" type="stmt"/>
        <line num="285" count="0" type="stmt"/>
        <line num="295" count="0" type="stmt"/>
        <line num="300" count="0" type="stmt"/>
        <line num="305" count="0" type="cond" truecount="0" falsecount="1"/>
        <line num="306" count="0" type="stmt"/>
        <line num="309" count="0" type="cond" truecount="0" falsecount="1"/>
        <line num="310" count="0" type="stmt"/>
        <line num="314" count="0" type="stmt"/>
        <line num="318" count="0" type="cond" truecount="0" falsecount="1"/>
        <line num="319" count="0" type="stmt"/>
        <line num="325" count="0" type="stmt"/>
        <line num="335" count="0" type="stmt"/>
        <line num="343" count="0" type="stmt"/>
        <line num="347" count="0" type="cond" truecount="0" falsecount="1"/>
        <line num="348" count="0" type="stmt"/>
        <line num="352" count="0" type="cond" truecount="0" falsecount="1"/>
        <line num="353" count="0" type="stmt"/>
        <line num="357" count="0" type="stmt"/>
        <line num="361" count="0" type="cond" truecount="0" falsecount="1"/>
        <line num="362" count="0" type="stmt"/>
        <line num="366" count="0" type="stmt"/>
        <line num="374" count="0" type="cond" truecount="0" falsecount="1"/>
        <line num="375" count="0" type="stmt"/>
        <line num="379" count="0" type="stmt"/>
        <line num="392" count="0" type="stmt"/>
        <line num="397" count="0" type="stmt"/>
        <line num="405" count="0" type="cond" truecount="0" falsecount="1"/>
        <line num="406" count="0" type="stmt"/>
        <line num="411" count="0" type="stmt"/>
        <line num="414" count="0" type="cond" truecount="0" falsecount="1"/>
        <line num="415" count="0" type="stmt"/>
        <line num="416" count="0" type="stmt"/>
        <line num="419" count="0" type="cond" truecount="0" falsecount="1"/>
        <line num="420" count="0" type="stmt"/>
        <line num="423" count="0" type="stmt"/>
        <line num="428" count="0" type="stmt"/>
        <line num="436" count="0" type="cond" truecount="0" falsecount="1"/>
        <line num="437" count="0" type="stmt"/>
        <line num="445" count="0" type="stmt"/>
        <line num="453" count="0" type="stmt"/>
        <line num="458" count="0" type="cond" truecount="0" falsecount="1"/>
        <line num="459" count="0" type="stmt"/>
        <line num="462" count="0" type="cond" truecount="0" falsecount="1"/>
        <line num="463" count="0" type="stmt"/>
        <line num="467" count="0" type="stmt"/>
        <line num="474" count="0" type="cond" truecount="0" falsecount="1"/>
        <line num="475" count="0" type="stmt"/>
        <line num="479" count="0" type="stmt"/>
        <line num="483" count="0" type="stmt"/>
        <line num="492" count="0" type="stmt"/>
        <line num="503" count="0" type="cond" truecount="0" falsecount="1"/>
        <line num="504" count="0" type="stmt"/>
        <line num="508" count="0" type="stmt"/>
        <line num="509" count="0" type="cond" truecount="0" falsecount="1"/>
        <line num="510" count="0" type="stmt"/>
        <line num="514" count="0" type="stmt"/>
        <line num="523" count="0" type="cond" truecount="0" falsecount="1"/>
        <line num="524" count="0" type="stmt"/>
        <line num="528" count="0" type="stmt"/>
        <line num="530" count="0" type="stmt"/>
        <line num="542" count="0" type="stmt"/>
        <line num="552" count="0" type="stmt"/>
        <line num="562" count="0" type="stmt"/>
        <line num="576" count="0" type="stmt"/>
        <line num="590" count="0" type="stmt"/>
        <line num="600" count="0" type="stmt"/>
      </file>
    </package>
    <package name="src.academy.dto">
      <metrics statements="28" coveredstatements="22" conditionals="0" coveredconditionals="0" methods="0" coveredmethods="0"/>
      <file name="create-academy.dto.ts" path="/Users/junghun/projects/team-elliot/backend/src/academy/dto/create-academy.dto.ts">
        <metrics statements="7" coveredstatements="7" conditionals="0" coveredconditionals="0" methods="0" coveredmethods="0"/>
        <line num="1" count="1" type="stmt"/>
        <line num="3" count="1" type="stmt"/>
        <line num="6" count="1" type="stmt"/>
        <line num="13" count="1" type="stmt"/>
        <line num="17" count="1" type="stmt"/>
        <line num="21" count="1" type="stmt"/>
        <line num="25" count="1" type="stmt"/>
      </file>
      <file name="index.ts" path="/Users/junghun/projects/team-elliot/backend/src/academy/dto/index.ts">
        <metrics statements="4" coveredstatements="4" conditionals="0" coveredconditionals="0" methods="0" coveredmethods="0"/>
        <line num="1" count="1" type="stmt"/>
        <line num="2" count="1" type="stmt"/>
        <line num="3" count="1" type="stmt"/>
        <line num="4" count="1" type="stmt"/>
      </file>
      <file name="join-academy-request.dto.ts" path="/Users/junghun/projects/team-elliot/backend/src/academy/dto/join-academy-request.dto.ts">
        <metrics statements="5" coveredstatements="5" conditionals="0" coveredconditionals="0" methods="0" coveredmethods="0"/>
        <line num="1" count="2" type="stmt"/>
        <line num="2" count="2" type="stmt"/>
        <line num="4" count="2" type="stmt"/>
        <line num="8" count="2" type="stmt"/>
        <line num="13" count="2" type="stmt"/>
      </file>
      <file name="join-academy.dto.ts" path="/Users/junghun/projects/team-elliot/backend/src/academy/dto/join-academy.dto.ts">
        <metrics statements="3" coveredstatements="3" conditionals="0" coveredconditionals="0" methods="0" coveredmethods="0"/>
        <line num="1" count="1" type="stmt"/>
        <line num="3" count="1" type="stmt"/>
        <line num="6" count="1" type="stmt"/>
      </file>
      <file name="leave-academy.dto.ts" path="/Users/junghun/projects/team-elliot/backend/src/academy/dto/leave-academy.dto.ts">
        <metrics statements="3" coveredstatements="3" conditionals="0" coveredconditionals="0" methods="0" coveredmethods="0"/>
        <line num="1" count="1" type="stmt"/>
        <line num="3" count="1" type="stmt"/>
        <line num="6" count="1" type="stmt"/>
      </file>
      <file name="update-academy.dto.ts" path="/Users/junghun/projects/team-elliot/backend/src/academy/dto/update-academy.dto.ts">
        <metrics statements="6" coveredstatements="0" conditionals="0" coveredconditionals="0" methods="0" coveredmethods="0"/>
        <line num="1" count="0" type="stmt"/>
        <line num="3" count="0" type="stmt"/>
        <line num="7" count="0" type="stmt"/>
        <line num="12" count="0" type="stmt"/>
        <line num="16" count="0" type="stmt"/>
        <line num="20" count="0" type="stmt"/>
      </file>
    </package>
    <package name="src.auth">
      <metrics statements="88" coveredstatements="63" conditionals="22" coveredconditionals="15" methods="14" coveredmethods="12"/>
      <file name="auth.controller.ts" path="/Users/junghun/projects/team-elliot/backend/src/auth/auth.controller.ts">
        <metrics statements="24" coveredstatements="24" conditionals="0" coveredconditionals="0" methods="6" coveredmethods="6"/>
        <line num="1" count="1" type="stmt"/>
        <line num="2" count="1" type="stmt"/>
        <line num="3" count="1" type="stmt"/>
        <line num="4" count="1" type="stmt"/>
        <line num="5" count="1" type="stmt"/>
        <line num="6" count="1" type="stmt"/>
        <line num="7" count="1" type="stmt"/>
        <line num="8" count="1" type="stmt"/>
        <line num="9" count="1" type="stmt"/>
        <line num="10" count="1" type="stmt"/>
        <line num="11" count="1" type="stmt"/>
        <line num="21" count="1" type="stmt"/>
        <line num="22" count="12" type="stmt"/>
        <line num="28" count="1" type="stmt"/>
        <line num="29" count="2" type="stmt"/>
        <line num="39" count="1" type="stmt"/>
        <line num="40" count="2" type="stmt"/>
        <line num="50" count="1" type="stmt"/>
        <line num="51" count="1" type="stmt"/>
        <line num="62" count="1" type="stmt"/>
        <line num="66" count="2" type="stmt"/>
        <line num="67" count="1" type="stmt"/>
        <line num="77" count="1" type="stmt"/>
        <line num="80" count="3" type="stmt"/>
      </file>
      <file name="auth.module.ts" path="/Users/junghun/projects/team-elliot/backend/src/auth/auth.module.ts">
        <metrics statements="10" coveredstatements="0" conditionals="0" coveredconditionals="0" methods="1" coveredmethods="0"/>
        <line num="1" count="0" type="stmt"/>
        <line num="2" count="0" type="stmt"/>
        <line num="3" count="0" type="stmt"/>
        <line num="4" count="0" type="stmt"/>
        <line num="5" count="0" type="stmt"/>
        <line num="6" count="0" type="stmt"/>
        <line num="7" count="0" type="stmt"/>
        <line num="8" count="0" type="stmt"/>
        <line num="15" count="0" type="stmt"/>
        <line num="26" count="0" type="stmt"/>
      </file>
      <file name="auth.service.ts" path="/Users/junghun/projects/team-elliot/backend/src/auth/auth.service.ts">
        <metrics statements="54" coveredstatements="39" conditionals="22" coveredconditionals="15" methods="7" coveredmethods="6"/>
        <line num="1" count="2" type="stmt"/>
        <line num="8" count="2" type="stmt"/>
        <line num="9" count="2" type="stmt"/>
        <line num="10" count="2" type="stmt"/>
        <line num="14" count="2" type="stmt"/>
        <line num="16" count="20" type="stmt"/>
        <line num="17" count="20" type="stmt"/>
        <line num="22" count="16" type="stmt"/>
        <line num="28" count="16" type="cond" truecount="3" falsecount="0"/>
        <line num="30" count="2" type="stmt"/>
        <line num="34" count="0" type="stmt"/>
        <line num="35" count="0" type="stmt"/>
        <line num="43" count="14" type="stmt"/>
        <line num="49" count="14" type="cond" truecount="3" falsecount="0"/>
        <line num="50" count="2" type="stmt"/>
        <line num="51" count="2" type="stmt"/>
        <line num="55" count="12" type="stmt"/>
        <line num="58" count="12" type="cond" truecount="3" falsecount="0"/>
        <line num="59" count="2" type="stmt"/>
        <line num="60" count="2" type="stmt"/>
        <line num="63" count="10" type="stmt"/>
        <line num="69" count="11" type="stmt"/>
        <line num="70" count="2" type="stmt"/>
        <line num="72" count="2" type="stmt"/>
        <line num="85" count="7" type="stmt"/>
        <line num="88" count="7" type="stmt"/>
        <line num="91" count="7" type="stmt"/>
        <line num="95" count="7" type="cond" truecount="4" falsecount="0"/>
        <line num="96" count="4" type="stmt"/>
        <line num="100" count="3" type="stmt"/>
        <line num="102" count="2" type="cond" truecount="1" falsecount="1"/>
        <line num="104" count="2" type="stmt"/>
        <line num="114" count="1" type="stmt"/>
        <line num="120" count="1" type="stmt"/>
        <line num="129" count="0" type="cond" truecount="0" falsecount="2"/>
        <line num="131" count="0" type="stmt"/>
        <line num="142" count="0" type="stmt"/>
        <line num="148" count="0" type="stmt"/>
        <line num="157" count="0" type="cond" truecount="0" falsecount="2"/>
        <line num="159" count="0" type="stmt"/>
        <line num="161" count="0" type="stmt"/>
        <line num="172" count="0" type="stmt"/>
        <line num="183" count="0" type="stmt"/>
        <line num="192" count="0" type="stmt"/>
        <line num="196" count="0" type="stmt"/>
        <line num="202" count="0" type="stmt"/>
        <line num="212" count="0" type="stmt"/>
        <line num="217" count="3" type="stmt"/>
        <line num="221" count="3" type="cond" truecount="1" falsecount="0"/>
        <line num="222" count="2" type="stmt"/>
        <line num="225" count="1" type="stmt"/>
        <line num="236" count="1" type="stmt"/>
        <line num="249" count="2" type="stmt"/>
        <line num="255" count="2" type="stmt"/>
      </file>
    </package>
    <package name="src.auth.decorators">
      <metrics statements="11" coveredstatements="7" conditionals="0" coveredconditionals="0" methods="3" coveredmethods="1"/>
      <file name="current-user.decorator.ts" path="/Users/junghun/projects/team-elliot/backend/src/auth/decorators/current-user.decorator.ts">
        <metrics statements="4" coveredstatements="2" conditionals="0" coveredconditionals="0" methods="1" coveredmethods="0"/>
        <line num="1" count="4" type="stmt"/>
        <line num="3" count="4" type="stmt"/>
        <line num="5" count="0" type="stmt"/>
        <line num="6" count="0" type="stmt"/>
      </file>
      <file name="get-user.decorator.ts" path="/Users/junghun/projects/team-elliot/backend/src/auth/decorators/get-user.decorator.ts">
        <metrics statements="4" coveredstatements="2" conditionals="0" coveredconditionals="0" methods="1" coveredmethods="0"/>
        <line num="1" count="4" type="stmt"/>
        <line num="3" count="4" type="stmt"/>
        <line num="5" count="0" type="stmt"/>
        <line num="6" count="0" type="stmt"/>
      </file>
      <file name="roles.decorator.ts" path="/Users/junghun/projects/team-elliot/backend/src/auth/decorators/roles.decorator.ts">
        <metrics statements="3" coveredstatements="3" conditionals="0" coveredconditionals="0" methods="1" coveredmethods="1"/>
        <line num="1" count="10" type="stmt"/>
        <line num="4" count="10" type="stmt"/>
        <line num="5" count="67" type="stmt"/>
      </file>
    </package>
    <package name="src.auth.dto">
      <metrics statements="21" coveredstatements="21" conditionals="0" coveredconditionals="0" methods="0" coveredmethods="0"/>
      <file name="check-userid.dto.ts" path="/Users/junghun/projects/team-elliot/backend/src/auth/dto/check-userid.dto.ts">
        <metrics statements="4" coveredstatements="4" conditionals="0" coveredconditionals="0" methods="0" coveredmethods="0"/>
        <line num="1" count="1" type="stmt"/>
        <line num="2" count="1" type="stmt"/>
        <line num="4" count="1" type="stmt"/>
        <line num="7" count="1" type="stmt"/>
      </file>
      <file name="login.dto.ts" path="/Users/junghun/projects/team-elliot/backend/src/auth/dto/login.dto.ts">
        <metrics statements="5" coveredstatements="5" conditionals="0" coveredconditionals="0" methods="0" coveredmethods="0"/>
        <line num="1" count="1" type="stmt"/>
        <line num="2" count="1" type="stmt"/>
        <line num="4" count="1" type="stmt"/>
        <line num="7" count="1" type="stmt"/>
        <line num="11" count="1" type="stmt"/>
      </file>
      <file name="signup.dto.ts" path="/Users/junghun/projects/team-elliot/backend/src/auth/dto/signup.dto.ts">
        <metrics statements="8" coveredstatements="8" conditionals="0" coveredconditionals="0" methods="0" coveredmethods="0"/>
        <line num="1" count="1" type="stmt"/>
        <line num="2" count="1" type="stmt"/>
        <line num="3" count="1" type="stmt"/>
        <line num="11" count="1" type="stmt"/>
        <line num="19" count="1" type="stmt"/>
        <line num="23" count="1" type="stmt"/>
        <line num="30" count="1" type="stmt"/>
        <line num="38" count="1" type="stmt"/>
      </file>
      <file name="withdrawal-reason.dto.ts" path="/Users/junghun/projects/team-elliot/backend/src/auth/dto/withdrawal-reason.dto.ts">
        <metrics statements="4" coveredstatements="4" conditionals="0" coveredconditionals="0" methods="0" coveredmethods="0"/>
        <line num="1" count="1" type="stmt"/>
        <line num="2" count="1" type="stmt"/>
        <line num="4" count="1" type="stmt"/>
        <line num="7" count="1" type="stmt"/>
      </file>
    </package>
    <package name="src.auth.entities">
      <metrics statements="7" coveredstatements="7" conditionals="0" coveredconditionals="0" methods="0" coveredmethods="0"/>
      <file name="auth-response.entity.ts" path="/Users/junghun/projects/team-elliot/backend/src/auth/entities/auth-response.entity.ts">
        <metrics statements="4" coveredstatements="4" conditionals="0" coveredconditionals="0" methods="0" coveredmethods="0"/>
        <line num="1" count="1" type="stmt"/>
        <line num="3" count="1" type="stmt"/>
        <line num="5" count="1" type="stmt"/>
        <line num="15" count="1" type="stmt"/>
      </file>
      <file name="check-userid-response.entity.ts" path="/Users/junghun/projects/team-elliot/backend/src/auth/entities/check-userid-response.entity.ts">
        <metrics statements="3" coveredstatements="3" conditionals="0" coveredconditionals="0" methods="0" coveredmethods="0"/>
        <line num="1" count="1" type="stmt"/>
        <line num="3" count="1" type="stmt"/>
        <line num="5" count="1" type="stmt"/>
      </file>
    </package>
    <package name="src.auth.guards">
      <metrics statements="13" coveredstatements="7" conditionals="1" coveredconditionals="0" methods="3" coveredmethods="1"/>
      <file name="jwt-auth.guard.ts" path="/Users/junghun/projects/team-elliot/backend/src/auth/guards/jwt-auth.guard.ts">
        <metrics statements="4" coveredstatements="3" conditionals="0" coveredconditionals="0" methods="1" coveredmethods="0"/>
        <line num="1" count="11" type="stmt"/>
        <line num="2" count="11" type="stmt"/>
        <line num="5" count="11" type="stmt"/>
        <line num="7" count="0" type="stmt"/>
      </file>
      <file name="roles.guard.ts" path="/Users/junghun/projects/team-elliot/backend/src/auth/guards/roles.guard.ts">
        <metrics statements="9" coveredstatements="4" conditionals="1" coveredconditionals="0" methods="2" coveredmethods="1"/>
        <line num="1" count="10" type="stmt"/>
        <line num="2" count="10" type="stmt"/>
        <line num="6" count="10" type="stmt"/>
        <line num="7" count="106" type="stmt"/>
        <line num="10" count="0" type="stmt"/>
        <line num="15" count="0" type="cond" truecount="0" falsecount="1"/>
        <line num="16" count="0" type="stmt"/>
        <line num="19" count="0" type="stmt"/>
        <line num="20" count="0" type="stmt"/>
      </file>
    </package>
    <package name="src.auth.strategies">
      <metrics statements="8" coveredstatements="0" conditionals="0" coveredconditionals="0" methods="2" coveredmethods="0"/>
      <file name="jwt.strategy.ts" path="/Users/junghun/projects/team-elliot/backend/src/auth/strategies/jwt.strategy.ts">
        <metrics statements="8" coveredstatements="0" conditionals="0" coveredconditionals="0" methods="2" coveredmethods="0"/>
        <line num="1" count="0" type="stmt"/>
        <line num="2" count="0" type="stmt"/>
        <line num="3" count="0" type="stmt"/>
        <line num="4" count="0" type="stmt"/>
        <line num="7" count="0" type="stmt"/>
        <line num="8" count="0" type="stmt"/>
        <line num="9" count="0" type="stmt"/>
        <line num="17" count="0" type="stmt"/>
      </file>
    </package>
    <package name="src.ballet-pose">
      <metrics statements="51" coveredstatements="46" conditionals="4" coveredconditionals="4" methods="13" coveredmethods="13"/>
      <file name="ballet-pose.controller.ts" path="/Users/junghun/projects/team-elliot/backend/src/ballet-pose/ballet-pose.controller.ts">
        <metrics statements="25" coveredstatements="25" conditionals="1" coveredconditionals="1" methods="6" coveredmethods="6"/>
        <line num="1" count="1" type="stmt"/>
        <line num="15" count="1" type="stmt"/>
        <line num="16" count="1" type="stmt"/>
        <line num="17" count="1" type="stmt"/>
        <line num="18" count="1" type="stmt"/>
        <line num="19" count="1" type="stmt"/>
        <line num="20" count="1" type="stmt"/>
        <line num="21" count="1" type="stmt"/>
        <line num="22" count="1" type="stmt"/>
        <line num="23" count="1" type="stmt"/>
        <line num="24" count="1" type="stmt"/>
        <line num="29" count="1" type="stmt"/>
        <line num="30" count="8" type="stmt"/>
        <line num="35" count="1" type="stmt"/>
        <line num="36" count="2" type="cond" truecount="1" falsecount="0"/>
        <line num="37" count="1" type="stmt"/>
        <line num="39" count="1" type="stmt"/>
        <line num="45" count="1" type="stmt"/>
        <line num="46" count="1" type="stmt"/>
        <line num="54" count="1" type="stmt"/>
        <line num="58" count="2" type="stmt"/>
        <line num="66" count="1" type="stmt"/>
        <line num="71" count="2" type="stmt"/>
        <line num="78" count="1" type="stmt"/>
        <line num="79" count="1" type="stmt"/>
      </file>
      <file name="ballet-pose.module.ts" path="/Users/junghun/projects/team-elliot/backend/src/ballet-pose/ballet-pose.module.ts">
        <metrics statements="5" coveredstatements="0" conditionals="0" coveredconditionals="0" methods="0" coveredmethods="0"/>
        <line num="1" count="0" type="stmt"/>
        <line num="2" count="0" type="stmt"/>
        <line num="3" count="0" type="stmt"/>
        <line num="4" count="0" type="stmt"/>
        <line num="12" count="0" type="stmt"/>
      </file>
      <file name="ballet-pose.service.ts" path="/Users/junghun/projects/team-elliot/backend/src/ballet-pose/ballet-pose.service.ts">
        <metrics statements="21" coveredstatements="21" conditionals="3" coveredconditionals="3" methods="7" coveredmethods="7"/>
        <line num="1" count="2" type="stmt"/>
        <line num="2" count="2" type="stmt"/>
        <line num="7" count="2" type="stmt"/>
        <line num="8" count="11" type="stmt"/>
        <line num="11" count="1" type="stmt"/>
        <line num="17" count="7" type="stmt"/>
        <line num="21" count="7" type="cond" truecount="1" falsecount="0"/>
        <line num="22" count="3" type="stmt"/>
        <line num="25" count="4" type="stmt"/>
        <line num="32" count="2" type="stmt"/>
        <line num="35" count="2" type="cond" truecount="1" falsecount="0"/>
        <line num="36" count="1" type="stmt"/>
        <line num="39" count="2" type="stmt"/>
        <line num="49" count="3" type="stmt"/>
        <line num="51" count="2" type="stmt"/>
        <line num="54" count="2" type="cond" truecount="1" falsecount="0"/>
        <line num="55" count="1" type="stmt"/>
        <line num="58" count="2" type="stmt"/>
        <line num="65" count="2" type="stmt"/>
        <line num="67" count="1" type="stmt"/>
        <line num="73" count="1" type="stmt"/>
      </file>
    </package>
    <package name="src.ballet-pose.dto">
      <metrics statements="14" coveredstatements="14" conditionals="2" coveredconditionals="2" methods="1" coveredmethods="1"/>
      <file name="create-ballet-pose.dto.ts" path="/Users/junghun/projects/team-elliot/backend/src/ballet-pose/dto/create-ballet-pose.dto.ts">
        <metrics statements="11" coveredstatements="11" conditionals="2" coveredconditionals="2" methods="1" coveredmethods="1"/>
        <line num="1" count="2" type="stmt"/>
        <line num="2" count="2" type="stmt"/>
        <line num="4" count="2" type="cond" truecount="2" falsecount="0"/>
        <line num="5" count="2" type="stmt"/>
        <line num="6" count="2" type="stmt"/>
        <line num="7" count="2" type="stmt"/>
        <line num="10" count="2" type="stmt"/>
        <line num="13" count="2" type="stmt"/>
        <line num="18" count="2" type="stmt"/>
        <line num="22" count="2" type="stmt"/>
        <line num="26" count="2" type="stmt"/>
      </file>
      <file name="update-ballet-pose.dto.ts" path="/Users/junghun/projects/team-elliot/backend/src/ballet-pose/dto/update-ballet-pose.dto.ts">
        <metrics statements="3" coveredstatements="3" conditionals="0" coveredconditionals="0" methods="0" coveredmethods="0"/>
        <line num="1" count="1" type="stmt"/>
        <line num="2" count="1" type="stmt"/>
        <line num="4" count="1" type="stmt"/>
      </file>
    </package>
    <package name="src.class">
      <metrics statements="249" coveredstatements="154" conditionals="82" coveredconditionals="21" methods="42" coveredmethods="25"/>
      <file name="class.controller.ts" path="/Users/junghun/projects/team-elliot/backend/src/class/class.controller.ts">
        <metrics statements="47" coveredstatements="38" conditionals="6" coveredconditionals="2" methods="16" coveredmethods="13"/>
        <line num="1" count="1" type="stmt"/>
        <line num="14" count="1" type="stmt"/>
        <line num="15" count="1" type="stmt"/>
        <line num="16" count="1" type="stmt"/>
        <line num="17" count="1" type="stmt"/>
        <line num="19" count="1" type="stmt"/>
        <line num="20" count="1" type="stmt"/>
        <line num="21" count="1" type="stmt"/>
        <line num="22" count="1" type="stmt"/>
        <line num="26" count="1" type="stmt"/>
        <line num="27" count="14" type="stmt"/>
        <line num="30" count="1" type="stmt"/>
        <line num="31" count="1" type="stmt"/>
        <line num="35" count="1" type="stmt"/>
        <line num="39" count="3" type="stmt"/>
        <line num="47" count="1" type="stmt"/>
        <line num="49" count="1" type="stmt"/>
        <line num="54" count="1" type="stmt"/>
        <line num="55" count="1" type="stmt"/>
        <line num="62" count="1" type="stmt"/>
        <line num="74" count="1" type="stmt"/>
        <line num="79" count="1" type="stmt"/>
        <line num="80" count="1" type="stmt"/>
        <line num="87" count="1" type="stmt"/>
        <line num="92" count="1" type="stmt"/>
        <line num="104" count="1" type="stmt"/>
        <line num="106" count="0" type="stmt"/>
        <line num="111" count="0" type="cond" truecount="0" falsecount="1"/>
        <line num="112" count="0" type="stmt"/>
        <line num="115" count="0" type="stmt"/>
        <line num="122" count="1" type="stmt"/>
        <line num="124" count="0" type="stmt"/>
        <line num="129" count="0" type="cond" truecount="0" falsecount="1"/>
        <line num="130" count="0" type="stmt"/>
        <line num="133" count="0" type="stmt"/>
        <line num="138" count="1" type="stmt"/>
        <line num="142" count="1" type="stmt"/>
        <line num="147" count="1" type="stmt"/>
        <line num="151" count="1" type="stmt"/>
        <line num="155" count="1" type="stmt"/>
        <line num="159" count="1" type="stmt"/>
        <line num="165" count="1" type="stmt"/>
        <line num="170" count="0" type="stmt"/>
        <line num="179" count="1" type="stmt"/>
        <line num="180" count="1" type="stmt"/>
        <line num="185" count="1" type="stmt"/>
        <line num="189" count="1" type="stmt"/>
      </file>
      <file name="class.module.ts" path="/Users/junghun/projects/team-elliot/backend/src/class/class.module.ts">
        <metrics statements="5" coveredstatements="0" conditionals="0" coveredconditionals="0" methods="0" coveredmethods="0"/>
        <line num="1" count="0" type="stmt"/>
        <line num="2" count="0" type="stmt"/>
        <line num="3" count="0" type="stmt"/>
        <line num="4" count="0" type="stmt"/>
        <line num="12" count="0" type="stmt"/>
      </file>
      <file name="class.service.ts" path="/Users/junghun/projects/team-elliot/backend/src/class/class.service.ts">
        <metrics statements="197" coveredstatements="116" conditionals="76" coveredconditionals="19" methods="26" coveredmethods="12"/>
        <line num="1" count="8" type="stmt"/>
        <line num="7" count="8" type="stmt"/>
        <line num="11" count="8" type="stmt"/>
        <line num="12" count="18" type="stmt"/>
        <line num="15" count="3" type="stmt"/>
        <line num="60" count="3" type="stmt"/>
        <line num="61" count="3" type="stmt"/>
        <line num="69" count="3" type="stmt"/>
        <line num="80" count="3" type="cond" truecount="1" falsecount="0"/>
        <line num="81" count="2" type="stmt"/>
        <line num="86" count="1" type="cond" truecount="1" falsecount="1"/>
        <line num="87" count="0" type="stmt"/>
        <line num="90" count="1" type="stmt"/>
        <line num="91" count="1" type="cond" truecount="1" falsecount="1"/>
        <line num="95" count="1" type="stmt"/>
        <line num="104" count="1" type="cond" truecount="0" falsecount="1"/>
        <line num="105" count="0" type="stmt"/>
        <line num="111" count="1" type="stmt"/>
        <line num="112" count="1" type="cond" truecount="0" falsecount="1"/>
        <line num="113" count="0" type="stmt"/>
        <line num="118" count="1" type="stmt"/>
        <line num="119" count="1" type="stmt"/>
        <line num="122" count="1" type="cond" truecount="0" falsecount="1"/>
        <line num="123" count="0" type="stmt"/>
        <line num="127" count="1" type="stmt"/>
        <line num="130" count="1" type="stmt"/>
        <line num="157" count="1" type="stmt"/>
        <line num="159" count="1" type="stmt"/>
        <line num="160" count="1" type="stmt"/>
        <line num="161" count="1" type="stmt"/>
        <line num="162" count="1" type="stmt"/>
        <line num="163" count="1" type="stmt"/>
        <line num="164" count="1" type="stmt"/>
        <line num="165" count="1" type="stmt"/>
        <line num="168" count="1" type="stmt"/>
        <line num="176" count="1" type="stmt"/>
        <line num="185" count="1" type="stmt"/>
        <line num="188" count="1" type="stmt"/>
        <line num="200" count="1" type="stmt"/>
        <line num="201" count="1" type="stmt"/>
        <line num="202" count="0" type="stmt"/>
        <line num="203" count="0" type="cond" truecount="0" falsecount="1"/>
        <line num="204" count="0" type="stmt"/>
        <line num="205" count="0" type="cond" truecount="0" falsecount="1"/>
        <line num="206" count="0" type="stmt"/>
        <line num="212" count="1" type="stmt"/>
        <line num="213" count="1" type="stmt"/>
        <line num="215" count="1" type="stmt"/>
        <line num="229" count="1" type="stmt"/>
        <line num="231" count="1" type="stmt"/>
        <line num="232" count="1" type="stmt"/>
        <line num="233" count="1" type="stmt"/>
        <line num="234" count="1" type="stmt"/>
        <line num="235" count="1" type="stmt"/>
        <line num="236" count="1" type="stmt"/>
        <line num="237" count="1" type="stmt"/>
        <line num="240" count="1" type="stmt"/>
        <line num="250" count="1" type="stmt"/>
        <line num="251" count="1" type="stmt"/>
        <line num="253" count="1" type="cond" truecount="0" falsecount="1"/>
        <line num="254" count="0" type="stmt"/>
        <line num="258" count="1" type="stmt"/>
        <line num="263" count="1" type="cond" truecount="0" falsecount="1"/>
        <line num="264" count="0" type="stmt"/>
        <line num="274" count="1" type="stmt"/>
        <line num="277" count="1" type="stmt"/>
        <line num="278" count="1" type="stmt"/>
        <line num="280" count="1" type="stmt"/>
        <line num="281" count="1" type="stmt"/>
        <line num="284" count="1" type="stmt"/>
        <line num="285" count="31" type="stmt"/>
        <line num="288" count="31" type="cond" truecount="1" falsecount="0"/>
        <line num="289" count="5" type="stmt"/>
        <line num="292" count="5" type="stmt"/>
        <line num="295" count="5" type="stmt"/>
        <line num="296" count="5" type="stmt"/>
        <line num="299" count="5" type="stmt"/>
        <line num="300" count="5" type="stmt"/>
        <line num="302" count="5" type="stmt"/>
        <line num="303" count="5" type="stmt"/>
        <line num="305" count="5" type="stmt"/>
        <line num="316" count="31" type="stmt"/>
        <line num="319" count="1" type="stmt"/>
        <line num="320" count="1" type="stmt"/>
        <line num="323" count="1" type="cond" truecount="1" falsecount="0"/>
        <line num="324" count="1" type="stmt"/>
        <line num="325" count="1" type="stmt"/>
        <line num="329" count="1" type="stmt"/>
        <line num="331" count="0" type="stmt"/>
        <line num="332" count="0" type="stmt"/>
        <line num="336" count="1" type="stmt"/>
        <line num="337" count="1" type="stmt"/>
        <line num="341" count="2" type="stmt"/>
        <line num="345" count="2" type="cond" truecount="1" falsecount="0"/>
        <line num="346" count="1" type="stmt"/>
        <line num="349" count="1" type="stmt"/>
        <line num="370" count="0" type="stmt"/>
        <line num="381" count="0" type="cond" truecount="0" falsecount="1"/>
        <line num="382" count="0" type="stmt"/>
        <line num="386" count="0" type="stmt"/>
        <line num="388" count="0" type="cond" truecount="0" falsecount="1"/>
        <line num="389" count="0" type="stmt"/>
        <line num="393" count="0" type="stmt"/>
        <line num="398" count="0" type="stmt"/>
        <line num="402" count="0" type="stmt"/>
        <line num="422" count="0" type="stmt"/>
        <line num="447" count="2" type="stmt"/>
        <line num="463" count="2" type="cond" truecount="1" falsecount="0"/>
        <line num="464" count="1" type="stmt"/>
        <line num="467" count="1" type="cond" truecount="0" falsecount="1"/>
        <line num="468" count="0" type="stmt"/>
        <line num="472" count="1" type="stmt"/>
        <line num="473" count="1" type="stmt"/>
        <line num="476" count="1" type="stmt"/>
        <line num="477" count="1" type="stmt"/>
        <line num="478" count="0" type="stmt"/>
        <line num="479" count="0" type="cond" truecount="0" falsecount="1"/>
        <line num="480" count="0" type="stmt"/>
        <line num="483" count="0" type="stmt"/>
        <line num="487" count="1" type="stmt"/>
        <line num="491" count="1" type="stmt"/>
        <line num="493" count="0" type="stmt"/>
        <line num="496" count="1" type="stmt"/>
        <line num="501" count="1" type="stmt"/>
        <line num="504" count="1" type="stmt"/>
        <line num="507" count="1" type="stmt"/>
        <line num="510" count="1" type="stmt"/>
        <line num="512" count="1" type="stmt"/>
        <line num="525" count="3" type="stmt"/>
        <line num="530" count="3" type="cond" truecount="1" falsecount="0"/>
        <line num="531" count="1" type="stmt"/>
        <line num="534" count="2" type="cond" truecount="0" falsecount="1"/>
        <line num="538" count="0" type="stmt"/>
        <line num="541" count="2" type="stmt"/>
        <line num="548" count="2" type="cond" truecount="1" falsecount="0"/>
        <line num="549" count="1" type="stmt"/>
        <line num="552" count="1" type="stmt"/>
        <line num="561" count="2" type="stmt"/>
        <line num="568" count="2" type="cond" truecount="1" falsecount="0"/>
        <line num="569" count="1" type="stmt"/>
        <line num="572" count="1" type="stmt"/>
        <line num="578" count="2" type="stmt"/>
        <line num="593" count="2" type="cond" truecount="1" falsecount="0"/>
        <line num="594" count="1" type="stmt"/>
        <line num="597" count="1" type="stmt"/>
        <line num="612" count="0" type="stmt"/>
        <line num="620" count="0" type="cond" truecount="0" falsecount="1"/>
        <line num="621" count="0" type="stmt"/>
        <line num="625" count="0" type="cond" truecount="0" falsecount="1"/>
        <line num="626" count="0" type="stmt"/>
        <line num="632" count="0" type="stmt"/>
        <line num="635" count="0" type="cond" truecount="0" falsecount="2"/>
        <line num="637" count="0" type="stmt"/>
        <line num="649" count="0" type="stmt"/>
        <line num="661" count="0" type="stmt"/>
        <line num="669" count="0" type="stmt"/>
        <line num="672" count="0" type="stmt"/>
        <line num="681" count="1" type="stmt"/>
        <line num="702" count="0" type="stmt"/>
        <line num="703" count="0" type="stmt"/>
        <line num="704" count="0" type="stmt"/>
        <line num="707" count="0" type="stmt"/>
        <line num="758" count="0" type="stmt"/>
        <line num="759" count="0" type="stmt"/>
        <line num="761" count="0" type="cond" truecount="0" falsecount="2"/>
        <line num="764" count="0" type="stmt"/>
        <line num="765" count="0" type="stmt"/>
        <line num="768" count="0" type="stmt"/>
        <line num="771" count="0" type="stmt"/>
        <line num="772" count="0" type="stmt"/>
        <line num="775" count="0" type="stmt"/>
        <line num="777" count="0" type="stmt"/>
        <line num="778" count="0" type="stmt"/>
        <line num="781" count="0" type="stmt"/>
        <line num="782" count="0" type="stmt"/>
        <line num="784" count="0" type="cond" truecount="0" falsecount="4"/>
        <line num="788" count="0" type="cond" truecount="0" falsecount="3"/>
        <line num="790" count="0" type="stmt"/>
        <line num="805" count="0" type="stmt"/>
        <line num="822" count="0" type="stmt"/>
        <line num="826" count="0" type="cond" truecount="0" falsecount="1"/>
        <line num="827" count="0" type="stmt"/>
        <line num="831" count="0" type="stmt"/>
        <line num="835" count="0" type="cond" truecount="0" falsecount="1"/>
        <line num="836" count="0" type="stmt"/>
        <line num="840" count="0" type="stmt"/>
        <line num="848" count="0" type="stmt"/>
        <line num="857" count="0" type="stmt"/>
        <line num="861" count="0" type="cond" truecount="0" falsecount="1"/>
        <line num="862" count="0" type="stmt"/>
        <line num="866" count="0" type="stmt"/>
        <line num="877" count="0" type="stmt"/>
        <line num="885" count="0" type="stmt"/>
        <line num="892" count="0" type="stmt"/>
        <line num="916" count="0" type="cond" truecount="0" falsecount="1"/>
        <line num="917" count="0" type="stmt"/>
        <line num="920" count="0" type="stmt"/>
      </file>
    </package>
    <package name="src.class-session">
      <metrics statements="510" coveredstatements="163" conditionals="175" coveredconditionals="42" methods="100" coveredmethods="33"/>
      <file name="class-session.controller.ts" path="/Users/junghun/projects/team-elliot/backend/src/class-session/class-session.controller.ts">
        <metrics statements="55" coveredstatements="49" conditionals="18" coveredconditionals="13" methods="22" coveredmethods="16"/>
        <line num="1" count="1" type="stmt"/>
        <line num="13" count="1" type="stmt"/>
        <line num="14" count="1" type="stmt"/>
        <line num="15" count="1" type="stmt"/>
        <line num="16" count="1" type="stmt"/>
        <line num="17" count="1" type="stmt"/>
        <line num="18" count="1" type="stmt"/>
        <line num="19" count="1" type="stmt"/>
        <line num="20" count="1" type="stmt"/>
        <line num="25" count="1" type="stmt"/>
        <line num="30" count="1" type="stmt"/>
        <line num="31" count="17" type="stmt"/>
        <line num="42" count="1" type="stmt"/>
        <line num="52" count="1" type="stmt"/>
        <line num="62" count="1" type="stmt"/>
        <line num="72" count="1" type="stmt"/>
        <line num="86" count="1" type="stmt"/>
        <line num="90" count="1" type="stmt"/>
        <line num="100" count="1" type="stmt"/>
        <line num="108" count="2" type="stmt"/>
        <line num="119" count="2" type="stmt"/>
        <line num="129" count="1" type="stmt"/>
        <line num="134" count="1" type="stmt"/>
        <line num="148" count="1" type="stmt"/>
        <line num="152" count="1" type="stmt"/>
        <line num="165" count="1" type="stmt"/>
        <line num="170" count="2" type="stmt"/>
        <line num="184" count="1" type="stmt"/>
        <line num="185" count="0" type="stmt"/>
        <line num="193" count="1" type="stmt"/>
        <line num="197" count="1" type="stmt"/>
        <line num="203" count="1" type="stmt"/>
        <line num="207" count="1" type="stmt"/>
        <line num="220" count="1" type="stmt"/>
        <line num="224" count="1" type="stmt"/>
        <line num="234" count="1" type="stmt"/>
        <line num="241" count="1" type="stmt"/>
        <line num="251" count="1" type="stmt"/>
        <line num="261" count="1" type="stmt"/>
        <line num="265" count="1" type="stmt"/>
        <line num="273" count="1" type="stmt"/>
        <line num="277" count="1" type="stmt"/>
        <line num="286" count="1" type="stmt"/>
        <line num="290" count="0" type="stmt"/>
        <line num="303" count="1" type="stmt"/>
        <line num="307" count="0" type="stmt"/>
        <line num="308" count="0" type="stmt"/>
        <line num="321" count="1" type="stmt"/>
        <line num="325" count="0" type="stmt"/>
        <line num="338" count="1" type="stmt"/>
        <line num="343" count="1" type="stmt"/>
        <line num="359" count="1" type="stmt"/>
        <line num="363" count="0" type="stmt"/>
        <line num="376" count="1" type="stmt"/>
        <line num="385" count="1" type="stmt"/>
      </file>
      <file name="class-session.module.ts" path="/Users/junghun/projects/team-elliot/backend/src/class-session/class-session.module.ts">
        <metrics statements="6" coveredstatements="0" conditionals="0" coveredconditionals="0" methods="0" coveredmethods="0"/>
        <line num="1" count="0" type="stmt"/>
        <line num="2" count="0" type="stmt"/>
        <line num="3" count="0" type="stmt"/>
        <line num="4" count="0" type="stmt"/>
        <line num="5" count="0" type="stmt"/>
        <line num="13" count="0" type="stmt"/>
      </file>
      <file name="class-session.service.ts" path="/Users/junghun/projects/team-elliot/backend/src/class-session/class-session.service.ts">
        <metrics statements="449" coveredstatements="114" conditionals="157" coveredconditionals="29" methods="78" coveredmethods="17"/>
        <line num="1" count="6" type="stmt"/>
        <line num="7" count="6" type="stmt"/>
        <line num="8" count="6" type="stmt"/>
        <line num="10" count="6" type="stmt"/>
        <line num="18" count="6" type="stmt"/>
        <line num="20" count="16" type="stmt"/>
        <line num="21" count="16" type="stmt"/>
        <line num="37" count="3" type="stmt"/>
        <line num="42" count="3" type="cond" truecount="1" falsecount="0"/>
        <line num="43" count="1" type="stmt"/>
        <line num="47" count="2" type="cond" truecount="1" falsecount="0"/>
        <line num="48" count="1" type="stmt"/>
        <line num="54" count="1" type="stmt"/>
        <line num="74" count="1" type="stmt"/>
        <line num="90" count="2" type="stmt"/>
        <line num="101" count="2" type="cond" truecount="1" falsecount="0"/>
        <line num="102" count="1" type="stmt"/>
        <line num="106" count="1" type="cond" truecount="0" falsecount="1"/>
        <line num="107" count="0" type="stmt"/>
        <line num="110" count="1" type="stmt"/>
        <line num="117" count="1" type="stmt"/>
        <line num="131" count="1" type="stmt"/>
        <line num="139" count="2" type="stmt"/>
        <line num="155" count="2" type="cond" truecount="0" falsecount="1"/>
        <line num="156" count="0" type="stmt"/>
        <line num="160" count="2" type="cond" truecount="0" falsecount="1"/>
        <line num="161" count="0" type="stmt"/>
        <line num="165" count="2" type="cond" truecount="1" falsecount="0"/>
        <line num="166" count="1" type="stmt"/>
        <line num="172" count="1" type="stmt"/>
        <line num="178" count="1" type="stmt"/>
        <line num="182" count="0" type="stmt"/>
        <line num="206" count="0" type="stmt"/>
        <line num="207" count="0" type="stmt"/>
        <line num="210" count="0" type="stmt"/>
        <line num="211" count="0" type="stmt"/>
        <line num="212" count="0" type="stmt"/>
        <line num="214" count="0" type="stmt"/>
        <line num="215" count="0" type="stmt"/>
        <line num="218" count="0" type="stmt"/>
        <line num="219" count="0" type="stmt"/>
        <line num="220" count="0" type="stmt"/>
        <line num="222" count="0" type="cond" truecount="0" falsecount="3"/>
        <line num="228" count="0" type="cond" truecount="0" falsecount="3"/>
        <line num="230" count="0" type="stmt"/>
        <line num="243" count="0" type="stmt"/>
        <line num="252" count="0" type="stmt"/>
        <line num="270" count="0" type="cond" truecount="0" falsecount="4"/>
        <line num="271" count="0" type="stmt"/>
        <line num="278" count="0" type="stmt"/>
        <line num="301" count="0" type="stmt"/>
        <line num="303" count="0" type="stmt"/>
        <line num="305" count="0" type="stmt"/>
        <line num="306" count="0" type="stmt"/>
        <line num="307" count="0" type="stmt"/>
        <line num="308" count="0" type="stmt"/>
        <line num="309" count="0" type="stmt"/>
        <line num="312" count="0" type="stmt"/>
        <line num="313" count="0" type="stmt"/>
        <line num="314" count="0" type="stmt"/>
        <line num="316" count="0" type="cond" truecount="0" falsecount="3"/>
        <line num="322" count="0" type="cond" truecount="0" falsecount="3"/>
        <line num="325" count="0" type="cond" truecount="0" falsecount="2"/>
        <line num="328" count="0" type="cond" truecount="0" falsecount="2"/>
        <line num="330" count="0" type="stmt"/>
        <line num="347" count="0" type="stmt"/>
        <line num="362" count="0" type="stmt"/>
        <line num="380" count="0" type="cond" truecount="0" falsecount="1"/>
        <line num="381" count="0" type="stmt"/>
        <line num="388" count="0" type="stmt"/>
        <line num="389" count="0" type="stmt"/>
        <line num="391" count="0" type="cond" truecount="0" falsecount="3"/>
        <line num="392" count="0" type="stmt"/>
        <line num="398" count="0" type="stmt"/>
        <line num="399" count="0" type="stmt"/>
        <line num="401" count="0" type="stmt"/>
        <line num="402" count="0" type="stmt"/>
        <line num="406" count="0" type="stmt"/>
        <line num="431" count="0" type="stmt"/>
        <line num="449" count="0" type="stmt"/>
        <line num="467" count="0" type="cond" truecount="0" falsecount="1"/>
        <line num="468" count="0" type="stmt"/>
        <line num="475" count="0" type="stmt"/>
        <line num="476" count="0" type="stmt"/>
        <line num="478" count="0" type="cond" truecount="0" falsecount="3"/>
        <line num="479" count="0" type="stmt"/>
        <line num="485" count="0" type="stmt"/>
        <line num="486" count="0" type="stmt"/>
        <line num="488" count="0" type="stmt"/>
        <line num="489" count="0" type="stmt"/>
        <line num="492" count="0" type="stmt"/>
        <line num="495" count="0" type="stmt"/>
        <line num="520" count="0" type="stmt"/>
        <line num="533" count="0" type="stmt"/>
        <line num="535" count="0" type="stmt"/>
        <line num="537" count="0" type="stmt"/>
        <line num="538" count="0" type="stmt"/>
        <line num="539" count="0" type="stmt"/>
        <line num="541" count="0" type="stmt"/>
        <line num="542" count="0" type="stmt"/>
        <line num="545" count="0" type="stmt"/>
        <line num="546" count="0" type="stmt"/>
        <line num="547" count="0" type="stmt"/>
        <line num="549" count="0" type="cond" truecount="0" falsecount="4"/>
        <line num="555" count="0" type="cond" truecount="0" falsecount="3"/>
        <line num="557" count="0" type="stmt"/>
        <line num="572" count="0" type="stmt"/>
        <line num="588" count="0" type="cond" truecount="0" falsecount="1"/>
        <line num="589" count="0" type="stmt"/>
        <line num="592" count="0" type="stmt"/>
        <line num="597" count="2" type="stmt"/>
        <line num="604" count="2" type="cond" truecount="0" falsecount="1"/>
        <line num="605" count="0" type="stmt"/>
        <line num="609" count="2" type="stmt"/>
        <line num="618" count="2" type="cond" truecount="1" falsecount="0"/>
        <line num="620" count="1" type="cond" truecount="1" falsecount="0"/>
        <line num="628" count="1" type="stmt"/>
        <line num="632" count="0" type="stmt"/>
        <line num="659" count="0" type="stmt"/>
        <line num="662" count="1" type="cond" truecount="0" falsecount="1"/>
        <line num="663" count="0" type="stmt"/>
        <line num="666" count="1" type="stmt"/>
        <line num="669" count="1" type="stmt"/>
        <line num="670" count="1" type="stmt"/>
        <line num="671" count="1" type="stmt"/>
        <line num="673" count="1" type="stmt"/>
        <line num="674" count="1" type="stmt"/>
        <line num="676" count="1" type="cond" truecount="0" falsecount="1"/>
        <line num="677" count="0" type="stmt"/>
        <line num="681" count="1" type="stmt"/>
        <line num="704" count="1" type="stmt"/>
        <line num="711" count="1" type="stmt"/>
        <line num="715" count="0" type="stmt"/>
        <line num="716" count="0" type="stmt"/>
        <line num="718" count="0" type="stmt"/>
        <line num="719" count="0" type="stmt"/>
        <line num="720" count="0" type="stmt"/>
        <line num="721" count="0" type="stmt"/>
        <line num="723" count="0" type="stmt"/>
        <line num="724" count="0" type="stmt"/>
        <line num="730" count="0" type="stmt"/>
        <line num="747" count="1" type="stmt"/>
        <line num="763" count="1" type="cond" truecount="0" falsecount="1"/>
        <line num="764" count="0" type="stmt"/>
        <line num="768" count="1" type="cond" truecount="0" falsecount="1"/>
        <line num="769" count="0" type="stmt"/>
        <line num="774" count="1" type="stmt"/>
        <line num="775" count="1" type="stmt"/>
        <line num="778" count="1" type="stmt"/>
        <line num="780" count="1" type="cond" truecount="0" falsecount="1"/>
        <line num="781" count="0" type="stmt"/>
        <line num="785" count="1" type="stmt"/>
        <line num="803" count="1" type="stmt"/>
        <line num="811" count="1" type="stmt"/>
        <line num="813" count="1" type="stmt"/>
        <line num="823" count="0" type="stmt"/>
        <line num="826" count="0" type="stmt"/>
        <line num="843" count="0" type="cond" truecount="0" falsecount="1"/>
        <line num="844" count="0" type="stmt"/>
        <line num="848" count="0" type="stmt"/>
        <line num="849" count="0" type="stmt"/>
        <line num="852" count="0" type="cond" truecount="0" falsecount="1"/>
        <line num="853" count="0" type="stmt"/>
        <line num="859" count="0" type="stmt"/>
        <line num="860" count="0" type="cond" truecount="0" falsecount="1"/>
        <line num="861" count="0" type="stmt"/>
        <line num="864" count="0" type="stmt"/>
        <line num="873" count="0" type="stmt"/>
        <line num="892" count="1" type="stmt"/>
        <line num="932" count="0" type="stmt"/>
        <line num="935" count="0" type="stmt"/>
        <line num="955" count="0" type="cond" truecount="0" falsecount="1"/>
        <line num="958" count="0" type="stmt"/>
        <line num="972" count="1" type="stmt"/>
        <line num="988" count="1" type="cond" truecount="0" falsecount="1"/>
        <line num="989" count="0" type="stmt"/>
        <line num="993" count="1" type="cond" truecount="0" falsecount="1"/>
        <line num="994" count="0" type="stmt"/>
        <line num="1000" count="1" type="stmt"/>
        <line num="1001" count="1" type="stmt"/>
        <line num="1002" count="1" type="stmt"/>
        <line num="1004" count="1" type="cond" truecount="0" falsecount="1"/>
        <line num="1005" count="0" type="stmt"/>
        <line num="1008" count="1" type="stmt"/>
        <line num="1009" count="1" type="stmt"/>
        <line num="1012" count="1" type="stmt"/>
        <line num="1031" count="1" type="stmt"/>
        <line num="1039" count="2" type="stmt"/>
        <line num="1055" count="2" type="cond" truecount="1" falsecount="0"/>
        <line num="1056" count="1" type="stmt"/>
        <line num="1060" count="1" type="cond" truecount="0" falsecount="1"/>
        <line num="1061" count="0" type="stmt"/>
        <line num="1065" count="1" type="cond" truecount="0" falsecount="1"/>
        <line num="1066" count="0" type="stmt"/>
        <line num="1070" count="1" type="stmt"/>
        <line num="1071" count="1" type="stmt"/>
        <line num="1072" count="1" type="cond" truecount="0" falsecount="1"/>
        <line num="1073" count="0" type="stmt"/>
        <line num="1076" count="1" type="stmt"/>
        <line num="1079" count="1" type="stmt"/>
        <line num="1100" count="1" type="cond" truecount="1" falsecount="0"/>
        <line num="1101" count="1" type="stmt"/>
        <line num="1111" count="1" type="stmt"/>
        <line num="1126" count="1" type="stmt"/>
        <line num="1161" count="0" type="stmt"/>
        <line num="1172" count="0" type="cond" truecount="0" falsecount="1"/>
        <line num="1173" count="0" type="stmt"/>
        <line num="1177" count="0" type="cond" truecount="0" falsecount="1"/>
        <line num="1178" count="0" type="stmt"/>
        <line num="1184" count="0" type="stmt"/>
        <line num="1221" count="0" type="stmt"/>
        <line num="1236" count="0" type="stmt"/>
        <line num="1237" count="0" type="stmt"/>
        <line num="1238" count="0" type="stmt"/>
        <line num="1239" count="0" type="stmt"/>
        <line num="1240" count="0" type="stmt"/>
        <line num="1241" count="0" type="stmt"/>
        <line num="1256" count="0" type="stmt"/>
        <line num="1269" count="0" type="stmt"/>
        <line num="1294" count="0" type="stmt"/>
        <line num="1302" count="0" type="stmt"/>
        <line num="1316" count="1" type="stmt"/>
        <line num="1332" count="1" type="cond" truecount="0" falsecount="1"/>
        <line num="1333" count="0" type="stmt"/>
        <line num="1337" count="1" type="cond" truecount="0" falsecount="1"/>
        <line num="1338" count="0" type="stmt"/>
        <line num="1342" count="1" type="stmt"/>
        <line num="1353" count="1" type="cond" truecount="0" falsecount="1"/>
        <line num="1354" count="0" type="stmt"/>
        <line num="1359" count="1" type="stmt"/>
        <line num="1368" count="1" type="cond" truecount="0" falsecount="1"/>
        <line num="1369" count="0" type="stmt"/>
        <line num="1375" count="1" type="stmt"/>
        <line num="1376" count="1" type="stmt"/>
        <line num="1379" count="1" type="cond" truecount="0" falsecount="1"/>
        <line num="1380" count="0" type="stmt"/>
        <line num="1386" count="1" type="stmt"/>
        <line num="1387" count="1" type="cond" truecount="0" falsecount="1"/>
        <line num="1388" count="0" type="stmt"/>
        <line num="1394" count="1" type="stmt"/>
        <line num="1396" count="1" type="stmt"/>
        <line num="1417" count="1" type="stmt"/>
        <line num="1437" count="1" type="stmt"/>
        <line num="1445" count="1" type="stmt"/>
        <line num="1457" count="0" type="stmt"/>
        <line num="1477" count="0" type="stmt"/>
        <line num="1478" count="0" type="stmt"/>
        <line num="1480" count="0" type="stmt"/>
        <line num="1505" count="0" type="stmt"/>
        <line num="1524" count="0" type="stmt"/>
        <line num="1527" count="0" type="stmt"/>
        <line num="1533" count="0" type="stmt"/>
        <line num="1534" count="0" type="stmt"/>
        <line num="1535" count="0" type="stmt"/>
        <line num="1538" count="0" type="stmt"/>
        <line num="1539" count="0" type="stmt"/>
        <line num="1555" count="0" type="cond" truecount="0" falsecount="1"/>
        <line num="1556" count="0" type="stmt"/>
        <line num="1561" count="0" type="cond" truecount="0" falsecount="1"/>
        <line num="1562" count="0" type="stmt"/>
        <line num="1568" count="0" type="stmt"/>
        <line num="1571" count="0" type="stmt"/>
        <line num="1572" count="0" type="stmt"/>
        <line num="1575" count="0" type="stmt"/>
        <line num="1577" count="0" type="stmt"/>
        <line num="1578" count="0" type="stmt"/>
        <line num="1580" count="0" type="cond" truecount="0" falsecount="1"/>
        <line num="1581" count="0" type="stmt"/>
        <line num="1586" count="0" type="stmt"/>
        <line num="1606" count="0" type="stmt"/>
        <line num="1610" count="0" type="stmt"/>
        <line num="1612" count="0" type="stmt"/>
        <line num="1621" count="0" type="cond" truecount="0" falsecount="1"/>
        <line num="1623" count="0" type="cond" truecount="0" falsecount="1"/>
        <line num="1628" count="0" type="stmt"/>
        <line num="1634" count="0" type="stmt"/>
        <line num="1661" count="0" type="stmt"/>
        <line num="1662" count="0" type="stmt"/>
        <line num="1666" count="0" type="stmt"/>
        <line num="1677" count="0" type="cond" truecount="0" falsecount="1"/>
        <line num="1678" count="0" type="stmt"/>
        <line num="1684" count="0" type="stmt"/>
        <line num="1687" count="0" type="stmt"/>
        <line num="1688" count="0" type="stmt"/>
        <line num="1691" count="0" type="stmt"/>
        <line num="1693" count="0" type="stmt"/>
        <line num="1694" count="0" type="stmt"/>
        <line num="1696" count="0" type="cond" truecount="0" falsecount="1"/>
        <line num="1697" count="0" type="stmt"/>
        <line num="1702" count="0" type="stmt"/>
        <line num="1722" count="0" type="stmt"/>
        <line num="1725" count="0" type="stmt"/>
        <line num="1732" count="0" type="stmt"/>
        <line num="1733" count="0" type="cond" truecount="0" falsecount="1"/>
        <line num="1734" count="0" type="stmt"/>
        <line num="1745" count="0" type="stmt"/>
        <line num="1753" count="1" type="cond" truecount="1" falsecount="0"/>
        <line num="1754" count="1" type="stmt"/>
        <line num="1755" count="0" type="cond" truecount="0" falsecount="1"/>
        <line num="1756" count="0" type="stmt"/>
        <line num="1757" count="0" type="cond" truecount="0" falsecount="1"/>
        <line num="1758" count="0" type="stmt"/>
        <line num="1764" count="0" type="cond" truecount="0" falsecount="1"/>
        <line num="1765" count="0" type="stmt"/>
        <line num="1766" count="0" type="cond" truecount="0" falsecount="1"/>
        <line num="1767" count="0" type="stmt"/>
        <line num="1768" count="0" type="stmt"/>
        <line num="1775" count="0" type="stmt"/>
        <line num="1785" count="0" type="cond" truecount="0" falsecount="4"/>
        <line num="1792" count="1" type="stmt"/>
        <line num="1806" count="0" type="stmt"/>
        <line num="1826" count="2" type="stmt"/>
        <line num="1827" count="2" type="cond" truecount="1" falsecount="1"/>
        <line num="1828" count="2" type="stmt"/>
        <line num="1832" count="2" type="cond" truecount="2" falsecount="0"/>
        <line num="1835" count="0" type="stmt"/>
        <line num="1839" count="2" type="stmt"/>
        <line num="1842" count="2" type="cond" truecount="4" falsecount="0"/>
        <line num="1844" count="1" type="stmt"/>
        <line num="1845" count="1" type="cond" truecount="1" falsecount="0"/>
        <line num="1846" count="1" type="stmt"/>
        <line num="1848" count="1" type="cond" truecount="1" falsecount="2"/>
        <line num="1850" count="0" type="stmt"/>
        <line num="1851" count="0" type="cond" truecount="0" falsecount="1"/>
        <line num="1852" count="0" type="stmt"/>
        <line num="1862" count="2" type="cond" truecount="2" falsecount="0"/>
        <line num="1872" count="1" type="stmt"/>
        <line num="1886" count="0" type="stmt"/>
        <line num="1899" count="0" type="stmt"/>
        <line num="1910" count="0" type="cond" truecount="0" falsecount="1"/>
        <line num="1911" count="0" type="stmt"/>
        <line num="1914" count="0" type="cond" truecount="0" falsecount="1"/>
        <line num="1915" count="0" type="stmt"/>
        <line num="1921" count="0" type="stmt"/>
        <line num="1940" count="0" type="stmt"/>
        <line num="1945" count="0" type="stmt"/>
        <line num="1956" count="0" type="cond" truecount="0" falsecount="1"/>
        <line num="1957" count="0" type="stmt"/>
        <line num="1960" count="0" type="cond" truecount="0" falsecount="1"/>
        <line num="1961" count="0" type="stmt"/>
        <line num="1967" count="0" type="stmt"/>
        <line num="1994" count="0" type="stmt"/>
        <line num="1999" count="0" type="stmt"/>
        <line num="2015" count="0" type="cond" truecount="0" falsecount="1"/>
        <line num="2016" count="0" type="stmt"/>
        <line num="2020" count="0" type="cond" truecount="0" falsecount="1"/>
        <line num="2021" count="0" type="stmt"/>
        <line num="2025" count="0" type="cond" truecount="0" falsecount="1"/>
        <line num="2026" count="0" type="stmt"/>
        <line num="2032" count="0" type="stmt"/>
        <line num="2048" count="0" type="stmt"/>
        <line num="2058" count="0" type="stmt"/>
        <line num="2063" count="0" type="stmt"/>
        <line num="2072" count="0" type="stmt"/>
        <line num="2088" count="0" type="cond" truecount="0" falsecount="1"/>
        <line num="2089" count="0" type="stmt"/>
        <line num="2093" count="0" type="cond" truecount="0" falsecount="1"/>
        <line num="2094" count="0" type="stmt"/>
        <line num="2098" count="0" type="cond" truecount="0" falsecount="1"/>
        <line num="2099" count="0" type="stmt"/>
        <line num="2105" count="0" type="stmt"/>
        <line num="2107" count="0" type="stmt"/>
        <line num="2124" count="0" type="stmt"/>
        <line num="2135" count="0" type="stmt"/>
        <line num="2141" count="0" type="stmt"/>
        <line num="2143" count="0" type="stmt"/>
        <line num="2148" count="0" type="stmt"/>
        <line num="2153" count="0" type="cond" truecount="0" falsecount="1"/>
        <line num="2154" count="0" type="stmt"/>
        <line num="2157" count="0" type="stmt"/>
        <line num="2194" count="0" type="stmt"/>
        <line num="2199" count="0" type="stmt"/>
        <line num="2223" count="0" type="cond" truecount="0" falsecount="1"/>
        <line num="2224" count="0" type="stmt"/>
        <line num="2228" count="0" type="stmt"/>
        <line num="2229" count="0" type="stmt"/>
        <line num="2232" count="0" type="stmt"/>
        <line num="2233" count="0" type="stmt"/>
        <line num="2234" count="0" type="stmt"/>
        <line num="2236" count="0" type="stmt"/>
        <line num="2237" count="0" type="stmt"/>
        <line num="2240" count="0" type="stmt"/>
        <line num="2241" count="0" type="stmt"/>
        <line num="2242" count="0" type="stmt"/>
        <line num="2245" count="0" type="stmt"/>
        <line num="2250" count="0" type="cond" truecount="0" falsecount="1"/>
        <line num="2252" count="0" type="stmt"/>
        <line num="2253" count="0" type="stmt"/>
        <line num="2254" count="0" type="stmt"/>
        <line num="2257" count="0" type="stmt"/>
        <line num="2278" count="0" type="stmt"/>
        <line num="2284" count="0" type="stmt"/>
        <line num="2301" count="0" type="cond" truecount="0" falsecount="1"/>
        <line num="2302" count="0" type="stmt"/>
        <line num="2306" count="0" type="stmt"/>
        <line num="2307" count="0" type="stmt"/>
        <line num="2310" count="0" type="cond" truecount="0" falsecount="1"/>
        <line num="2311" count="0" type="stmt"/>
        <line num="2315" count="0" type="stmt"/>
        <line num="2339" count="0" type="stmt"/>
        <line num="2341" count="0" type="cond" truecount="0" falsecount="2"/>
        <line num="2342" count="0" type="stmt"/>
        <line num="2347" count="0" type="stmt"/>
        <line num="2356" count="0" type="stmt"/>
        <line num="2361" count="0" type="cond" truecount="0" falsecount="1"/>
        <line num="2362" count="0" type="stmt"/>
        <line num="2365" count="0" type="stmt"/>
        <line num="2398" count="0" type="stmt"/>
        <line num="2416" count="0" type="stmt"/>
        <line num="2421" count="0" type="cond" truecount="0" falsecount="1"/>
        <line num="2422" count="0" type="stmt"/>
        <line num="2426" count="0" type="stmt"/>
        <line num="2435" count="0" type="cond" truecount="0" falsecount="1"/>
        <line num="2436" count="0" type="stmt"/>
        <line num="2439" count="0" type="stmt"/>
        <line num="2469" count="0" type="stmt"/>
        <line num="2477" count="0" type="stmt"/>
        <line num="2482" count="0" type="cond" truecount="0" falsecount="1"/>
        <line num="2483" count="0" type="stmt"/>
        <line num="2487" count="0" type="stmt"/>
        <line num="2505" count="0" type="cond" truecount="0" falsecount="1"/>
        <line num="2506" count="0" type="stmt"/>
        <line num="2509" count="0" type="cond" truecount="0" falsecount="1"/>
        <line num="2510" count="0" type="stmt"/>
        <line num="2514" count="0" type="stmt"/>
        <line num="2528" count="0" type="stmt"/>
        <line num="2536" count="0" type="stmt"/>
        <line num="2537" count="0" type="stmt"/>
        <line num="2543" count="0" type="stmt"/>
        <line num="2546" count="0" type="stmt"/>
        <line num="2555" count="0" type="stmt"/>
        <line num="2560" count="0" type="cond" truecount="0" falsecount="1"/>
        <line num="2561" count="0" type="stmt"/>
        <line num="2565" count="0" type="stmt"/>
        <line num="2576" count="0" type="cond" truecount="0" falsecount="1"/>
        <line num="2577" count="0" type="stmt"/>
        <line num="2580" count="0" type="cond" truecount="0" falsecount="1"/>
        <line num="2581" count="0" type="stmt"/>
        <line num="2585" count="0" type="stmt"/>
        <line num="2589" count="0" type="cond" truecount="0" falsecount="1"/>
        <line num="2591" count="0" type="stmt"/>
        <line num="2602" count="0" type="stmt"/>
        <line num="2604" count="0" type="stmt"/>
        <line num="2620" count="0" type="stmt"/>
        <line num="2631" count="0" type="stmt"/>
        <line num="2635" count="0" type="stmt"/>
        <line num="2636" count="0" type="stmt"/>
        <line num="2638" count="0" type="stmt"/>
        <line num="2641" count="0" type="stmt"/>
      </file>
    </package>
    <package name="src.class-session.dto">
      <metrics statements="25" coveredstatements="25" conditionals="2" coveredconditionals="2" methods="1" coveredmethods="1"/>
      <file name="change-enrollment.dto.ts" path="/Users/junghun/projects/team-elliot/backend/src/class-session/dto/change-enrollment.dto.ts">
        <metrics statements="5" coveredstatements="5" conditionals="0" coveredconditionals="0" methods="0" coveredmethods="0"/>
        <line num="1" count="1" type="stmt"/>
        <line num="2" count="1" type="stmt"/>
        <line num="4" count="1" type="stmt"/>
        <line num="10" count="1" type="stmt"/>
        <line num="19" count="1" type="stmt"/>
      </file>
      <file name="update-enrollment-status.dto.ts" path="/Users/junghun/projects/team-elliot/backend/src/class-session/dto/update-enrollment-status.dto.ts">
        <metrics statements="20" coveredstatements="20" conditionals="2" coveredconditionals="2" methods="1" coveredmethods="1"/>
        <line num="1" count="6" type="stmt"/>
        <line num="2" count="6" type="stmt"/>
        <line num="4" count="6" type="cond" truecount="2" falsecount="0"/>
        <line num="5" count="6" type="stmt"/>
        <line num="6" count="6" type="stmt"/>
        <line num="7" count="6" type="stmt"/>
        <line num="8" count="6" type="stmt"/>
        <line num="9" count="6" type="stmt"/>
        <line num="10" count="6" type="stmt"/>
        <line num="11" count="6" type="stmt"/>
        <line num="12" count="6" type="stmt"/>
        <line num="13" count="6" type="stmt"/>
        <line num="14" count="6" type="stmt"/>
        <line num="17" count="6" type="stmt"/>
        <line num="24" count="6" type="stmt"/>
        <line num="33" count="6" type="stmt"/>
        <line num="36" count="6" type="stmt"/>
        <line num="41" count="6" type="stmt"/>
        <line num="49" count="6" type="stmt"/>
        <line num="58" count="6" type="stmt"/>
      </file>
    </package>
    <package name="src.class.dto">
      <metrics statements="9" coveredstatements="9" conditionals="2" coveredconditionals="2" methods="1" coveredmethods="1"/>
      <file name="update-class-status.dto.ts" path="/Users/junghun/projects/team-elliot/backend/src/class/dto/update-class-status.dto.ts">
        <metrics statements="9" coveredstatements="9" conditionals="2" coveredconditionals="2" methods="1" coveredmethods="1"/>
        <line num="1" count="1" type="stmt"/>
        <line num="2" count="1" type="stmt"/>
        <line num="4" count="1" type="cond" truecount="2" falsecount="0"/>
        <line num="5" count="1" type="stmt"/>
        <line num="6" count="1" type="stmt"/>
        <line num="7" count="1" type="stmt"/>
        <line num="10" count="1" type="stmt"/>
        <line num="17" count="1" type="stmt"/>
        <line num="26" count="1" type="stmt"/>
      </file>
    </package>
    <package name="src.config">
      <metrics statements="16" coveredstatements="8" conditionals="1" coveredconditionals="0" methods="5" coveredmethods="0"/>
      <file name="multer.config.ts" path="/Users/junghun/projects/team-elliot/backend/src/config/multer.config.ts">
        <metrics statements="16" coveredstatements="8" conditionals="1" coveredconditionals="0" methods="5" coveredmethods="0"/>
        <line num="2" count="3" type="stmt"/>
        <line num="3" count="3" type="stmt"/>
        <line num="6" count="3" type="stmt"/>
        <line num="7" count="0" type="cond" truecount="0" falsecount="1"/>
        <line num="8" count="0" type="stmt"/>
        <line num="10" count="0" type="stmt"/>
        <line num="14" count="3" type="stmt"/>
        <line num="15" count="0" type="stmt"/>
        <line num="16" count="0" type="stmt"/>
        <line num="20" count="3" type="stmt"/>
        <line num="24" count="0" type="stmt"/>
        <line num="34" count="3" type="stmt"/>
        <line num="38" count="0" type="stmt"/>
        <line num="48" count="3" type="stmt"/>
        <line num="52" count="0" type="stmt"/>
        <line num="62" count="3" type="stmt"/>
      </file>
    </package>
    <package name="src.payment">
      <metrics statements="51" coveredstatements="46" conditionals="7" coveredconditionals="7" methods="12" coveredmethods="12"/>
      <file name="payment.controller.ts" path="/Users/junghun/projects/team-elliot/backend/src/payment/payment.controller.ts">
        <metrics statements="21" coveredstatements="21" conditionals="0" coveredconditionals="0" methods="6" coveredmethods="6"/>
        <line num="1" count="1" type="stmt"/>
        <line num="12" count="1" type="stmt"/>
        <line num="13" count="1" type="stmt"/>
        <line num="14" count="1" type="stmt"/>
        <line num="15" count="1" type="stmt"/>
        <line num="16" count="1" type="stmt"/>
[...]
        <line num="403" count="0" type="stmt"/>
        <line num="406" count="0" type="stmt"/>
        <line num="409" count="0" type="stmt"/>
        <line num="421" count="0" type="stmt"/>
        <line num="423" count="0" type="stmt"/>
        <line num="425" count="0" type="stmt"/>
        <line num="433" count="0" type="cond" truecount="0" falsecount="1"/>
        <line num="434" count="0" type="stmt"/>
        <line num="438" count="0" type="cond" truecount="0" falsecount="1"/>
        <line num="439" count="0" type="stmt"/>
        <line num="440" count="0" type="stmt"/>
        <line num="444" count="0" type="stmt"/>
        <line num="447" count="0" type="stmt"/>
      </file>
    </package>
    <package name="src.student">
      <metrics statements="159" coveredstatements="69" conditionals="44" coveredconditionals="5" methods="39" coveredmethods="16"/>
      <file name="student.controller.ts" path="/Users/junghun/projects/team-elliot/backend/src/student/student.controller.ts">
        <metrics statements="31" coveredstatements="25" conditionals="0" coveredconditionals="0" methods="11" coveredmethods="5"/>
        <line num="1" count="1" type="stmt"/>
        <line num="13" count="1" type="stmt"/>
        <line num="14" count="1" type="stmt"/>
        <line num="15" count="1" type="stmt"/>
        <line num="16" count="1" type="stmt"/>
        <line num="17" count="1" type="stmt"/>
        <line num="18" count="1" type="stmt"/>
        <line num="19" count="1" type="stmt"/>
        <line num="20" count="1" type="stmt"/>
        <line num="25" count="1" type="stmt"/>
        <line num="26" count="7" type="stmt"/>
        <line num="29" count="1" type="stmt"/>
        <line num="30" count="1" type="stmt"/>
        <line num="34" count="1" type="stmt"/>
        <line num="35" count="2" type="stmt"/>
        <line num="39" count="1" type="stmt"/>
        <line num="40" count="2" type="stmt"/>
        <line num="44" count="1" type="stmt"/>
        <line num="45" count="2" type="stmt"/>
        <line num="49" count="1" type="stmt"/>
        <line num="50" count="0" type="stmt"/>
        <line num="54" count="1" type="stmt"/>
        <line num="58" count="0" type="stmt"/>
        <line num="62" count="1" type="stmt"/>
        <line num="63" count="0" type="stmt"/>
        <line num="67" count="1" type="stmt"/>
        <line num="68" count="0" type="stmt"/>
        <line num="78" count="1" type="stmt"/>
        <line num="82" count="0" type="stmt"/>
        <line num="96" count="1" type="stmt"/>
        <line num="100" count="0" type="stmt"/>
      </file>
      <file name="student.module.ts" path="/Users/junghun/projects/team-elliot/backend/src/student/student.module.ts">
        <metrics statements="7" coveredstatements="0" conditionals="0" coveredconditionals="0" methods="0" coveredmethods="0"/>
        <line num="1" count="0" type="stmt"/>
        <line num="2" count="0" type="stmt"/>
        <line num="3" count="0" type="stmt"/>
        <line num="4" count="0" type="stmt"/>
        <line num="5" count="0" type="stmt"/>
        <line num="6" count="0" type="stmt"/>
        <line num="14" count="0" type="stmt"/>
      </file>
      <file name="student.service.ts" path="/Users/junghun/projects/team-elliot/backend/src/student/student.service.ts">
        <metrics statements="121" coveredstatements="44" conditionals="44" coveredconditionals="5" methods="28" coveredmethods="11"/>
        <line num="1" count="4" type="stmt"/>
        <line num="8" count="4" type="stmt"/>
        <line num="9" count="4" type="stmt"/>
        <line num="10" count="4" type="stmt"/>
        <line num="16" count="4" type="stmt"/>
        <line num="18" count="6" type="stmt"/>
        <line num="19" count="6" type="stmt"/>
        <line num="20" count="6" type="stmt"/>
        <line num="24" count="2" type="stmt"/>
        <line num="62" count="2" type="cond" truecount="1" falsecount="0"/>
        <line num="63" count="1" type="stmt"/>
        <line num="67" count="1" type="stmt"/>
        <line num="74" count="1" type="stmt"/>
        <line num="75" count="2" type="stmt"/>
        <line num="79" count="1" type="stmt"/>
        <line num="80" count="2" type="stmt"/>
        <line num="83" count="1" type="stmt"/>
        <line num="84" count="2" type="stmt"/>
        <line num="85" count="3" type="stmt"/>
        <line num="87" count="2" type="stmt"/>
        <line num="91" count="1" type="stmt"/>
        <line num="92" count="1" type="stmt"/>
        <line num="95" count="1" type="stmt"/>
        <line num="98" count="1" type="stmt"/>
        <line num="105" count="1" type="stmt"/>
        <line num="106" count="1" type="cond" truecount="1" falsecount="0"/>
        <line num="107" count="1" type="stmt"/>
        <line num="110" count="2" type="stmt"/>
        <line num="111" count="2" type="stmt"/>
        <line num="118" count="1" type="stmt"/>
        <line num="119" count="1" type="cond" truecount="2" falsecount="1"/>
        <line num="121" count="0" type="stmt"/>
        <line num="129" count="1" type="stmt"/>
        <line num="134" count="1" type="stmt"/>
        <line num="136" count="2" type="stmt"/>
        <line num="137" count="2" type="stmt"/>
        <line num="140" count="2" type="stmt"/>
        <line num="142" count="0" type="stmt"/>
        <line num="149" count="1" type="stmt"/>
        <line num="154" count="1" type="stmt"/>
        <line num="162" count="2" type="stmt"/>
        <line num="177" count="2" type="cond" truecount="1" falsecount="0"/>
        <line num="178" count="1" type="stmt"/>
        <line num="181" count="1" type="stmt"/>
        <line num="185" count="1" type="stmt"/>
        <line num="189" count="1" type="stmt"/>
        <line num="194" count="0" type="stmt"/>
        <line num="198" count="0" type="stmt"/>
        <line num="202" count="0" type="stmt"/>
        <line num="213" count="0" type="stmt"/>
        <line num="220" count="0" type="stmt"/>
        <line num="236" count="0" type="cond" truecount="0" falsecount="1"/>
        <line num="237" count="0" type="stmt"/>
        <line num="240" count="0" type="stmt"/>
        <line num="255" count="0" type="stmt"/>
        <line num="259" count="0" type="cond" truecount="0" falsecount="1"/>
        <line num="260" count="0" type="stmt"/>
        <line num="264" count="0" type="stmt"/>
        <line num="277" count="0" type="stmt"/>
        <line num="294" count="0" type="stmt"/>
        <line num="312" count="0" type="stmt"/>
        <line num="347" count="0" type="stmt"/>
        <line num="350" count="0" type="stmt"/>
        <line num="351" count="0" type="cond" truecount="0" falsecount="1"/>
        <line num="352" count="0" type="stmt"/>
        <line num="370" count="0" type="stmt"/>
        <line num="371" count="0" type="cond" truecount="0" falsecount="3"/>
        <line num="372" count="0" type="stmt"/>
        <line num="373" count="0" type="cond" truecount="0" falsecount="1"/>
        <line num="374" count="0" type="stmt"/>
        <line num="392" count="0" type="stmt"/>
        <line num="420" count="0" type="stmt"/>
        <line num="427" count="0" type="stmt"/>
        <line num="431" count="0" type="cond" truecount="0" falsecount="1"/>
        <line num="432" count="0" type="stmt"/>
        <line num="436" count="0" type="stmt"/>
        <line num="469" count="0" type="stmt"/>
        <line num="471" count="0" type="stmt"/>
        <line num="472" count="0" type="cond" truecount="0" falsecount="1"/>
        <line num="473" count="0" type="stmt"/>
        <line num="490" count="0" type="stmt"/>
        <line num="510" count="0" type="stmt"/>
        <line num="516" count="0" type="stmt"/>
        <line num="539" count="0" type="cond" truecount="0" falsecount="1"/>
        <line num="540" count="0" type="stmt"/>
        <line num="544" count="0" type="stmt"/>
        <line num="553" count="0" type="cond" truecount="0" falsecount="1"/>
        <line num="554" count="0" type="stmt"/>
        <line num="558" count="0" type="stmt"/>
        <line num="559" count="0" type="stmt"/>
        <line num="561" count="0" type="cond" truecount="0" falsecount="1"/>
        <line num="562" count="0" type="stmt"/>
        <line num="566" count="0" type="stmt"/>
        <line num="575" count="0" type="cond" truecount="0" falsecount="1"/>
        <line num="576" count="0" type="stmt"/>
        <line num="580" count="0" type="stmt"/>
        <line num="598" count="0" type="stmt"/>
        <line num="625" count="0" type="cond" truecount="0" falsecount="1"/>
        <line num="626" count="0" type="stmt"/>
        <line num="630" count="0" type="stmt"/>
        <line num="632" count="0" type="stmt"/>
        <line num="633" count="0" type="stmt"/>
        <line num="635" count="0" type="stmt"/>
        <line num="643" count="0" type="stmt"/>
        <line num="654" count="0" type="stmt"/>
        <line num="659" count="0" type="stmt"/>
        <line num="664" count="0" type="cond" truecount="0" falsecount="1"/>
        <line num="665" count="0" type="stmt"/>
        <line num="669" count="0" type="stmt"/>
        <line num="676" count="0" type="cond" truecount="0" falsecount="1"/>
        <line num="677" count="0" type="stmt"/>
        <line num="681" count="0" type="stmt"/>
        <line num="685" count="0" type="stmt"/>
        <line num="693" count="0" type="stmt"/>
        <line num="698" count="0" type="cond" truecount="0" falsecount="1"/>
        <line num="699" count="0" type="stmt"/>
        <line num="703" count="0" type="stmt"/>
        <line num="710" count="0" type="cond" truecount="0" falsecount="1"/>
        <line num="711" count="0" type="stmt"/>
        <line num="715" count="0" type="stmt"/>
        <line num="745" count="0" type="stmt"/>
      </file>
    </package>
    <package name="src.student.dto">
      <metrics statements="16" coveredstatements="8" conditionals="0" coveredconditionals="0" methods="0" coveredmethods="0"/>
      <file name="index.ts" path="/Users/junghun/projects/team-elliot/backend/src/student/dto/index.ts">
        <metrics statements="2" coveredstatements="0" conditionals="0" coveredconditionals="0" methods="0" coveredmethods="0"/>
        <line num="1" count="0" type="stmt"/>
        <line num="2" count="0" type="stmt"/>
      </file>
      <file name="join-academy.dto.ts" path="/Users/junghun/projects/team-elliot/backend/src/student/dto/join-academy.dto.ts">
        <metrics statements="3" coveredstatements="0" conditionals="0" coveredconditionals="0" methods="0" coveredmethods="0"/>
        <line num="1" count="0" type="stmt"/>
        <line num="3" count="0" type="stmt"/>
        <line num="6" count="0" type="stmt"/>
      </file>
      <file name="leave-academy.dto.ts" path="/Users/junghun/projects/team-elliot/backend/src/student/dto/leave-academy.dto.ts">
        <metrics statements="3" coveredstatements="0" conditionals="0" coveredconditionals="0" methods="0" coveredmethods="0"/>
        <line num="1" count="0" type="stmt"/>
        <line num="3" count="0" type="stmt"/>
        <line num="6" count="0" type="stmt"/>
      </file>
      <file name="update-profile.dto.ts" path="/Users/junghun/projects/team-elliot/backend/src/student/dto/update-profile.dto.ts">
        <metrics statements="8" coveredstatements="8" conditionals="0" coveredconditionals="0" methods="0" coveredmethods="0"/>
        <line num="1" count="1" type="stmt"/>
        <line num="3" count="1" type="stmt"/>
        <line num="6" count="1" type="stmt"/>
        <line num="10" count="1" type="stmt"/>
        <line num="14" count="1" type="stmt"/>
        <line num="18" count="1" type="stmt"/>
        <line num="22" count="1" type="stmt"/>
        <line num="26" count="1" type="stmt"/>
      </file>
    </package>
    <package name="src.teacher">
      <metrics statements="142" coveredstatements="61" conditionals="33" coveredconditionals="12" methods="46" coveredmethods="18"/>
      <file name="teacher.controller.ts" path="/Users/junghun/projects/team-elliot/backend/src/teacher/teacher.controller.ts">
        <metrics statements="35" coveredstatements="35" conditionals="0" coveredconditionals="0" methods="12" coveredmethods="12"/>
        <line num="1" count="1" type="stmt"/>
        <line num="11" count="1" type="stmt"/>
        <line num="12" count="1" type="stmt"/>
        <line num="13" count="1" type="stmt"/>
        <line num="14" count="1" type="stmt"/>
        <line num="15" count="1" type="stmt"/>
        <line num="16" count="1" type="stmt"/>
        <line num="17" count="1" type="stmt"/>
        <line num="18" count="1" type="stmt"/>
        <line num="22" count="1" type="stmt"/>
        <line num="23" count="1" type="stmt"/>
        <line num="28" count="1" type="stmt"/>
        <line num="29" count="11" type="stmt"/>
        <line num="35" count="1" type="stmt"/>
        <line num="40" count="1" type="stmt"/>
        <line num="47" count="1" type="stmt"/>
        <line num="51" count="1" type="stmt"/>
        <line num="59" count="1" type="stmt"/>
        <line num="60" count="1" type="stmt"/>
        <line num="65" count="1" type="stmt"/>
        <line num="66" count="1" type="stmt"/>
        <line num="72" count="1" type="stmt"/>
        <line num="76" count="1" type="stmt"/>
        <line num="81" count="1" type="stmt"/>
        <line num="82" count="1" type="stmt"/>
        <line num="87" count="1" type="stmt"/>
        <line num="88" count="1" type="stmt"/>
        <line num="93" count="1" type="stmt"/>
        <line num="94" count="1" type="stmt"/>
        <line num="105" count="1" type="stmt"/>
        <line num="106" count="1" type="stmt"/>
        <line num="114" count="1" type="stmt"/>
        <line num="115" count="1" type="stmt"/>
        <line num="123" count="1" type="stmt"/>
        <line num="124" count="1" type="stmt"/>
      </file>
      <file name="teacher.module.ts" path="/Users/junghun/projects/team-elliot/backend/src/teacher/teacher.module.ts">
        <metrics statements="7" coveredstatements="0" conditionals="0" coveredconditionals="0" methods="0" coveredmethods="0"/>
        <line num="1" count="0" type="stmt"/>
        <line num="2" count="0" type="stmt"/>
        <line num="3" count="0" type="stmt"/>
        <line num="4" count="0" type="stmt"/>
        <line num="5" count="0" type="stmt"/>
        <line num="6" count="0" type="stmt"/>
        <line num="14" count="0" type="stmt"/>
      </file>
      <file name="teacher.service.ts" path="/Users/junghun/projects/team-elliot/backend/src/teacher/teacher.service.ts">
        <metrics statements="100" coveredstatements="26" conditionals="33" coveredconditionals="12" methods="34" coveredmethods="6"/>
        <line num="1" count="4" type="stmt"/>
        <line num="8" count="4" type="stmt"/>
        <line num="9" count="4" type="stmt"/>
        <line num="10" count="4" type="stmt"/>
        <line num="15" count="4" type="stmt"/>
        <line num="17" count="7" type="stmt"/>
        <line num="18" count="7" type="stmt"/>
        <line num="19" count="7" type="stmt"/>
        <line num="27" count="0" type="stmt"/>
        <line num="31" count="2" type="stmt"/>
        <line num="56" count="2" type="cond" truecount="1" falsecount="0"/>
        <line num="57" count="1" type="stmt"/>
        <line num="60" count="1" type="stmt"/>
        <line num="97" count="2" type="stmt"/>
        <line num="101" count="2" type="cond" truecount="1" falsecount="0"/>
        <line num="102" count="1" type="stmt"/>
        <line num="105" count="1" type="stmt"/>
        <line num="134" count="1" type="stmt"/>
        <line num="159" count="1" type="stmt"/>
        <line num="163" count="1" type="cond" truecount="0" falsecount="1"/>
        <line num="164" count="0" type="stmt"/>
        <line num="167" count="1" type="stmt"/>
        <line num="169" count="1" type="stmt"/>
        <line num="198" count="1" type="stmt"/>
        <line num="223" count="2" type="stmt"/>
        <line num="243" count="2" type="cond" truecount="1" falsecount="0"/>
        <line num="244" count="1" type="stmt"/>
        <line num="248" count="2" type="stmt"/>
        <line num="266" count="0" type="stmt"/>
        <line num="307" count="0" type="cond" truecount="0" falsecount="1"/>
        <line num="308" count="0" type="stmt"/>
        <line num="312" count="0" type="stmt"/>
        <line num="313" count="0" type="stmt"/>
        <line num="316" count="0" type="stmt"/>
        <line num="319" count="0" type="stmt"/>
        <line num="326" count="0" type="stmt"/>
        <line num="327" count="0" type="stmt"/>
        <line num="329" count="0" type="stmt"/>
        <line num="330" count="0" type="cond" truecount="0" falsecount="1"/>
        <line num="331" count="0" type="stmt"/>
        <line num="334" count="0" type="stmt"/>
        <line num="335" count="0" type="stmt"/>
        <line num="342" count="0" type="stmt"/>
        <line num="343" count="0" type="cond" truecount="0" falsecount="3"/>
        <line num="345" count="0" type="stmt"/>
        <line num="353" count="0" type="stmt"/>
        <line num="358" count="0" type="stmt"/>
        <line num="359" count="0" type="stmt"/>
        <line num="360" count="0" type="stmt"/>
        <line num="361" count="0" type="stmt"/>
        <line num="364" count="0" type="stmt"/>
        <line num="368" count="0" type="stmt"/>
        <line num="374" count="0" type="stmt"/>
        <line num="392" count="0" type="stmt"/>
        <line num="393" count="0" type="stmt"/>
        <line num="396" count="0" type="stmt"/>
        <line num="397" count="0" type="stmt"/>
        <line num="400" count="0" type="stmt"/>
        <line num="401" count="0" type="stmt"/>
        <line num="402" count="0" type="stmt"/>
        <line num="405" count="0" type="stmt"/>
        <line num="410" count="0" type="stmt"/>
        <line num="412" count="0" type="stmt"/>
        <line num="429" count="0" type="stmt"/>
        <line num="434" count="0" type="stmt"/>
        <line num="443" count="0" type="stmt"/>
        <line num="448" count="0" type="stmt"/>
        <line num="453" count="0" type="stmt"/>
        <line num="461" count="0" type="stmt"/>
        <line num="469" count="0" type="stmt"/>
        <line num="504" count="0" type="cond" truecount="0" falsecount="1"/>
        <line num="505" count="0" type="stmt"/>
        <line num="508" count="0" type="cond" truecount="0" falsecount="1"/>
        <line num="509" count="0" type="stmt"/>
        <line num="513" count="0" type="stmt"/>
        <line num="516" count="0" type="stmt"/>
        <line num="517" count="0" type="stmt"/>
        <line num="535" count="0" type="stmt"/>
        <line num="549" count="0" type="stmt"/>
        <line num="560" count="0" type="stmt"/>
        <line num="561" count="0" type="stmt"/>
        <line num="573" count="0" type="stmt"/>
        <line num="600" count="0" type="stmt"/>
        <line num="628" count="0" type="stmt"/>
        <line num="636" count="0" type="stmt"/>
        <line num="648" count="0" type="stmt"/>
        <line num="664" count="0" type="stmt"/>
        <line num="684" count="0" type="cond" truecount="0" falsecount="1"/>
        <line num="685" count="0" type="stmt"/>
        <line num="688" count="0" type="stmt"/>
        <line num="693" count="0" type="stmt"/>
        <line num="698" count="0" type="cond" truecount="0" falsecount="1"/>
        <line num="699" count="0" type="stmt"/>
        <line num="703" count="0" type="stmt"/>
        <line num="710" count="0" type="cond" truecount="0" falsecount="1"/>
        <line num="711" count="0" type="stmt"/>
        <line num="715" count="0" type="cond" truecount="0" falsecount="1"/>
        <line num="716" count="0" type="stmt"/>
        <line num="720" count="0" type="stmt"/>
        <line num="730" count="0" type="stmt"/>
      </file>
    </package>
  </project>
</coverage>
