{"/Users/junghun/projects/team-elliot/backend/src/app.module.ts": {"path":"/Users/junghun/projects/team-elliot/backend/src/app.module.ts","statementMap":{"0":{"start":{"line":1,"column":0},"end":{"line":1,"column":40}},"1":{"start":{"line":2,"column":0},"end":{"line":2,"column":46}},"2":{"start":{"line":3,"column":0},"end":{"line":3,"column":48}},"3":{"start":{"line":4,"column":0},"end":{"line":4,"column":56}},"4":{"start":{"line":5,"column":0},"end":{"line":5,"column":57}},"5":{"start":{"line":6,"column":0},"end":{"line":6,"column":51}},"6":{"start":{"line":7,"column":0},"end":{"line":7,"column":74}},"7":{"start":{"line":8,"column":0},"end":{"line":8,"column":57}},"8":{"start":{"line":9,"column":0},"end":{"line":9,"column":57}},"9":{"start":{"line":10,"column":0},"end":{"line":10,"column":28}},"10":{"start":{"line":11,"column":0},"end":{"line":11,"column":57}},"11":{"start":{"line":12,"column":0},"end":{"line":12,"column":45}},"12":{"start":{"line":14,"column":0},"end":{"line":14,"column":54}},"13":{"start":{"line":15,"column":0},"end":{"line":15,"column":68}},"14":{"start":{"line":16,"column":0},"end":{"line":16,"column":80}},"15":{"start":{"line":17,"column":0},"end":{"line":17,"column":63}},"16":{"start":{"line":18,"column":0},"end":{"line":18,"column":54}},"17":{"start":{"line":45,"column":7},"end":{"line":45,"column":null}},"18":{"start":{"line":45,"column":13},"end":{"line":45,"column":22}},"19":{"start":{"line":45,"column":13},"end":{"line":45,"column":null}}},"fnMap":{},"branchMap":{},"s":{"0":0,"1":0,"2":0,"3":0,"4":0,"5":0,"6":0,"7":0,"8":0,"9":0,"10":0,"11":0,"12":0,"13":0,"14":0,"15":0,"16":0,"17":0,"18":0,"19":0},"f":{},"b":{}}
,"/Users/junghun/projects/team-elliot/backend/src/main.ts": {"path":"/Users/junghun/projects/team-elliot/backend/src/main.ts","statementMap":{"0":{"start":{"line":1,"column":0},"end":{"line":1,"column":43}},"1":{"start":{"line":2,"column":0},"end":{"line":2,"column":41}},"2":{"start":{"line":3,"column":0},"end":{"line":3,"column":65}},"3":{"start":{"line":4,"column":0},"end":{"line":4,"column":48}},"4":{"start":{"line":7,"column":14},"end":{"line":7,"column":49}},"5":{"start":{"line":9,"column":2},"end":{"line":15,"column":4}},"6":{"start":{"line":17,"column":17},"end":{"line":22,"column":12}},"7":{"start":{"line":24,"column":19},"end":{"line":24,"column":60}},"8":{"start":{"line":25,"column":2},"end":{"line":25,"column":44}},"9":{"start":{"line":27,"column":2},"end":{"line":31,"column":5}},"10":{"start":{"line":33,"column":2},"end":{"line":33,"column":25}},"11":{"start":{"line":35,"column":0},"end":{"line":35,"column":12}}},"fnMap":{"0":{"name":"bootstrap","decl":{"start":{"line":6,"column":15},"end":{"line":6,"column":24}},"loc":{"start":{"line":6,"column":24},"end":{"line":34,"column":1}}}},"branchMap":{"0":{"loc":{"start":{"line":28,"column":12},"end":{"line":28,"column":63}},"type":"binary-expr","locations":[{"start":{"line":28,"column":12},"end":{"line":28,"column":36}},{"start":{"line":28,"column":40},"end":{"line":28,"column":63}}]}},"s":{"0":0,"1":0,"2":0,"3":0,"4":0,"5":0,"6":0,"7":0,"8":0,"9":0,"10":0,"11":0},"f":{"0":0},"b":{"0":[0,0]}}
,"/Users/junghun/projects/team-elliot/backend/src/academy/academy.controller.ts": {"path":"/Users/junghun/projects/team-elliot/backend/src/academy/academy.controller.ts","statementMap":{"0":{"start":{"line":1,"column":0},"end":{"line":1,"column":null}},"1":{"start":{"line":11,"column":0},"end":{"line":11,"column":69}},"2":{"start":{"line":12,"column":0},"end":{"line":12,"column":51}},"3":{"start":{"line":13,"column":0},"end":{"line":13,"column":74}},"4":{"start":{"line":14,"column":0},"end":{"line":14,"column":61}},"5":{"start":{"line":15,"column":0},"end":{"line":15,"column":56}},"6":{"start":{"line":16,"column":0},"end":{"line":16,"column":59}},"7":{"start":{"line":17,"column":0},"end":{"line":17,"column":64}},"8":{"start":{"line":22,"column":7},"end":{"line":87,"column":null}},"9":{"start":{"line":23,"column":31},"end":{"line":23,"column":47}},"10":{"start":{"line":34,"column":4},"end":{"line":34,"column":50}},"11":{"start":{"line":45,"column":4},"end":{"line":45,"column":49}},"12":{"start":{"line":53,"column":4},"end":{"line":53,"column":46}},"13":{"start":{"line":60,"column":4},"end":{"line":60,"column":50}},"14":{"start":{"line":69,"column":4},"end":{"line":69,"column":57}},"15":{"start":{"line":77,"column":4},"end":{"line":77,"column":58}},"16":{"start":{"line":85,"column":4},"end":{"line":85,"column":55}},"17":{"start":{"line":22,"column":13},"end":{"line":22,"column":30}},"18":{"start":{"line":33,"column":8},"end":{"line":35,"column":null}},"19":{"start":{"line":44,"column":8},"end":{"line":46,"column":null}},"20":{"start":{"line":52,"column":8},"end":{"line":54,"column":null}},"21":{"start":{"line":59,"column":8},"end":{"line":61,"column":null}},"22":{"start":{"line":68,"column":8},"end":{"line":70,"column":null}},"23":{"start":{"line":76,"column":8},"end":{"line":78,"column":null}},"24":{"start":{"line":84,"column":8},"end":{"line":86,"column":null}},"25":{"start":{"line":22,"column":13},"end":{"line":87,"column":null}}},"fnMap":{"0":{"name":"(anonymous_4)","decl":{"start":{"line":23,"column":2},"end":{"line":23,"column":31}},"loc":{"start":{"line":23,"column":61},"end":{"line":23,"column":65}}},"1":{"name":"(anonymous_5)","decl":{"start":{"line":33,"column":2},"end":{"line":33,"column":7}},"loc":{"start":{"line":33,"column":51},"end":{"line":35,"column":3}}},"2":{"name":"(anonymous_6)","decl":{"start":{"line":44,"column":2},"end":{"line":44,"column":7}},"loc":{"start":{"line":44,"column":59},"end":{"line":46,"column":3}}},"3":{"name":"(anonymous_7)","decl":{"start":{"line":52,"column":2},"end":{"line":52,"column":7}},"loc":{"start":{"line":52,"column":20},"end":{"line":54,"column":3}}},"4":{"name":"(anonymous_8)","decl":{"start":{"line":59,"column":2},"end":{"line":59,"column":7}},"loc":{"start":{"line":59,"column":60},"end":{"line":61,"column":3}}},"5":{"name":"(anonymous_9)","decl":{"start":{"line":68,"column":2},"end":{"line":68,"column":7}},"loc":{"start":{"line":68,"column":69},"end":{"line":70,"column":3}}},"6":{"name":"(anonymous_10)","decl":{"start":{"line":76,"column":2},"end":{"line":76,"column":7}},"loc":{"start":{"line":76,"column":71},"end":{"line":78,"column":3}}},"7":{"name":"(anonymous_11)","decl":{"start":{"line":84,"column":2},"end":{"line":84,"column":7}},"loc":{"start":{"line":84,"column":43},"end":{"line":86,"column":3}}}},"branchMap":{},"s":{"0":1,"1":1,"2":1,"3":1,"4":1,"5":1,"6":1,"7":1,"8":1,"9":7,"10":1,"11":1,"12":1,"13":1,"14":1,"15":1,"16":1,"17":1,"18":1,"19":1,"20":1,"21":1,"22":1,"23":1,"24":1,"25":1},"f":{"0":7,"1":1,"2":1,"3":1,"4":1,"5":1,"6":1,"7":1},"b":{}}
,"/Users/junghun/projects/team-elliot/backend/src/academy/academy.module.ts": {"path":"/Users/junghun/projects/team-elliot/backend/src/academy/academy.module.ts","statementMap":{"0":{"start":{"line":1,"column":0},"end":{"line":1,"column":40}},"1":{"start":{"line":2,"column":0},"end":{"line":2,"column":57}},"2":{"start":{"line":3,"column":0},"end":{"line":3,"column":51}},"3":{"start":{"line":4,"column":0},"end":{"line":4,"column":55}},"4":{"start":{"line":12,"column":7},"end":{"line":12,"column":null}},"5":{"start":{"line":12,"column":13},"end":{"line":12,"column":26}},"6":{"start":{"line":12,"column":13},"end":{"line":12,"column":null}}},"fnMap":{},"branchMap":{},"s":{"0":0,"1":0,"2":0,"3":0,"4":0,"5":0,"6":0},"f":{},"b":{}}
,"/Users/junghun/projects/team-elliot/backend/src/academy/academy.service.ts": {"path":"/Users/junghun/projects/team-elliot/backend/src/academy/academy.service.ts","statementMap":{"0":{"start":{"line":1,"column":0},"end":{"line":1,"column":null}},"1":{"start":{"line":8,"column":0},"end":{"line":8,"column":57}},"2":{"start":{"line":12,"column":7},"end":{"line":602,"column":null}},"3":{"start":{"line":13,"column":22},"end":{"line":13,"column":30}},"4":{"start":{"line":17,"column":19},"end":{"line":19,"column":6}},"5":{"start":{"line":20,"column":4},"end":{"line":20,"column":65}},"6":{"start":{"line":20,"column":16},"end":{"line":20,"column":65}},"7":{"start":{"line":21,"column":4},"end":{"line":21,"column":53}},"8":{"start":{"line":26,"column":20},"end":{"line":33,"column":6}},"9":{"start":{"line":34,"column":4},"end":{"line":34,"column":64}},"10":{"start":{"line":34,"column":18},"end":{"line":34,"column":64}},"11":{"start":{"line":35,"column":4},"end":{"line":36,"column":63}},"12":{"start":{"line":36,"column":6},"end":{"line":36,"column":63}},"13":{"start":{"line":37,"column":4},"end":{"line":38,"column":62}},"14":{"start":{"line":38,"column":6},"end":{"line":38,"column":62}},"15":{"start":{"line":39,"column":4},"end":{"line":45,"column":7}},"16":{"start":{"line":40,"column":6},"end":{"line":42,"column":7}},"17":{"start":{"line":41,"column":8},"end":{"line":41,"column":71}},"18":{"start":{"line":43,"column":6},"end":{"line":43,"column":58}},"19":{"start":{"line":44,"column":6},"end":{"line":44,"column":60}},"20":{"start":{"line":46,"column":4},"end":{"line":46,"column":45}},"21":{"start":{"line":51,"column":4},"end":{"line":51,"column":42}},"22":{"start":{"line":56,"column":20},"end":{"line":56,"column":75}},"23":{"start":{"line":57,"column":4},"end":{"line":57,"column":64}},"24":{"start":{"line":57,"column":18},"end":{"line":57,"column":64}},"25":{"start":{"line":58,"column":4},"end":{"line":58,"column":19}},"26":{"start":{"line":63,"column":20},"end":{"line":65,"column":6}},"27":{"start":{"line":66,"column":4},"end":{"line":67,"column":59}},"28":{"start":{"line":67,"column":6},"end":{"line":67,"column":59}},"29":{"start":{"line":68,"column":19},"end":{"line":70,"column":6}},"30":{"start":{"line":71,"column":4},"end":{"line":71,"column":61}},"31":{"start":{"line":71,"column":16},"end":{"line":71,"column":61}},"32":{"start":{"line":72,"column":4},"end":{"line":74,"column":7}},"33":{"start":{"line":75,"column":4},"end":{"line":75,"column":42}},"34":{"start":{"line":80,"column":19},"end":{"line":82,"column":6}},"35":{"start":{"line":83,"column":4},"end":{"line":83,"column":65}},"36":{"start":{"line":83,"column":17},"end":{"line":83,"column":65}},"37":{"start":{"line":84,"column":4},"end":{"line":86,"column":7}},"38":{"start":{"line":87,"column":4},"end":{"line":87,"column":42}},"39":{"start":{"line":92,"column":20},"end":{"line":99,"column":6}},"40":{"start":{"line":100,"column":4},"end":{"line":100,"column":64}},"41":{"start":{"line":100,"column":18},"end":{"line":100,"column":64}},"42":{"start":{"line":101,"column":4},"end":{"line":101,"column":53}},"43":{"start":{"line":101,"column":41},"end":{"line":101,"column":51}},"44":{"start":{"line":106,"column":20},"end":{"line":143,"column":6}},"45":{"start":{"line":145,"column":4},"end":{"line":147,"column":5}},"46":{"start":{"line":146,"column":6},"end":{"line":146,"column":55}},"47":{"start":{"line":149,"column":4},"end":{"line":149,"column":27}},"48":{"start":{"line":154,"column":20},"end":{"line":156,"column":6}},"49":{"start":{"line":158,"column":4},"end":{"line":160,"column":5}},"50":{"start":{"line":159,"column":6},"end":{"line":159,"column":55}},"51":{"start":{"line":162,"column":20},"end":{"line":164,"column":6}},"52":{"start":{"line":166,"column":4},"end":{"line":168,"column":5}},"53":{"start":{"line":167,"column":6},"end":{"line":167,"column":59}},"54":{"start":{"line":171,"column":27},"end":{"line":179,"column":6}},"55":{"start":{"line":181,"column":4},"end":{"line":181,"column":26}},"56":{"start":{"line":186,"column":20},"end":{"line":188,"column":6}},"57":{"start":{"line":190,"column":4},"end":{"line":192,"column":5}},"58":{"start":{"line":191,"column":6},"end":{"line":191,"column":55}},"59":{"start":{"line":195,"column":28},"end":{"line":197,"column":6}},"60":{"start":{"line":199,"column":4},"end":{"line":201,"column":5}},"61":{"start":{"line":200,"column":6},"end":{"line":200,"column":55}},"62":{"start":{"line":204,"column":20},"end":{"line":212,"column":6}},"63":{"start":{"line":214,"column":4},"end":{"line":214,"column":19}},"64":{"start":{"line":222,"column":20},"end":{"line":224,"column":6}},"65":{"start":{"line":226,"column":4},"end":{"line":228,"column":5}},"66":{"start":{"line":227,"column":6},"end":{"line":227,"column":55}},"67":{"start":{"line":231,"column":28},"end":{"line":233,"column":6}},"68":{"start":{"line":235,"column":4},"end":{"line":237,"column":5}},"69":{"start":{"line":236,"column":6},"end":{"line":236,"column":55}},"70":{"start":{"line":240,"column":19},"end":{"line":264,"column":6}},"71":{"start":{"line":242,"column":22},"end":{"line":250,"column":8}},"72":{"start":{"line":253,"column":29},"end":{"line":261,"column":8}},"73":{"start":{"line":263,"column":6},"end":{"line":263,"column":50}},"74":{"start":{"line":266,"column":4},"end":{"line":266,"column":18}},"75":{"start":{"line":271,"column":20},"end":{"line":274,"column":6}},"76":{"start":{"line":276,"column":4},"end":{"line":278,"column":5}},"77":{"start":{"line":277,"column":6},"end":{"line":277,"column":55}},"78":{"start":{"line":280,"column":4},"end":{"line":282,"column":5}},"79":{"start":{"line":281,"column":6},"end":{"line":281,"column":53}},"80":{"start":{"line":285,"column":27},"end":{"line":293,"column":6}},"81":{"start":{"line":295,"column":4},"end":{"line":295,"column":26}},"82":{"start":{"line":300,"column":20},"end":{"line":303,"column":6}},"83":{"start":{"line":305,"column":4},"end":{"line":307,"column":5}},"84":{"start":{"line":306,"column":6},"end":{"line":306,"column":55}},"85":{"start":{"line":309,"column":4},"end":{"line":311,"column":5}},"86":{"start":{"line":310,"column":6},"end":{"line":310,"column":53}},"87":{"start":{"line":314,"column":27},"end":{"line":316,"column":6}},"88":{"start":{"line":318,"column":4},"end":{"line":322,"column":5}},"89":{"start":{"line":319,"column":6},"end":{"line":321,"column":8}},"90":{"start":{"line":325,"column":27},"end":{"line":333,"column":6}},"91":{"start":{"line":335,"column":4},"end":{"line":335,"column":26}},"92":{"start":{"line":343,"column":20},"end":{"line":345,"column":6}},"93":{"start":{"line":347,"column":4},"end":{"line":349,"column":5}},"94":{"start":{"line":348,"column":6},"end":{"line":348,"column":55}},"95":{"start":{"line":352,"column":4},"end":{"line":354,"column":5}},"96":{"start":{"line":353,"column":6},"end":{"line":353,"column":57}},"97":{"start":{"line":357,"column":20},"end":{"line":359,"column":6}},"98":{"start":{"line":361,"column":4},"end":{"line":363,"column":5}},"99":{"start":{"line":362,"column":6},"end":{"line":362,"column":59}},"100":{"start":{"line":366,"column":28},"end":{"line":372,"column":6}},"101":{"start":{"line":374,"column":4},"end":{"line":376,"column":5}},"102":{"start":{"line":375,"column":6},"end":{"line":375,"column":58}},"103":{"start":{"line":379,"column":20},"end":{"line":390,"column":6}},"104":{"start":{"line":392,"column":4},"end":{"line":392,"column":19}},"105":{"start":{"line":397,"column":20},"end":{"line":404,"column":6}},"106":{"start":{"line":405,"column":4},"end":{"line":405,"column":64}},"107":{"start":{"line":405,"column":18},"end":{"line":405,"column":64}},"108":{"start":{"line":406,"column":4},"end":{"line":406,"column":53}},"109":{"start":{"line":406,"column":41},"end":{"line":406,"column":51}},"110":{"start":{"line":411,"column":20},"end":{"line":413,"column":6}},"111":{"start":{"line":414,"column":4},"end":{"line":415,"column":59}},"112":{"start":{"line":415,"column":6},"end":{"line":415,"column":59}},"113":{"start":{"line":416,"column":19},"end":{"line":418,"column":6}},"114":{"start":{"line":419,"column":4},"end":{"line":419,"column":61}},"115":{"start":{"line":419,"column":16},"end":{"line":419,"column":61}},"116":{"start":{"line":420,"column":4},"end":{"line":422,"column":7}},"117":{"start":{"line":423,"column":4},"end":{"line":423,"column":42}},"118":{"start":{"line":428,"column":19},"end":{"line":435,"column":6}},"119":{"start":{"line":436,"column":4},"end":{"line":436,"column":65}},"120":{"start":{"line":436,"column":17},"end":{"line":436,"column":65}},"121":{"start":{"line":437,"column":4},"end":{"line":444,"column":7}},"122":{"start":{"line":445,"column":4},"end":{"line":445,"column":42}},"123":{"start":{"line":453,"column":22},"end":{"line":456,"column":6}},"124":{"start":{"line":458,"column":4},"end":{"line":460,"column":5}},"125":{"start":{"line":459,"column":6},"end":{"line":459,"column":57}},"126":{"start":{"line":462,"column":4},"end":{"line":464,"column":5}},"127":{"start":{"line":463,"column":6},"end":{"line":463,"column":53}},"128":{"start":{"line":467,"column":27},"end":{"line":472,"column":6}},"129":{"start":{"line":474,"column":4},"end":{"line":476,"column":5}},"130":{"start":{"line":475,"column":6},"end":{"line":475,"column":60}},"131":{"start":{"line":479,"column":4},"end":{"line":481,"column":7}},"132":{"start":{"line":483,"column":4},"end":{"line":483,"column":45}},"133":{"start":{"line":492,"column":29},"end":{"line":501,"column":6}},"134":{"start":{"line":503,"column":4},"end":{"line":505,"column":5}},"135":{"start":{"line":504,"column":6},"end":{"line":504,"column":51}},"136":{"start":{"line":508,"column":6},"end":{"line":508,"column":67}},"137":{"start":{"line":509,"column":4},"end":{"line":511,"column":5}},"138":{"start":{"line":510,"column":6},"end":{"line":510,"column":54}},"139":{"start":{"line":514,"column":27},"end":{"line":521,"column":6}},"140":{"start":{"line":523,"column":4},"end":{"line":525,"column":5}},"141":{"start":{"line":524,"column":6},"end":{"line":524,"column":56}},"142":{"start":{"line":528,"column":4},"end":{"line":598,"column":7}},"143":{"start":{"line":530,"column":6},"end":{"line":539,"column":9}},"144":{"start":{"line":542,"column":6},"end":{"line":549,"column":9}},"145":{"start":{"line":552,"column":6},"end":{"line":559,"column":9}},"146":{"start":{"line":562,"column":6},"end":{"line":573,"column":9}},"147":{"start":{"line":576,"column":6},"end":{"line":587,"column":9}},"148":{"start":{"line":590,"column":6},"end":{"line":597,"column":9}},"149":{"start":{"line":600,"column":4},"end":{"line":600,"column":45}},"150":{"start":{"line":12,"column":13},"end":{"line":12,"column":27}},"151":{"start":{"line":12,"column":13},"end":{"line":602,"column":null}}},"fnMap":{"0":{"name":"(anonymous_2)","decl":{"start":{"line":13,"column":2},"end":{"line":13,"column":22}},"loc":{"start":{"line":13,"column":43},"end":{"line":13,"column":47}}},"1":{"name":"(anonymous_3)","decl":{"start":{"line":16,"column":2},"end":{"line":16,"column":7}},"loc":{"start":{"line":16,"column":43},"end":{"line":22,"column":3}}},"2":{"name":"(anonymous_4)","decl":{"start":{"line":25,"column":2},"end":{"line":25,"column":7}},"loc":{"start":{"line":25,"column":39},"end":{"line":47,"column":3}}},"3":{"name":"(anonymous_5)","decl":{"start":{"line":39,"column":35},"end":{"line":39,"column":40}},"loc":{"start":{"line":39,"column":48},"end":{"line":45,"column":5}}},"4":{"name":"(anonymous_6)","decl":{"start":{"line":50,"column":2},"end":{"line":50,"column":7}},"loc":{"start":{"line":50,"column":20},"end":{"line":52,"column":3}}},"5":{"name":"(anonymous_7)","decl":{"start":{"line":55,"column":2},"end":{"line":55,"column":7}},"loc":{"start":{"line":55,"column":33},"end":{"line":59,"column":3}}},"6":{"name":"(anonymous_8)","decl":{"start":{"line":62,"column":2},"end":{"line":62,"column":7}},"loc":{"start":{"line":62,"column":58},"end":{"line":76,"column":3}}},"7":{"name":"(anonymous_9)","decl":{"start":{"line":79,"column":2},"end":{"line":79,"column":7}},"loc":{"start":{"line":79,"column":60},"end":{"line":88,"column":3}}},"8":{"name":"(anonymous_10)","decl":{"start":{"line":91,"column":2},"end":{"line":91,"column":7}},"loc":{"start":{"line":91,"column":40},"end":{"line":102,"column":3}}},"9":{"name":"(anonymous_11)","decl":{"start":{"line":101,"column":33},"end":{"line":101,"column":34}},"loc":{"start":{"line":101,"column":41},"end":{"line":101,"column":51}}},"10":{"name":"(anonymous_12)","decl":{"start":{"line":105,"column":2},"end":{"line":105,"column":7}},"loc":{"start":{"line":105,"column":43},"end":{"line":150,"column":3}}},"11":{"name":"(anonymous_13)","decl":{"start":{"line":153,"column":2},"end":{"line":153,"column":7}},"loc":{"start":{"line":153,"column":67},"end":{"line":182,"column":3}}},"12":{"name":"(anonymous_14)","decl":{"start":{"line":185,"column":2},"end":{"line":185,"column":7}},"loc":{"start":{"line":185,"column":71},"end":{"line":215,"column":3}}},"13":{"name":"(anonymous_15)","decl":{"start":{"line":218,"column":2},"end":{"line":218,"column":7}},"loc":{"start":{"line":220,"column":25},"end":{"line":267,"column":3}}},"14":{"name":"(anonymous_16)","decl":{"start":{"line":240,"column":50},"end":{"line":240,"column":55}},"loc":{"start":{"line":240,"column":67},"end":{"line":264,"column":5}}},"15":{"name":"(anonymous_17)","decl":{"start":{"line":270,"column":2},"end":{"line":270,"column":7}},"loc":{"start":{"line":270,"column":71},"end":{"line":296,"column":3}}},"16":{"name":"(anonymous_18)","decl":{"start":{"line":299,"column":2},"end":{"line":299,"column":7}},"loc":{"start":{"line":299,"column":47},"end":{"line":336,"column":3}}},"17":{"name":"(anonymous_19)","decl":{"start":{"line":339,"column":2},"end":{"line":339,"column":7}},"loc":{"start":{"line":341,"column":30},"end":{"line":393,"column":3}}},"18":{"name":"(anonymous_20)","decl":{"start":{"line":396,"column":2},"end":{"line":396,"column":7}},"loc":{"start":{"line":396,"column":45},"end":{"line":407,"column":3}}},"19":{"name":"(anonymous_21)","decl":{"start":{"line":406,"column":33},"end":{"line":406,"column":34}},"loc":{"start":{"line":406,"column":41},"end":{"line":406,"column":51}}},"20":{"name":"(anonymous_22)","decl":{"start":{"line":410,"column":2},"end":{"line":410,"column":7}},"loc":{"start":{"line":410,"column":67},"end":{"line":424,"column":3}}},"21":{"name":"(anonymous_23)","decl":{"start":{"line":427,"column":2},"end":{"line":427,"column":7}},"loc":{"start":{"line":427,"column":69},"end":{"line":446,"column":3}}},"22":{"name":"(anonymous_24)","decl":{"start":{"line":449,"column":2},"end":{"line":449,"column":7}},"loc":{"start":{"line":451,"column":21},"end":{"line":484,"column":3}}},"23":{"name":"(anonymous_25)","decl":{"start":{"line":487,"column":2},"end":{"line":487,"column":7}},"loc":{"start":{"line":489,"column":21},"end":{"line":601,"column":3}}},"24":{"name":"(anonymous_26)","decl":{"start":{"line":528,"column":35},"end":{"line":528,"column":40}},"loc":{"start":{"line":528,"column":48},"end":{"line":598,"column":5}}}},"branchMap":{"0":{"loc":{"start":{"line":20,"column":4},"end":{"line":20,"column":65}},"type":"if","locations":[{"start":{"line":20,"column":4},"end":{"line":20,"column":65}}]},"1":{"loc":{"start":{"line":34,"column":4},"end":{"line":34,"column":64}},"type":"if","locations":[{"start":{"line":34,"column":4},"end":{"line":34,"column":64}}]},"2":{"loc":{"start":{"line":35,"column":4},"end":{"line":36,"column":63}},"type":"if","locations":[{"start":{"line":35,"column":4},"end":{"line":36,"column":63}}]},"3":{"loc":{"start":{"line":37,"column":4},"end":{"line":38,"column":62}},"type":"if","locations":[{"start":{"line":37,"column":4},"end":{"line":38,"column":62}}]},"4":{"loc":{"start":{"line":57,"column":4},"end":{"line":57,"column":64}},"type":"if","locations":[{"start":{"line":57,"column":4},"end":{"line":57,"column":64}}]},"5":{"loc":{"start":{"line":66,"column":4},"end":{"line":67,"column":59}},"type":"if","locations":[{"start":{"line":66,"column":4},"end":{"line":67,"column":59}}]},"6":{"loc":{"start":{"line":71,"column":4},"end":{"line":71,"column":61}},"type":"if","locations":[{"start":{"line":71,"column":4},"end":{"line":71,"column":61}}]},"7":{"loc":{"start":{"line":83,"column":4},"end":{"line":83,"column":65}},"type":"if","locations":[{"start":{"line":83,"column":4},"end":{"line":83,"column":65}}]},"8":{"loc":{"start":{"line":100,"column":4},"end":{"line":100,"column":64}},"type":"if","locations":[{"start":{"line":100,"column":4},"end":{"line":100,"column":64}}]},"9":{"loc":{"start":{"line":145,"column":4},"end":{"line":147,"column":5}},"type":"if","locations":[{"start":{"line":145,"column":4},"end":{"line":147,"column":5}}]},"10":{"loc":{"start":{"line":158,"column":4},"end":{"line":160,"column":5}},"type":"if","locations":[{"start":{"line":158,"column":4},"end":{"line":160,"column":5}}]},"11":{"loc":{"start":{"line":166,"column":4},"end":{"line":168,"column":5}},"type":"if","locations":[{"start":{"line":166,"column":4},"end":{"line":168,"column":5}}]},"12":{"loc":{"start":{"line":190,"column":4},"end":{"line":192,"column":5}},"type":"if","locations":[{"start":{"line":190,"column":4},"end":{"line":192,"column":5}}]},"13":{"loc":{"start":{"line":199,"column":4},"end":{"line":201,"column":5}},"type":"if","locations":[{"start":{"line":199,"column":4},"end":{"line":201,"column":5}}]},"14":{"loc":{"start":{"line":226,"column":4},"end":{"line":228,"column":5}},"type":"if","locations":[{"start":{"line":226,"column":4},"end":{"line":228,"column":5}}]},"15":{"loc":{"start":{"line":235,"column":4},"end":{"line":237,"column":5}},"type":"if","locations":[{"start":{"line":235,"column":4},"end":{"line":237,"column":5}}]},"16":{"loc":{"start":{"line":276,"column":4},"end":{"line":278,"column":5}},"type":"if","locations":[{"start":{"line":276,"column":4},"end":{"line":278,"column":5}}]},"17":{"loc":{"start":{"line":280,"column":4},"end":{"line":282,"column":5}},"type":"if","locations":[{"start":{"line":280,"column":4},"end":{"line":282,"column":5}}]},"18":{"loc":{"start":{"line":305,"column":4},"end":{"line":307,"column":5}},"type":"if","locations":[{"start":{"line":305,"column":4},"end":{"line":307,"column":5}}]},"19":{"loc":{"start":{"line":309,"column":4},"end":{"line":311,"column":5}},"type":"if","locations":[{"start":{"line":309,"column":4},"end":{"line":311,"column":5}}]},"20":{"loc":{"start":{"line":318,"column":4},"end":{"line":322,"column":5}},"type":"if","locations":[{"start":{"line":318,"column":4},"end":{"line":322,"column":5}}]},"21":{"loc":{"start":{"line":347,"column":4},"end":{"line":349,"column":5}},"type":"if","locations":[{"start":{"line":347,"column":4},"end":{"line":349,"column":5}}]},"22":{"loc":{"start":{"line":352,"column":4},"end":{"line":354,"column":5}},"type":"if","locations":[{"start":{"line":352,"column":4},"end":{"line":354,"column":5}}]},"23":{"loc":{"start":{"line":361,"column":4},"end":{"line":363,"column":5}},"type":"if","locations":[{"start":{"line":361,"column":4},"end":{"line":363,"column":5}}]},"24":{"loc":{"start":{"line":374,"column":4},"end":{"line":376,"column":5}},"type":"if","locations":[{"start":{"line":374,"column":4},"end":{"line":376,"column":5}}]},"25":{"loc":{"start":{"line":405,"column":4},"end":{"line":405,"column":64}},"type":"if","locations":[{"start":{"line":405,"column":4},"end":{"line":405,"column":64}}]},"26":{"loc":{"start":{"line":414,"column":4},"end":{"line":415,"column":59}},"type":"if","locations":[{"start":{"line":414,"column":4},"end":{"line":415,"column":59}}]},"27":{"loc":{"start":{"line":419,"column":4},"end":{"line":419,"column":61}},"type":"if","locations":[{"start":{"line":419,"column":4},"end":{"line":419,"column":61}}]},"28":{"loc":{"start":{"line":436,"column":4},"end":{"line":436,"column":65}},"type":"if","locations":[{"start":{"line":436,"column":4},"end":{"line":436,"column":65}}]},"29":{"loc":{"start":{"line":458,"column":4},"end":{"line":460,"column":5}},"type":"if","locations":[{"start":{"line":458,"column":4},"end":{"line":460,"column":5}}]},"30":{"loc":{"start":{"line":462,"column":4},"end":{"line":464,"column":5}},"type":"if","locations":[{"start":{"line":462,"column":4},"end":{"line":464,"column":5}}]},"31":{"loc":{"start":{"line":474,"column":4},"end":{"line":476,"column":5}},"type":"if","locations":[{"start":{"line":474,"column":4},"end":{"line":476,"column":5}}]},"32":{"loc":{"start":{"line":503,"column":4},"end":{"line":505,"column":5}},"type":"if","locations":[{"start":{"line":503,"column":4},"end":{"line":505,"column":5}}]},"33":{"loc":{"start":{"line":509,"column":4},"end":{"line":511,"column":5}},"type":"if","locations":[{"start":{"line":509,"column":4},"end":{"line":511,"column":5}}]},"34":{"loc":{"start":{"line":523,"column":4},"end":{"line":525,"column":5}},"type":"if","locations":[{"start":{"line":523,"column":4},"end":{"line":525,"column":5}}]}},"s":{"0":8,"1":8,"2":8,"3":16,"4":2,"5":2,"6":1,"7":1,"8":4,"9":4,"10":1,"11":3,"12":1,"13":2,"14":1,"15":1,"16":1,"17":0,"18":1,"19":1,"20":1,"21":1,"22":2,"23":2,"24":1,"25":1,"26":3,"27":3,"28":1,"29":2,"30":2,"31":1,"32":1,"33":1,"34":2,"35":2,"36":1,"37":1,"38":1,"39":2,"40":2,"41":1,"42":1,"43":1,"44":0,"45":0,"46":0,"47":0,"48":0,"49":0,"50":0,"51":0,"52":0,"53":0,"54":0,"55":0,"56":0,"57":0,"58":0,"59":0,"60":0,"61":0,"62":0,"63":0,"64":0,"65":0,"66":0,"67":0,"68":0,"69":0,"70":0,"71":0,"72":0,"73":0,"74":0,"75":0,"76":0,"77":0,"78":0,"79":0,"80":0,"81":0,"82":0,"83":0,"84":0,"85":0,"86":0,"87":0,"88":0,"89":0,"90":0,"91":0,"92":0,"93":0,"94":0,"95":0,"96":0,"97":0,"98":0,"99":0,"100":0,"101":0,"102":0,"103":0,"104":0,"105":0,"106":0,"107":0,"108":0,"109":0,"110":0,"111":0,"112":0,"113":0,"114":0,"115":0,"116":0,"117":0,"118":0,"119":0,"120":0,"121":0,"122":0,"123":0,"124":0,"125":0,"126":0,"127":0,"128":0,"129":0,"130":0,"131":0,"132":0,"133":0,"134":0,"135":0,"136":0,"137":0,"138":0,"139":0,"140":0,"141":0,"142":0,"143":0,"144":0,"145":0,"146":0,"147":0,"148":0,"149":0,"150":8,"151":8},"f":{"0":16,"1":2,"2":4,"3":1,"4":1,"5":2,"6":3,"7":2,"8":2,"9":1,"10":0,"11":0,"12":0,"13":0,"14":0,"15":0,"16":0,"17":0,"18":0,"19":0,"20":0,"21":0,"22":0,"23":0,"24":0},"b":{"0":[1],"1":[1],"2":[1],"3":[1],"4":[1],"5":[1],"6":[1],"7":[1],"8":[1],"9":[0],"10":[0],"11":[0],"12":[0],"13":[0],"14":[0],"15":[0],"16":[0],"17":[0],"18":[0],"19":[0],"20":[0],"21":[0],"22":[0],"23":[0],"24":[0],"25":[0],"26":[0],"27":[0],"28":[0],"29":[0],"30":[0],"31":[0],"32":[0],"33":[0],"34":[0]}}
,"/Users/junghun/projects/team-elliot/backend/src/academy/dto/create-academy.dto.ts": {"path":"/Users/junghun/projects/team-elliot/backend/src/academy/dto/create-academy.dto.ts","statementMap":{"0":{"start":{"line":1,"column":0},"end":{"line":1,"column":64}},"1":{"start":{"line":3,"column":0},"end":{"line":3,"column":13}},"2":{"start":{"line":6,"column":2},"end":{"line":6,"column":null}},"3":{"start":{"line":13,"column":2},"end":{"line":13,"column":null}},"4":{"start":{"line":17,"column":2},"end":{"line":17,"column":null}},"5":{"start":{"line":21,"column":2},"end":{"line":21,"column":null}},"6":{"start":{"line":25,"column":2},"end":{"line":25,"column":null}}},"fnMap":{},"branchMap":{},"s":{"0":1,"1":1,"2":1,"3":1,"4":1,"5":1,"6":1},"f":{},"b":{}}
,"/Users/junghun/projects/team-elliot/backend/src/academy/dto/index.ts": {"path":"/Users/junghun/projects/team-elliot/backend/src/academy/dto/index.ts","statementMap":{"0":{"start":{"line":1,"column":0},"end":{"line":1,"column":37}},"1":{"start":{"line":2,"column":0},"end":{"line":2,"column":35}},"2":{"start":{"line":3,"column":0},"end":{"line":3,"column":36}},"3":{"start":{"line":4,"column":0},"end":{"line":4,"column":43}}},"fnMap":{},"branchMap":{},"s":{"0":1,"1":1,"2":1,"3":1},"f":{},"b":{}}
,"/Users/junghun/projects/team-elliot/backend/src/academy/dto/join-academy-request.dto.ts": {"path":"/Users/junghun/projects/team-elliot/backend/src/academy/dto/join-academy-request.dto.ts","statementMap":{"0":{"start":{"line":1,"column":0},"end":{"line":1,"column":46}},"1":{"start":{"line":2,"column":0},"end":{"line":2,"column":67}},"2":{"start":{"line":4,"column":0},"end":{"line":4,"column":13}},"3":{"start":{"line":8,"column":2},"end":{"line":8,"column":null}},"4":{"start":{"line":13,"column":2},"end":{"line":13,"column":null}}},"fnMap":{},"branchMap":{},"s":{"0":2,"1":2,"2":2,"3":2,"4":2},"f":{},"b":{}}
,"/Users/junghun/projects/team-elliot/backend/src/academy/dto/join-academy.dto.ts": {"path":"/Users/junghun/projects/team-elliot/backend/src/academy/dto/join-academy.dto.ts","statementMap":{"0":{"start":{"line":1,"column":0},"end":{"line":1,"column":55}},"1":{"start":{"line":3,"column":0},"end":{"line":3,"column":13}},"2":{"start":{"line":6,"column":2},"end":{"line":6,"column":null}}},"fnMap":{},"branchMap":{},"s":{"0":1,"1":1,"2":1},"f":{},"b":{}}
,"/Users/junghun/projects/team-elliot/backend/src/academy/dto/leave-academy.dto.ts": {"path":"/Users/junghun/projects/team-elliot/backend/src/academy/dto/leave-academy.dto.ts","statementMap":{"0":{"start":{"line":1,"column":0},"end":{"line":1,"column":55}},"1":{"start":{"line":3,"column":0},"end":{"line":3,"column":13}},"2":{"start":{"line":6,"column":2},"end":{"line":6,"column":null}}},"fnMap":{},"branchMap":{},"s":{"0":1,"1":1,"2":1},"f":{},"b":{}}
,"/Users/junghun/projects/team-elliot/backend/src/academy/dto/update-academy.dto.ts": {"path":"/Users/junghun/projects/team-elliot/backend/src/academy/dto/update-academy.dto.ts","statementMap":{"0":{"start":{"line":1,"column":0},"end":{"line":1,"column":66}},"1":{"start":{"line":3,"column":0},"end":{"line":3,"column":13}},"2":{"start":{"line":7,"column":2},"end":{"line":7,"column":null}},"3":{"start":{"line":12,"column":2},"end":{"line":12,"column":null}},"4":{"start":{"line":16,"column":2},"end":{"line":16,"column":null}},"5":{"start":{"line":20,"column":2},"end":{"line":20,"column":null}}},"fnMap":{},"branchMap":{},"s":{"0":0,"1":0,"2":0,"3":0,"4":0,"5":0},"f":{},"b":{}}
,"/Users/junghun/projects/team-elliot/backend/src/auth/auth.controller.ts": {"path":"/Users/junghun/projects/team-elliot/backend/src/auth/auth.controller.ts","statementMap":{"0":{"start":{"line":1,"column":0},"end":{"line":1,"column":67}},"1":{"start":{"line":2,"column":0},"end":{"line":2,"column":45}},"2":{"start":{"line":3,"column":0},"end":{"line":3,"column":45}},"3":{"start":{"line":4,"column":0},"end":{"line":4,"column":43}},"4":{"start":{"line":5,"column":0},"end":{"line":5,"column":56}},"5":{"start":{"line":6,"column":0},"end":{"line":6,"column":66}},"6":{"start":{"line":7,"column":0},"end":{"line":7,"column":69}},"7":{"start":{"line":8,"column":0},"end":{"line":8,"column":84}},"8":{"start":{"line":9,"column":0},"end":{"line":9,"column":55}},"9":{"start":{"line":10,"column":0},"end":{"line":10,"column":58}},"10":{"start":{"line":11,"column":0},"end":{"line":11,"column":null}},"11":{"start":{"line":21,"column":7},"end":{"line":82,"column":null}},"12":{"start":{"line":22,"column":31},"end":{"line":22,"column":44}},"13":{"start":{"line":29,"column":4},"end":{"line":29,"column":70}},"14":{"start":{"line":40,"column":4},"end":{"line":40,"column":46}},"15":{"start":{"line":51,"column":4},"end":{"line":51,"column":36}},"16":{"start":{"line":66,"column":4},"end":{"line":66,"column":60}},"17":{"start":{"line":67,"column":4},"end":{"line":67,"column":42}},"18":{"start":{"line":80,"column":4},"end":{"line":80,"column":53}},"19":{"start":{"line":21,"column":13},"end":{"line":21,"column":27}},"20":{"start":{"line":28,"column":8},"end":{"line":30,"column":null}},"21":{"start":{"line":39,"column":8},"end":{"line":41,"column":null}},"22":{"start":{"line":50,"column":8},"end":{"line":52,"column":null}},"23":{"start":{"line":62,"column":8},"end":{"line":68,"column":null}},"24":{"start":{"line":77,"column":8},"end":{"line":81,"column":null}},"25":{"start":{"line":21,"column":13},"end":{"line":82,"column":null}}},"fnMap":{"0":{"name":"(anonymous_4)","decl":{"start":{"line":22,"column":2},"end":{"line":22,"column":31}},"loc":{"start":{"line":22,"column":55},"end":{"line":22,"column":59}}},"1":{"name":"(anonymous_5)","decl":{"start":{"line":28,"column":2},"end":{"line":28,"column":7}},"loc":{"start":{"line":28,"column":40},"end":{"line":30,"column":3}}},"2":{"name":"(anonymous_6)","decl":{"start":{"line":39,"column":2},"end":{"line":39,"column":7}},"loc":{"start":{"line":39,"column":43},"end":{"line":41,"column":3}}},"3":{"name":"(anonymous_7)","decl":{"start":{"line":50,"column":2},"end":{"line":50,"column":7}},"loc":{"start":{"line":50,"column":14},"end":{"line":52,"column":3}}},"4":{"name":"(anonymous_8)","decl":{"start":{"line":62,"column":2},"end":{"line":62,"column":7}},"loc":{"start":{"line":64,"column":37},"end":{"line":68,"column":3}}},"5":{"name":"(anonymous_9)","decl":{"start":{"line":77,"column":2},"end":{"line":77,"column":7}},"loc":{"start":{"line":78,"column":32},"end":{"line":81,"column":3}}}},"branchMap":{},"s":{"0":1,"1":1,"2":1,"3":1,"4":1,"5":1,"6":1,"7":1,"8":1,"9":1,"10":1,"11":1,"12":12,"13":2,"14":2,"15":1,"16":2,"17":1,"18":3,"19":1,"20":1,"21":1,"22":1,"23":1,"24":1,"25":1},"f":{"0":12,"1":2,"2":2,"3":1,"4":2,"5":3},"b":{}}
,"/Users/junghun/projects/team-elliot/backend/src/auth/auth.module.ts": {"path":"/Users/junghun/projects/team-elliot/backend/src/auth/auth.module.ts","statementMap":{"0":{"start":{"line":1,"column":0},"end":{"line":1,"column":40}},"1":{"start":{"line":2,"column":0},"end":{"line":2,"column":40}},"2":{"start":{"line":3,"column":0},"end":{"line":3,"column":50}},"3":{"start":{"line":4,"column":0},"end":{"line":4,"column":61}},"4":{"start":{"line":5,"column":0},"end":{"line":5,"column":51}},"5":{"start":{"line":6,"column":0},"end":{"line":6,"column":45}},"6":{"start":{"line":7,"column":0},"end":{"line":7,"column":57}},"7":{"start":{"line":8,"column":0},"end":{"line":8,"column":56}},"8":{"start":{"line":26,"column":7},"end":{"line":26,"column":null}},"9":{"start":{"line":26,"column":13},"end":{"line":26,"column":23}},"10":{"start":{"line":26,"column":13},"end":{"line":26,"column":null}},"11":{"start":{"line":15,"column":59},"end":{"line":18,"column":8}}},"fnMap":{"0":{"name":"(anonymous_1)","decl":{"start":{"line":15,"column":18},"end":{"line":15,"column":23}},"loc":{"start":{"line":15,"column":59},"end":{"line":18,"column":8}}}},"branchMap":{},"s":{"0":0,"1":0,"2":0,"3":0,"4":0,"5":0,"6":0,"7":0,"8":0,"9":0,"10":0,"11":0},"f":{"0":0},"b":{}}
,"/Users/junghun/projects/team-elliot/backend/src/auth/auth.service.ts": {"path":"/Users/junghun/projects/team-elliot/backend/src/auth/auth.service.ts","statementMap":{"0":{"start":{"line":1,"column":0},"end":{"line":1,"column":null}},"1":{"start":{"line":8,"column":0},"end":{"line":8,"column":41}},"2":{"start":{"line":9,"column":0},"end":{"line":9,"column":57}},"3":{"start":{"line":10,"column":0},"end":{"line":10,"column":33}},"4":{"start":{"line":14,"column":7},"end":{"line":259,"column":null}},"5":{"start":{"line":16,"column":12},"end":{"line":16,"column":20}},"6":{"start":{"line":17,"column":12},"end":{"line":17,"column":24}},"7":{"start":{"line":22,"column":22},"end":{"line":26,"column":6}},"8":{"start":{"line":28,"column":4},"end":{"line":40,"column":5}},"9":{"start":{"line":30,"column":19},"end":{"line":32,"column":8}},"10":{"start":{"line":34,"column":38},"end":{"line":34,"column":47}},"11":{"start":{"line":35,"column":6},"end":{"line":39,"column":8}},"12":{"start":{"line":43,"column":20},"end":{"line":47,"column":6}},"13":{"start":{"line":49,"column":4},"end":{"line":52,"column":5}},"14":{"start":{"line":50,"column":38},"end":{"line":50,"column":45}},"15":{"start":{"line":51,"column":6},"end":{"line":51,"column":44}},"16":{"start":{"line":55,"column":20},"end":{"line":57,"column":6}},"17":{"start":{"line":58,"column":4},"end":{"line":61,"column":5}},"18":{"start":{"line":59,"column":38},"end":{"line":59,"column":45}},"19":{"start":{"line":60,"column":6},"end":{"line":60,"column":44}},"20":{"start":{"line":63,"column":4},"end":{"line":65,"column":6}},"21":{"start":{"line":69,"column":17},"end":{"line":69,"column":58}},"22":{"start":{"line":70,"column":20},"end":{"line":70,"column":74}},"23":{"start":{"line":72,"column":4},"end":{"line":80,"column":6}},"24":{"start":{"line":85,"column":28},"end":{"line":87,"column":6}},"25":{"start":{"line":88,"column":28},"end":{"line":90,"column":6}},"26":{"start":{"line":91,"column":30},"end":{"line":93,"column":6}},"27":{"start":{"line":95,"column":4},"end":{"line":97,"column":5}},"28":{"start":{"line":96,"column":6},"end":{"line":96,"column":53}},"29":{"start":{"line":100,"column":27},"end":{"line":100,"column":68}},"30":{"start":{"line":102,"column":4},"end":{"line":213,"column":5}},"31":{"start":{"line":104,"column":22},"end":{"line":111,"column":8}},"32":{"start":{"line":114,"column":20},"end":{"line":118,"column":8}},"33":{"start":{"line":120,"column":6},"end":{"line":128,"column":8}},"34":{"start":{"line":129,"column":11},"end":{"line":213,"column":5}},"35":{"start":{"line":131,"column":22},"end":{"line":139,"column":8}},"36":{"start":{"line":142,"column":20},"end":{"line":146,"column":8}},"37":{"start":{"line":148,"column":6},"end":{"line":156,"column":8}},"38":{"start":{"line":157,"column":11},"end":{"line":213,"column":5}},"39":{"start":{"line":159,"column":21},"end":{"line":193,"column":8}},"40":{"start":{"line":161,"column":24},"end":{"line":169,"column":10}},"41":{"start":{"line":172,"column":26},"end":{"line":180,"column":10}},"42":{"start":{"line":183,"column":21},"end":{"line":190,"column":10}},"43":{"start":{"line":192,"column":8},"end":{"line":192,"column":44}},"44":{"start":{"line":196,"column":20},"end":{"line":200,"column":8}},"45":{"start":{"line":202,"column":6},"end":{"line":210,"column":8}},"46":{"start":{"line":212,"column":6},"end":{"line":212,"column":54}},"47":{"start":{"line":217,"column":17},"end":{"line":219,"column":6}},"48":{"start":{"line":221,"column":4},"end":{"line":223,"column":5}},"49":{"start":{"line":222,"column":6},"end":{"line":222,"column":53}},"50":{"start":{"line":225,"column":4},"end":{"line":233,"column":7}},"51":{"start":{"line":236,"column":4},"end":{"line":245,"column":7}},"52":{"start":{"line":249,"column":25},"end":{"line":253,"column":6}},"53":{"start":{"line":255,"column":4},"end":{"line":257,"column":6}},"54":{"start":{"line":14,"column":13},"end":{"line":14,"column":24}},"55":{"start":{"line":14,"column":13},"end":{"line":259,"column":null}}},"fnMap":{"0":{"name":"(anonymous_2)","decl":{"start":{"line":15,"column":2},"end":{"line":15,"column":null}},"loc":{"start":{"line":17,"column":34},"end":{"line":18,"column":6}}},"1":{"name":"(anonymous_3)","decl":{"start":{"line":20,"column":2},"end":{"line":20,"column":7}},"loc":{"start":{"line":20,"column":53},"end":{"line":66,"column":3}}},"2":{"name":"(anonymous_4)","decl":{"start":{"line":68,"column":2},"end":{"line":68,"column":7}},"loc":{"start":{"line":68,"column":46},"end":{"line":81,"column":3}}},"3":{"name":"(anonymous_5)","decl":{"start":{"line":83,"column":2},"end":{"line":83,"column":7}},"loc":{"start":{"line":83,"column":35},"end":{"line":214,"column":3}}},"4":{"name":"(anonymous_6)","decl":{"start":{"line":159,"column":52},"end":{"line":159,"column":57}},"loc":{"start":{"line":159,"column":69},"end":{"line":193,"column":7}}},"5":{"name":"(anonymous_7)","decl":{"start":{"line":216,"column":2},"end":{"line":216,"column":7}},"loc":{"start":{"line":216,"column":49},"end":{"line":246,"column":3}}},"6":{"name":"(anonymous_8)","decl":{"start":{"line":248,"column":2},"end":{"line":248,"column":7}},"loc":{"start":{"line":248,"column":34},"end":{"line":258,"column":3}}}},"branchMap":{"0":{"loc":{"start":{"line":28,"column":4},"end":{"line":40,"column":5}},"type":"if","locations":[{"start":{"line":28,"column":4},"end":{"line":40,"column":5}}]},"1":{"loc":{"start":{"line":28,"column":8},"end":{"line":28,"column":73}},"type":"binary-expr","locations":[{"start":{"line":28,"column":8},"end":{"line":28,"column":17}},{"start":{"line":28,"column":22},"end":{"line":28,"column":72}}]},"2":{"loc":{"start":{"line":38,"column":12},"end":{"line":38,"column":41}},"type":"cond-expr","locations":[{"start":{"line":38,"column":19},"end":{"line":38,"column":26}},{"start":{"line":38,"column":29},"end":{"line":38,"column":41}}]},"3":{"loc":{"start":{"line":49,"column":4},"end":{"line":52,"column":5}},"type":"if","locations":[{"start":{"line":49,"column":4},"end":{"line":52,"column":5}}]},"4":{"loc":{"start":{"line":49,"column":8},"end":{"line":49,"column":69}},"type":"binary-expr","locations":[{"start":{"line":49,"column":8},"end":{"line":49,"column":15}},{"start":{"line":49,"column":20},"end":{"line":49,"column":68}}]},"5":{"loc":{"start":{"line":58,"column":4},"end":{"line":61,"column":5}},"type":"if","locations":[{"start":{"line":58,"column":4},"end":{"line":61,"column":5}}]},"6":{"loc":{"start":{"line":58,"column":8},"end":{"line":58,"column":69}},"type":"binary-expr","locations":[{"start":{"line":58,"column":8},"end":{"line":58,"column":15}},{"start":{"line":58,"column":20},"end":{"line":58,"column":68}}]},"7":{"loc":{"start":{"line":95,"column":4},"end":{"line":97,"column":5}},"type":"if","locations":[{"start":{"line":95,"column":4},"end":{"line":97,"column":5}}]},"8":{"loc":{"start":{"line":95,"column":8},"end":{"line":95,"column":63}},"type":"binary-expr","locations":[{"start":{"line":95,"column":8},"end":{"line":95,"column":23}},{"start":{"line":95,"column":27},"end":{"line":95,"column":42}},{"start":{"line":95,"column":46},"end":{"line":95,"column":63}}]},"9":{"loc":{"start":{"line":102,"column":4},"end":{"line":213,"column":5}},"type":"if","locations":[{"start":{"line":102,"column":4},"end":{"line":213,"column":5}},{"start":{"line":129,"column":11},"end":{"line":213,"column":5}}]},"10":{"loc":{"start":{"line":129,"column":11},"end":{"line":213,"column":5}},"type":"if","locations":[{"start":{"line":129,"column":11},"end":{"line":213,"column":5}},{"start":{"line":157,"column":11},"end":{"line":213,"column":5}}]},"11":{"loc":{"start":{"line":157,"column":11},"end":{"line":213,"column":5}},"type":"if","locations":[{"start":{"line":157,"column":11},"end":{"line":213,"column":5}},{"start":{"line":211,"column":11},"end":{"line":213,"column":5}}]},"12":{"loc":{"start":{"line":221,"column":4},"end":{"line":223,"column":5}},"type":"if","locations":[{"start":{"line":221,"column":4},"end":{"line":223,"column":5}}]}},"s":{"0":2,"1":2,"2":2,"3":2,"4":2,"5":20,"6":20,"7":16,"8":16,"9":2,"10":0,"11":0,"12":14,"13":14,"14":2,"15":2,"16":12,"17":12,"18":2,"19":2,"20":10,"21":11,"22":2,"23":2,"24":7,"25":7,"26":7,"27":7,"28":4,"29":3,"30":2,"31":2,"32":1,"33":1,"34":0,"35":0,"36":0,"37":0,"38":0,"39":0,"40":0,"41":0,"42":0,"43":0,"44":0,"45":0,"46":0,"47":3,"48":3,"49":2,"50":1,"51":1,"52":2,"53":2,"54":2,"55":2},"f":{"0":20,"1":16,"2":11,"3":7,"4":0,"5":3,"6":2},"b":{"0":[2],"1":[16,4],"2":[0,0],"3":[2],"4":[14,4],"5":[2],"6":[12,4],"7":[4],"8":[7,5,3],"9":[2,0],"10":[0,0],"11":[0,0],"12":[2]}}
,"/Users/junghun/projects/team-elliot/backend/src/auth/decorators/current-user.decorator.ts": {"path":"/Users/junghun/projects/team-elliot/backend/src/auth/decorators/current-user.decorator.ts","statementMap":{"0":{"start":{"line":1,"column":0},"end":{"line":1,"column":72}},"1":{"start":{"line":3,"column":13},"end":{"line":8,"column":2}},"2":{"start":{"line":5,"column":20},"end":{"line":5,"column":51}},"3":{"start":{"line":6,"column":4},"end":{"line":6,"column":24}}},"fnMap":{"0":{"name":"(anonymous_0)","decl":{"start":{"line":4,"column":2},"end":{"line":4,"column":3}},"loc":{"start":{"line":4,"column":43},"end":{"line":7,"column":3}}}},"branchMap":{},"s":{"0":4,"1":4,"2":0,"3":0},"f":{"0":0},"b":{}}
,"/Users/junghun/projects/team-elliot/backend/src/auth/decorators/get-user.decorator.ts": {"path":"/Users/junghun/projects/team-elliot/backend/src/auth/decorators/get-user.decorator.ts","statementMap":{"0":{"start":{"line":1,"column":0},"end":{"line":1,"column":72}},"1":{"start":{"line":3,"column":13},"end":{"line":8,"column":2}},"2":{"start":{"line":5,"column":20},"end":{"line":5,"column":51}},"3":{"start":{"line":6,"column":4},"end":{"line":6,"column":24}}},"fnMap":{"0":{"name":"(anonymous_0)","decl":{"start":{"line":4,"column":2},"end":{"line":4,"column":3}},"loc":{"start":{"line":4,"column":43},"end":{"line":7,"column":3}}}},"branchMap":{},"s":{"0":4,"1":4,"2":0,"3":0},"f":{"0":0},"b":{}}
,"/Users/junghun/projects/team-elliot/backend/src/auth/decorators/roles.decorator.ts": {"path":"/Users/junghun/projects/team-elliot/backend/src/auth/decorators/roles.decorator.ts","statementMap":{"0":{"start":{"line":1,"column":0},"end":{"line":1,"column":45}},"1":{"start":{"line":4,"column":13},"end":{"line":4,"column":33}},"2":{"start":{"line":5,"column":21},"end":{"line":5,"column":72}},"3":{"start":{"line":5,"column":43},"end":{"line":5,"column":72}},"4":{"start":{"line":5,"column":13},"end":{"line":5,"column":21}}},"fnMap":{"0":{"name":"(anonymous_0)","decl":{"start":{"line":5,"column":21},"end":{"line":5,"column":22}},"loc":{"start":{"line":5,"column":43},"end":{"line":5,"column":72}}}},"branchMap":{},"s":{"0":10,"1":10,"2":10,"3":67,"4":10},"f":{"0":67},"b":{}}
,"/Users/junghun/projects/team-elliot/backend/src/auth/dto/check-userid.dto.ts": {"path":"/Users/junghun/projects/team-elliot/backend/src/auth/dto/check-userid.dto.ts","statementMap":{"0":{"start":{"line":1,"column":0},"end":{"line":1,"column":46}},"1":{"start":{"line":2,"column":0},"end":{"line":2,"column":43}},"2":{"start":{"line":4,"column":0},"end":{"line":4,"column":13}},"3":{"start":{"line":7,"column":2},"end":{"line":7,"column":null}}},"fnMap":{},"branchMap":{},"s":{"0":1,"1":1,"2":1,"3":1},"f":{},"b":{}}
,"/Users/junghun/projects/team-elliot/backend/src/auth/dto/login.dto.ts": {"path":"/Users/junghun/projects/team-elliot/backend/src/auth/dto/login.dto.ts","statementMap":{"0":{"start":{"line":1,"column":0},"end":{"line":1,"column":46}},"1":{"start":{"line":2,"column":0},"end":{"line":2,"column":43}},"2":{"start":{"line":4,"column":0},"end":{"line":4,"column":13}},"3":{"start":{"line":7,"column":2},"end":{"line":7,"column":null}},"4":{"start":{"line":11,"column":2},"end":{"line":11,"column":null}}},"fnMap":{},"branchMap":{},"s":{"0":1,"1":1,"2":1,"3":1,"4":1},"f":{},"b":{}}
,"/Users/junghun/projects/team-elliot/backend/src/auth/dto/signup.dto.ts": {"path":"/Users/junghun/projects/team-elliot/backend/src/auth/dto/signup.dto.ts","statementMap":{"0":{"start":{"line":1,"column":0},"end":{"line":1,"column":80}},"1":{"start":{"line":2,"column":0},"end":{"line":2,"column":46}},"2":{"start":{"line":3,"column":0},"end":{"line":3,"column":13}},"3":{"start":{"line":11,"column":2},"end":{"line":11,"column":null}},"4":{"start":{"line":19,"column":2},"end":{"line":19,"column":null}},"5":{"start":{"line":23,"column":2},"end":{"line":23,"column":null}},"6":{"start":{"line":30,"column":2},"end":{"line":30,"column":null}},"7":{"start":{"line":38,"column":2},"end":{"line":38,"column":null}}},"fnMap":{},"branchMap":{},"s":{"0":1,"1":1,"2":1,"3":1,"4":1,"5":1,"6":1,"7":1},"f":{},"b":{}}
,"/Users/junghun/projects/team-elliot/backend/src/auth/dto/withdrawal-reason.dto.ts": {"path":"/Users/junghun/projects/team-elliot/backend/src/auth/dto/withdrawal-reason.dto.ts","statementMap":{"0":{"start":{"line":1,"column":0},"end":{"line":1,"column":46}},"1":{"start":{"line":2,"column":0},"end":{"line":2,"column":43}},"2":{"start":{"line":4,"column":0},"end":{"line":4,"column":13}},"3":{"start":{"line":7,"column":2},"end":{"line":7,"column":null}}},"fnMap":{},"branchMap":{},"s":{"0":1,"1":1,"2":1,"3":1},"f":{},"b":{}}
,"/Users/junghun/projects/team-elliot/backend/src/auth/entities/auth-response.entity.ts": {"path":"/Users/junghun/projects/team-elliot/backend/src/auth/entities/auth-response.entity.ts","statementMap":{"0":{"start":{"line":1,"column":0},"end":{"line":1,"column":46}},"1":{"start":{"line":3,"column":0},"end":{"line":3,"column":13}},"2":{"start":{"line":5,"column":2},"end":{"line":5,"column":null}},"3":{"start":{"line":15,"column":2},"end":{"line":20,"column":null}}},"fnMap":{},"branchMap":{},"s":{"0":1,"1":1,"2":1,"3":1},"f":{},"b":{}}
,"/Users/junghun/projects/team-elliot/backend/src/auth/entities/check-userid-response.entity.ts": {"path":"/Users/junghun/projects/team-elliot/backend/src/auth/entities/check-userid-response.entity.ts","statementMap":{"0":{"start":{"line":1,"column":0},"end":{"line":1,"column":46}},"1":{"start":{"line":3,"column":0},"end":{"line":3,"column":13}},"2":{"start":{"line":5,"column":2},"end":{"line":5,"column":null}}},"fnMap":{},"branchMap":{},"s":{"0":1,"1":1,"2":1},"f":{},"b":{}}
,"/Users/junghun/projects/team-elliot/backend/src/auth/guards/jwt-auth.guard.ts": {"path":"/Users/junghun/projects/team-elliot/backend/src/auth/guards/jwt-auth.guard.ts","statementMap":{"0":{"start":{"line":1,"column":0},"end":{"line":1,"column":62}},"1":{"start":{"line":2,"column":0},"end":{"line":2,"column":45}},"2":{"start":{"line":5,"column":7},"end":{"line":9,"column":null}},"3":{"start":{"line":7,"column":4},"end":{"line":7,"column":38}},"4":{"start":{"line":5,"column":13},"end":{"line":5,"column":25}},"5":{"start":{"line":5,"column":13},"end":{"line":9,"column":null}}},"fnMap":{"0":{"name":"(anonymous_1)","decl":{"start":{"line":6,"column":2},"end":{"line":6,"column":13}},"loc":{"start":{"line":6,"column":39},"end":{"line":8,"column":3}}}},"branchMap":{},"s":{"0":11,"1":11,"2":11,"3":0,"4":11,"5":11},"f":{"0":0},"b":{}}
,"/Users/junghun/projects/team-elliot/backend/src/auth/guards/roles.guard.ts": {"path":"/Users/junghun/projects/team-elliot/backend/src/auth/guards/roles.guard.ts","statementMap":{"0":{"start":{"line":1,"column":0},"end":{"line":1,"column":75}},"1":{"start":{"line":2,"column":0},"end":{"line":2,"column":41}},"2":{"start":{"line":6,"column":7},"end":{"line":22,"column":null}},"3":{"start":{"line":7,"column":22},"end":{"line":7,"column":33}},"4":{"start":{"line":10,"column":26},"end":{"line":13,"column":6}},"5":{"start":{"line":15,"column":4},"end":{"line":17,"column":5}},"6":{"start":{"line":16,"column":6},"end":{"line":16,"column":18}},"7":{"start":{"line":19,"column":21},"end":{"line":19,"column":56}},"8":{"start":{"line":20,"column":4},"end":{"line":20,"column":46}},"9":{"start":{"line":6,"column":13},"end":{"line":6,"column":23}},"10":{"start":{"line":6,"column":13},"end":{"line":22,"column":null}}},"fnMap":{"0":{"name":"(anonymous_2)","decl":{"start":{"line":7,"column":2},"end":{"line":7,"column":22}},"loc":{"start":{"line":7,"column":42},"end":{"line":7,"column":46}}},"1":{"name":"(anonymous_3)","decl":{"start":{"line":9,"column":2},"end":{"line":9,"column":13}},"loc":{"start":{"line":9,"column":39},"end":{"line":21,"column":3}}}},"branchMap":{"0":{"loc":{"start":{"line":15,"column":4},"end":{"line":17,"column":5}},"type":"if","locations":[{"start":{"line":15,"column":4},"end":{"line":17,"column":5}}]}},"s":{"0":10,"1":10,"2":10,"3":106,"4":0,"5":0,"6":0,"7":0,"8":0,"9":10,"10":10},"f":{"0":106,"1":0},"b":{"0":[0]}}
,"/Users/junghun/projects/team-elliot/backend/src/auth/strategies/jwt.strategy.ts": {"path":"/Users/junghun/projects/team-elliot/backend/src/auth/strategies/jwt.strategy.ts","statementMap":{"0":{"start":{"line":1,"column":0},"end":{"line":1,"column":44}},"1":{"start":{"line":2,"column":0},"end":{"line":2,"column":52}},"2":{"start":{"line":3,"column":0},"end":{"line":3,"column":52}},"3":{"start":{"line":4,"column":0},"end":{"line":4,"column":47}},"4":{"start":{"line":7,"column":7},"end":{"line":23,"column":null}},"5":{"start":{"line":9,"column":4},"end":{"line":13,"column":7}},"6":{"start":{"line":8,"column":22},"end":{"line":8,"column":37}},"7":{"start":{"line":17,"column":4},"end":{"line":21,"column":6}},"8":{"start":{"line":7,"column":13},"end":{"line":7,"column":24}},"9":{"start":{"line":7,"column":13},"end":{"line":23,"column":null}}},"fnMap":{"0":{"name":"(anonymous_2)","decl":{"start":{"line":8,"column":2},"end":{"line":8,"column":22}},"loc":{"start":{"line":8,"column":50},"end":{"line":14,"column":3}}},"1":{"name":"(anonymous_3)","decl":{"start":{"line":16,"column":2},"end":{"line":16,"column":7}},"loc":{"start":{"line":16,"column":29},"end":{"line":22,"column":3}}}},"branchMap":{},"s":{"0":0,"1":0,"2":0,"3":0,"4":0,"5":0,"6":0,"7":0,"8":0,"9":0},"f":{"0":0,"1":0},"b":{}}
,"/Users/junghun/projects/team-elliot/backend/src/ballet-pose/ballet-pose.controller.ts": {"path":"/Users/junghun/projects/team-elliot/backend/src/ballet-pose/ballet-pose.controller.ts","statementMap":{"0":{"start":{"line":1,"column":0},"end":{"line":1,"column":null}},"1":{"start":{"line":15,"column":0},"end":{"line":15,"column":59}},"2":{"start":{"line":16,"column":0},"end":{"line":16,"column":69}},"3":{"start":{"line":17,"column":0},"end":{"line":17,"column":58}},"4":{"start":{"line":18,"column":0},"end":{"line":18,"column":67}},"5":{"start":{"line":19,"column":0},"end":{"line":19,"column":67}},"6":{"start":{"line":20,"column":0},"end":{"line":20,"column":61}},"7":{"start":{"line":21,"column":0},"end":{"line":21,"column":56}},"8":{"start":{"line":22,"column":0},"end":{"line":22,"column":59}},"9":{"start":{"line":23,"column":0},"end":{"line":23,"column":38}},"10":{"start":{"line":24,"column":0},"end":{"line":24,"column":59}},"11":{"start":{"line":29,"column":7},"end":{"line":81,"column":null}},"12":{"start":{"line":30,"column":31},"end":{"line":30,"column":50}},"13":{"start":{"line":36,"column":4},"end":{"line":38,"column":5}},"14":{"start":{"line":37,"column":6},"end":{"line":37,"column":65}},"15":{"start":{"line":39,"column":4},"end":{"line":39,"column":44}},"16":{"start":{"line":46,"column":4},"end":{"line":46,"column":46}},"17":{"start":{"line":58,"column":4},"end":{"line":58,"column":69}},"18":{"start":{"line":71,"column":4},"end":{"line":71,"column":73}},"19":{"start":{"line":79,"column":4},"end":{"line":79,"column":45}},"20":{"start":{"line":29,"column":13},"end":{"line":29,"column":33}},"21":{"start":{"line":35,"column":8},"end":{"line":40,"column":null}},"22":{"start":{"line":45,"column":8},"end":{"line":47,"column":null}},"23":{"start":{"line":54,"column":8},"end":{"line":59,"column":null}},"24":{"start":{"line":66,"column":8},"end":{"line":72,"column":null}},"25":{"start":{"line":78,"column":8},"end":{"line":80,"column":null}},"26":{"start":{"line":29,"column":13},"end":{"line":81,"column":null}}},"fnMap":{"0":{"name":"(anonymous_4)","decl":{"start":{"line":30,"column":2},"end":{"line":30,"column":31}},"loc":{"start":{"line":30,"column":67},"end":{"line":30,"column":71}}},"1":{"name":"(anonymous_5)","decl":{"start":{"line":35,"column":2},"end":{"line":35,"column":7}},"loc":{"start":{"line":35,"column":56},"end":{"line":40,"column":3}}},"2":{"name":"(anonymous_6)","decl":{"start":{"line":45,"column":2},"end":{"line":45,"column":7}},"loc":{"start":{"line":45,"column":53},"end":{"line":47,"column":3}}},"3":{"name":"(anonymous_7)","decl":{"start":{"line":54,"column":2},"end":{"line":54,"column":7}},"loc":{"start":{"line":56,"column":47},"end":{"line":59,"column":3}}},"4":{"name":"(anonymous_8)","decl":{"start":{"line":66,"column":2},"end":{"line":66,"column":7}},"loc":{"start":{"line":69,"column":47},"end":{"line":72,"column":3}}},"5":{"name":"(anonymous_9)","decl":{"start":{"line":78,"column":2},"end":{"line":78,"column":7}},"loc":{"start":{"line":78,"column":52},"end":{"line":80,"column":3}}}},"branchMap":{"0":{"loc":{"start":{"line":36,"column":4},"end":{"line":38,"column":5}},"type":"if","locations":[{"start":{"line":36,"column":4},"end":{"line":38,"column":5}}]}},"s":{"0":1,"1":1,"2":1,"3":1,"4":1,"5":1,"6":1,"7":1,"8":1,"9":1,"10":1,"11":1,"12":8,"13":2,"14":1,"15":1,"16":1,"17":2,"18":2,"19":1,"20":1,"21":1,"22":1,"23":1,"24":1,"25":1,"26":1},"f":{"0":8,"1":2,"2":1,"3":2,"4":2,"5":1},"b":{"0":[1]}}
,"/Users/junghun/projects/team-elliot/backend/src/ballet-pose/ballet-pose.module.ts": {"path":"/Users/junghun/projects/team-elliot/backend/src/ballet-pose/ballet-pose.module.ts","statementMap":{"0":{"start":{"line":1,"column":0},"end":{"line":1,"column":40}},"1":{"start":{"line":2,"column":0},"end":{"line":2,"column":64}},"2":{"start":{"line":3,"column":0},"end":{"line":3,"column":58}},"3":{"start":{"line":4,"column":0},"end":{"line":4,"column":55}},"4":{"start":{"line":12,"column":7},"end":{"line":12,"column":null}},"5":{"start":{"line":12,"column":13},"end":{"line":12,"column":29}},"6":{"start":{"line":12,"column":13},"end":{"line":12,"column":null}}},"fnMap":{},"branchMap":{},"s":{"0":0,"1":0,"2":0,"3":0,"4":0,"5":0,"6":0},"f":{},"b":{}}
,"/Users/junghun/projects/team-elliot/backend/src/ballet-pose/ballet-pose.service.ts": {"path":"/Users/junghun/projects/team-elliot/backend/src/ballet-pose/ballet-pose.service.ts","statementMap":{"0":{"start":{"line":1,"column":0},"end":{"line":1,"column":63}},"1":{"start":{"line":2,"column":0},"end":{"line":2,"column":57}},"2":{"start":{"line":7,"column":7},"end":{"line":78,"column":null}},"3":{"start":{"line":8,"column":22},"end":{"line":8,"column":30}},"4":{"start":{"line":11,"column":4},"end":{"line":13,"column":7}},"5":{"start":{"line":17,"column":17},"end":{"line":19,"column":6}},"6":{"start":{"line":21,"column":4},"end":{"line":23,"column":5}},"7":{"start":{"line":22,"column":6},"end":{"line":22,"column":55}},"8":{"start":{"line":25,"column":4},"end":{"line":25,"column":16}},"9":{"start":{"line":32,"column":22},"end":{"line":32,"column":48}},"10":{"start":{"line":35,"column":4},"end":{"line":37,"column":5}},"11":{"start":{"line":36,"column":6},"end":{"line":36,"column":64}},"12":{"start":{"line":39,"column":4},"end":{"line":41,"column":7}},"13":{"start":{"line":49,"column":4},"end":{"line":49,"column":27}},"14":{"start":{"line":51,"column":22},"end":{"line":51,"column":48}},"15":{"start":{"line":54,"column":4},"end":{"line":56,"column":5}},"16":{"start":{"line":55,"column":6},"end":{"line":55,"column":64}},"17":{"start":{"line":58,"column":4},"end":{"line":61,"column":7}},"18":{"start":{"line":65,"column":4},"end":{"line":65,"column":27}},"19":{"start":{"line":67,"column":4},"end":{"line":69,"column":7}},"20":{"start":{"line":73,"column":4},"end":{"line":76,"column":7}},"21":{"start":{"line":7,"column":13},"end":{"line":7,"column":30}},"22":{"start":{"line":7,"column":13},"end":{"line":78,"column":null}}},"fnMap":{"0":{"name":"(anonymous_2)","decl":{"start":{"line":8,"column":2},"end":{"line":8,"column":22}},"loc":{"start":{"line":8,"column":43},"end":{"line":8,"column":47}}},"1":{"name":"(anonymous_3)","decl":{"start":{"line":10,"column":2},"end":{"line":10,"column":7}},"loc":{"start":{"line":10,"column":15},"end":{"line":14,"column":3}}},"2":{"name":"(anonymous_4)","decl":{"start":{"line":16,"column":2},"end":{"line":16,"column":7}},"loc":{"start":{"line":16,"column":26},"end":{"line":26,"column":3}}},"3":{"name":"(anonymous_5)","decl":{"start":{"line":28,"column":2},"end":{"line":28,"column":7}},"loc":{"start":{"line":30,"column":31},"end":{"line":42,"column":3}}},"4":{"name":"(anonymous_6)","decl":{"start":{"line":44,"column":2},"end":{"line":44,"column":7}},"loc":{"start":{"line":47,"column":31},"end":{"line":62,"column":3}}},"5":{"name":"(anonymous_7)","decl":{"start":{"line":64,"column":2},"end":{"line":64,"column":7}},"loc":{"start":{"line":64,"column":25},"end":{"line":70,"column":3}}},"6":{"name":"(anonymous_8)","decl":{"start":{"line":72,"column":2},"end":{"line":72,"column":7}},"loc":{"start":{"line":72,"column":43},"end":{"line":77,"column":3}}}},"branchMap":{"0":{"loc":{"start":{"line":21,"column":4},"end":{"line":23,"column":5}},"type":"if","locations":[{"start":{"line":21,"column":4},"end":{"line":23,"column":5}}]},"1":{"loc":{"start":{"line":35,"column":4},"end":{"line":37,"column":5}},"type":"if","locations":[{"start":{"line":35,"column":4},"end":{"line":37,"column":5}}]},"2":{"loc":{"start":{"line":54,"column":4},"end":{"line":56,"column":5}},"type":"if","locations":[{"start":{"line":54,"column":4},"end":{"line":56,"column":5}}]}},"s":{"0":2,"1":2,"2":2,"3":11,"4":1,"5":7,"6":7,"7":3,"8":4,"9":2,"10":2,"11":1,"12":2,"13":3,"14":2,"15":2,"16":1,"17":2,"18":2,"19":1,"20":1,"21":2,"22":2},"f":{"0":11,"1":1,"2":7,"3":2,"4":3,"5":2,"6":1},"b":{"0":[3],"1":[1],"2":[1]}}
,"/Users/junghun/projects/team-elliot/backend/src/ballet-pose/dto/create-ballet-pose.dto.ts": {"path":"/Users/junghun/projects/team-elliot/backend/src/ballet-pose/dto/create-ballet-pose.dto.ts","statementMap":{"0":{"start":{"line":1,"column":0},"end":{"line":1,"column":63}},"1":{"start":{"line":2,"column":0},"end":{"line":2,"column":46}},"2":{"start":{"line":4,"column":0},"end":{"line":4,"column":null}},"3":{"start":{"line":5,"column":2},"end":{"line":5,"column":null}},"4":{"start":{"line":6,"column":2},"end":{"line":6,"column":null}},"5":{"start":{"line":7,"column":2},"end":{"line":7,"column":null}},"6":{"start":{"line":10,"column":0},"end":{"line":10,"column":13}},"7":{"start":{"line":13,"column":2},"end":{"line":13,"column":null}},"8":{"start":{"line":18,"column":2},"end":{"line":18,"column":null}},"9":{"start":{"line":22,"column":2},"end":{"line":22,"column":null}},"10":{"start":{"line":26,"column":2},"end":{"line":26,"column":null}}},"fnMap":{"0":{"name":"(anonymous_2)","decl":{"start":{"line":4,"column":0},"end":{"line":4,"column":12}},"loc":{"start":{"line":4,"column":26},"end":{"line":8,"column":1}}}},"branchMap":{"0":{"loc":{"start":{"line":4,"column":12},"end":{"line":4,"column":null}},"type":"binary-expr","locations":[{"start":{"line":4,"column":12},"end":{"line":4,"column":26}},{"start":{"line":4,"column":26},"end":{"line":4,"column":null}}]}},"s":{"0":2,"1":2,"2":2,"3":2,"4":2,"5":2,"6":2,"7":2,"8":2,"9":2,"10":2},"f":{"0":2},"b":{"0":[2,2]}}
,"/Users/junghun/projects/team-elliot/backend/src/ballet-pose/dto/update-ballet-pose.dto.ts": {"path":"/Users/junghun/projects/team-elliot/backend/src/ballet-pose/dto/update-ballet-pose.dto.ts","statementMap":{"0":{"start":{"line":1,"column":0},"end":{"line":1,"column":46}},"1":{"start":{"line":2,"column":0},"end":{"line":2,"column":63}},"2":{"start":{"line":4,"column":0},"end":{"line":4,"column":13}}},"fnMap":{},"branchMap":{},"s":{"0":1,"1":1,"2":1},"f":{},"b":{}}
,"/Users/junghun/projects/team-elliot/backend/src/class/class.controller.ts": {"path":"/Users/junghun/projects/team-elliot/backend/src/class/class.controller.ts","statementMap":{"0":{"start":{"line":1,"column":0},"end":{"line":1,"column":null}},"1":{"start":{"line":14,"column":0},"end":{"line":14,"column":47}},"2":{"start":{"line":15,"column":0},"end":{"line":15,"column":56}},"3":{"start":{"line":16,"column":0},"end":{"line":16,"column":59}},"4":{"start":{"line":17,"column":0},"end":{"line":17,"column":61}},"5":{"start":{"line":19,"column":0},"end":{"line":19,"column":69}},"6":{"start":{"line":20,"column":0},"end":{"line":20,"column":38}},"7":{"start":{"line":21,"column":0},"end":{"line":21,"column":69}},"8":{"start":{"line":22,"column":0},"end":{"line":22,"column":72}},"9":{"start":{"line":26,"column":7},"end":{"line":195,"column":null}},"10":{"start":{"line":27,"column":31},"end":{"line":27,"column":45}},"11":{"start":{"line":31,"column":4},"end":{"line":31,"column":49}},"12":{"start":{"line":39,"column":4},"end":{"line":42,"column":7}},"13":{"start":{"line":49,"column":4},"end":{"line":49,"column":47}},"14":{"start":{"line":55,"column":4},"end":{"line":55,"column":51}},"15":{"start":{"line":74,"column":4},"end":{"line":74,"column":67}},"16":{"start":{"line":80,"column":4},"end":{"line":80,"column":45}},"17":{"start":{"line":92,"column":4},"end":{"line":97,"column":6}},"18":{"start":{"line":106,"column":20},"end":{"line":109,"column":6}},"19":{"start":{"line":111,"column":4},"end":{"line":113,"column":5}},"20":{"start":{"line":112,"column":6},"end":{"line":112,"column":51}},"21":{"start":{"line":115,"column":4},"end":{"line":115,"column":64}},"22":{"start":{"line":124,"column":20},"end":{"line":127,"column":6}},"23":{"start":{"line":129,"column":4},"end":{"line":131,"column":5}},"24":{"start":{"line":130,"column":6},"end":{"line":130,"column":51}},"25":{"start":{"line":133,"column":4},"end":{"line":133,"column":65}},"26":{"start":{"line":142,"column":4},"end":{"line":142,"column":63}},"27":{"start":{"line":151,"column":4},"end":{"line":151,"column":65}},"28":{"start":{"line":159,"column":4},"end":{"line":159,"column":70}},"29":{"start":{"line":170,"column":4},"end":{"line":174,"column":6}},"30":{"start":{"line":180,"column":4},"end":{"line":180,"column":71}},"31":{"start":{"line":189,"column":4},"end":{"line":193,"column":6}},"32":{"start":{"line":26,"column":13},"end":{"line":26,"column":28}},"33":{"start":{"line":30,"column":8},"end":{"line":32,"column":null}},"34":{"start":{"line":35,"column":8},"end":{"line":43,"column":null}},"35":{"start":{"line":47,"column":8},"end":{"line":50,"column":null}},"36":{"start":{"line":54,"column":8},"end":{"line":56,"column":null}},"37":{"start":{"line":62,"column":8},"end":{"line":75,"column":null}},"38":{"start":{"line":79,"column":8},"end":{"line":81,"column":null}},"39":{"start":{"line":87,"column":8},"end":{"line":98,"column":null}},"40":{"start":{"line":104,"column":8},"end":{"line":116,"column":null}},"41":{"start":{"line":122,"column":8},"end":{"line":134,"column":null}},"42":{"start":{"line":138,"column":8},"end":{"line":143,"column":null}},"43":{"start":{"line":147,"column":8},"end":{"line":152,"column":null}},"44":{"start":{"line":155,"column":8},"end":{"line":160,"column":null}},"45":{"start":{"line":165,"column":8},"end":{"line":175,"column":null}},"46":{"start":{"line":179,"column":8},"end":{"line":181,"column":null}},"47":{"start":{"line":185,"column":8},"end":{"line":194,"column":null}},"48":{"start":{"line":26,"column":13},"end":{"line":195,"column":null}}},"fnMap":{"0":{"name":"(anonymous_4)","decl":{"start":{"line":27,"column":2},"end":{"line":27,"column":31}},"loc":{"start":{"line":27,"column":57},"end":{"line":27,"column":61}}},"1":{"name":"(anonymous_5)","decl":{"start":{"line":30,"column":2},"end":{"line":30,"column":7}},"loc":{"start":{"line":30,"column":61},"end":{"line":32,"column":3}}},"2":{"name":"(anonymous_6)","decl":{"start":{"line":35,"column":2},"end":{"line":35,"column":7}},"loc":{"start":{"line":37,"column":42},"end":{"line":43,"column":3}}},"3":{"name":"(anonymous_7)","decl":{"start":{"line":47,"column":2},"end":{"line":47,"column":7}},"loc":{"start":{"line":47,"column":48},"end":{"line":50,"column":3}}},"4":{"name":"(anonymous_8)","decl":{"start":{"line":54,"column":2},"end":{"line":54,"column":7}},"loc":{"start":{"line":54,"column":76},"end":{"line":56,"column":3}}},"5":{"name":"(anonymous_9)","decl":{"start":{"line":62,"column":2},"end":{"line":62,"column":7}},"loc":{"start":{"line":72,"column":28},"end":{"line":75,"column":3}}},"6":{"name":"(anonymous_10)","decl":{"start":{"line":79,"column":2},"end":{"line":79,"column":7}},"loc":{"start":{"line":79,"column":57},"end":{"line":81,"column":3}}},"7":{"name":"(anonymous_11)","decl":{"start":{"line":87,"column":2},"end":{"line":87,"column":7}},"loc":{"start":{"line":90,"column":28},"end":{"line":98,"column":3}}},"8":{"name":"(anonymous_12)","decl":{"start":{"line":104,"column":2},"end":{"line":104,"column":7}},"loc":{"start":{"line":104,"column":48},"end":{"line":116,"column":3}}},"9":{"name":"(anonymous_13)","decl":{"start":{"line":122,"column":2},"end":{"line":122,"column":7}},"loc":{"start":{"line":122,"column":49},"end":{"line":134,"column":3}}},"10":{"name":"(anonymous_14)","decl":{"start":{"line":138,"column":2},"end":{"line":138,"column":7}},"loc":{"start":{"line":140,"column":54},"end":{"line":143,"column":3}}},"11":{"name":"(anonymous_15)","decl":{"start":{"line":147,"column":2},"end":{"line":147,"column":7}},"loc":{"start":{"line":149,"column":54},"end":{"line":152,"column":3}}},"12":{"name":"(anonymous_16)","decl":{"start":{"line":155,"column":2},"end":{"line":155,"column":7}},"loc":{"start":{"line":157,"column":31},"end":{"line":160,"column":3}}},"13":{"name":"(anonymous_17)","decl":{"start":{"line":165,"column":2},"end":{"line":165,"column":7}},"loc":{"start":{"line":168,"column":28},"end":{"line":175,"column":3}}},"14":{"name":"(anonymous_18)","decl":{"start":{"line":179,"column":2},"end":{"line":179,"column":7}},"loc":{"start":{"line":179,"column":75},"end":{"line":181,"column":3}}},"15":{"name":"(anonymous_19)","decl":{"start":{"line":185,"column":2},"end":{"line":185,"column":7}},"loc":{"start":{"line":187,"column":56},"end":{"line":194,"column":3}}}},"branchMap":{"0":{"loc":{"start":{"line":41,"column":17},"end":{"line":41,"column":60}},"type":"cond-expr","locations":[{"start":{"line":41,"column":29},"end":{"line":41,"column":48}},{"start":{"line":41,"column":51},"end":{"line":41,"column":60}}]},"1":{"loc":{"start":{"line":111,"column":4},"end":{"line":113,"column":5}},"type":"if","locations":[{"start":{"line":111,"column":4},"end":{"line":113,"column":5}}]},"2":{"loc":{"start":{"line":129,"column":4},"end":{"line":131,"column":5}},"type":"if","locations":[{"start":{"line":129,"column":4},"end":{"line":131,"column":5}}]},"3":{"loc":{"start":{"line":173,"column":6},"end":{"line":173,"column":51}},"type":"cond-expr","locations":[{"start":{"line":173,"column":32},"end":{"line":173,"column":39}},{"start":{"line":173,"column":42},"end":{"line":173,"column":51}}]}},"s":{"0":1,"1":1,"2":1,"3":1,"4":1,"5":1,"6":1,"7":1,"8":1,"9":1,"10":14,"11":1,"12":3,"13":1,"14":1,"15":1,"16":1,"17":1,"18":0,"19":0,"20":0,"21":0,"22":0,"23":0,"24":0,"25":0,"26":1,"27":1,"28":1,"29":0,"30":1,"31":1,"32":1,"33":1,"34":1,"35":1,"36":1,"37":1,"38":1,"39":1,"40":1,"41":1,"42":1,"43":1,"44":1,"45":1,"46":1,"47":1,"48":1},"f":{"0":14,"1":1,"2":3,"3":1,"4":1,"5":1,"6":1,"7":1,"8":0,"9":0,"10":1,"11":1,"12":1,"13":0,"14":1,"15":1},"b":{"0":[1,2],"1":[0],"2":[0],"3":[0,0]}}
,"/Users/junghun/projects/team-elliot/backend/src/class/class.module.ts": {"path":"/Users/junghun/projects/team-elliot/backend/src/class/class.module.ts","statementMap":{"0":{"start":{"line":1,"column":0},"end":{"line":1,"column":40}},"1":{"start":{"line":2,"column":0},"end":{"line":2,"column":53}},"2":{"start":{"line":3,"column":0},"end":{"line":3,"column":47}},"3":{"start":{"line":4,"column":0},"end":{"line":4,"column":55}},"4":{"start":{"line":12,"column":7},"end":{"line":12,"column":null}},"5":{"start":{"line":12,"column":13},"end":{"line":12,"column":24}},"6":{"start":{"line":12,"column":13},"end":{"line":12,"column":null}}},"fnMap":{},"branchMap":{},"s":{"0":0,"1":0,"2":0,"3":0,"4":0,"5":0,"6":0},"f":{},"b":{}}
,"/Users/junghun/projects/team-elliot/backend/src/class/class.service.ts": {"path":"/Users/junghun/projects/team-elliot/backend/src/class/class.service.ts","statementMap":{"0":{"start":{"line":1,"column":0},"end":{"line":1,"column":null}},"1":{"start":{"line":7,"column":0},"end":{"line":7,"column":57}},"2":{"start":{"line":11,"column":7},"end":{"line":922,"column":null}},"3":{"start":{"line":12,"column":22},"end":{"line":12,"column":30}},"4":{"start":{"line":15,"column":4},"end":{"line":40,"column":7}},"5":{"start":{"line":60,"column":4},"end":{"line":60,"column":43}},"6":{"start":{"line":61,"column":4},"end":{"line":67,"column":7}},"7":{"start":{"line":69,"column":20},"end":{"line":78,"column":6}},"8":{"start":{"line":80,"column":4},"end":{"line":82,"column":5}},"9":{"start":{"line":81,"column":6},"end":{"line":81,"column":53}},"10":{"start":{"line":86,"column":4},"end":{"line":92,"column":5}},"11":{"start":{"line":87,"column":6},"end":{"line":87,"column":27}},"12":{"start":{"line":90,"column":26},"end":{"line":90,"column":75}},"13":{"start":{"line":91,"column":6},"end":{"line":91,"column":51}},"14":{"start":{"line":95,"column":22},"end":{"line":103,"column":6}},"15":{"start":{"line":104,"column":4},"end":{"line":108,"column":5}},"16":{"start":{"line":105,"column":6},"end":{"line":107,"column":8}},"17":{"start":{"line":111,"column":24},"end":{"line":111,"column":64}},"18":{"start":{"line":112,"column":4},"end":{"line":116,"column":5}},"19":{"start":{"line":113,"column":6},"end":{"line":115,"column":8}},"20":{"start":{"line":118,"column":4},"end":{"line":118,"column":56}},"21":{"start":{"line":119,"column":4},"end":{"line":119,"column":52}},"22":{"start":{"line":122,"column":4},"end":{"line":124,"column":5}},"23":{"start":{"line":123,"column":6},"end":{"line":123,"column":61}},"24":{"start":{"line":127,"column":22},"end":{"line":127,"column":72}},"25":{"start":{"line":130,"column":25},"end":{"line":155,"column":6}},"26":{"start":{"line":157,"column":4},"end":{"line":157,"column":42}},"27":{"start":{"line":159,"column":4},"end":{"line":159,"column":53}},"28":{"start":{"line":160,"column":4},"end":{"line":160,"column":53}},"29":{"start":{"line":161,"column":4},"end":{"line":161,"column":51}},"30":{"start":{"line":162,"column":4},"end":{"line":162,"column":51}},"31":{"start":{"line":163,"column":4},"end":{"line":163,"column":47}},"32":{"start":{"line":164,"column":4},"end":{"line":164,"column":51}},"33":{"start":{"line":165,"column":4},"end":{"line":165,"column":47}},"34":{"start":{"line":168,"column":25},"end":{"line":174,"column":6}},"35":{"start":{"line":176,"column":4},"end":{"line":180,"column":6}},"36":{"start":{"line":185,"column":21},"end":{"line":185,"column":58}},"37":{"start":{"line":188,"column":28},"end":{"line":197,"column":6}},"38":{"start":{"line":200,"column":20},"end":{"line":200,"column":21}},"39":{"start":{"line":201,"column":4},"end":{"line":209,"column":7}},"40":{"start":{"line":202,"column":20},"end":{"line":202,"column":75}},"41":{"start":{"line":203,"column":6},"end":{"line":208,"column":7}},"42":{"start":{"line":204,"column":23},"end":{"line":204,"column":45}},"43":{"start":{"line":205,"column":8},"end":{"line":207,"column":9}},"44":{"start":{"line":206,"column":10},"end":{"line":206,"column":29}},"45":{"start":{"line":212,"column":23},"end":{"line":212,"column":36}},"46":{"start":{"line":213,"column":22},"end":{"line":213,"column":77}},"47":{"start":{"line":215,"column":4},"end":{"line":215,"column":21}},"48":{"start":{"line":229,"column":66},"end":{"line":229,"column":74}},"49":{"start":{"line":231,"column":4},"end":{"line":231,"column":52}},"50":{"start":{"line":232,"column":4},"end":{"line":232,"column":37}},"51":{"start":{"line":233,"column":4},"end":{"line":233,"column":41}},"52":{"start":{"line":234,"column":4},"end":{"line":234,"column":41}},"53":{"start":{"line":235,"column":4},"end":{"line":235,"column":37}},"54":{"start":{"line":236,"column":4},"end":{"line":236,"column":41}},"55":{"start":{"line":237,"column":4},"end":{"line":237,"column":37}},"56":{"start":{"line":240,"column":52},"end":{"line":248,"column":6}},"57":{"start":{"line":250,"column":28},"end":{"line":250,"column":51}},"58":{"start":{"line":251,"column":4},"end":{"line":251,"column":53}},"59":{"start":{"line":253,"column":4},"end":{"line":255,"column":5}},"60":{"start":{"line":254,"column":6},"end":{"line":254,"column":54}},"61":{"start":{"line":258,"column":22},"end":{"line":261,"column":6}},"62":{"start":{"line":263,"column":4},"end":{"line":265,"column":5}},"63":{"start":{"line":264,"column":6},"end":{"line":264,"column":53}},"64":{"start":{"line":274,"column":9},"end":{"line":274,"column":11}},"65":{"start":{"line":277,"column":24},"end":{"line":277,"column":43}},"66":{"start":{"line":278,"column":24},"end":{"line":278,"column":41}},"67":{"start":{"line":280,"column":4},"end":{"line":280,"column":45}},"68":{"start":{"line":281,"column":4},"end":{"line":281,"column":45}},"69":{"start":{"line":284,"column":4},"end":{"line":317,"column":5}},"70":{"start":{"line":285,"column":6},"end":{"line":285,"column":70}},"71":{"start":{"line":288,"column":6},"end":{"line":313,"column":7}},"72":{"start":{"line":289,"column":8},"end":{"line":289,"column":52}},"73":{"start":{"line":292,"column":28},"end":{"line":292,"column":49}},"74":{"start":{"line":295,"column":41},"end":{"line":295,"column":73}},"75":{"start":{"line":296,"column":37},"end":{"line":296,"column":67}},"76":{"start":{"line":299,"column":33},"end":{"line":299,"column":54}},"77":{"start":{"line":300,"column":8},"end":{"line":300,"column":64}},"78":{"start":{"line":302,"column":31},"end":{"line":302,"column":52}},"79":{"start":{"line":303,"column":8},"end":{"line":303,"column":58}},"80":{"start":{"line":305,"column":8},"end":{"line":312,"column":11}},"81":{"start":{"line":316,"column":6},"end":{"line":316,"column":53}},"82":{"start":{"line":319,"column":4},"end":{"line":319,"column":47}},"83":{"start":{"line":320,"column":4},"end":{"line":320,"column":62}},"84":{"start":{"line":323,"co
[...]
,"/Users/junghun/projects/team-elliot/backend/src/teacher/teacher.service.ts": {"path":"/Users/junghun/projects/team-elliot/backend/src/teacher/teacher.service.ts","statementMap":{"0":{"start":{"line":1,"column":0},"end":{"line":1,"column":null}},"1":{"start":{"line":8,"column":0},"end":{"line":8,"column":57}},"2":{"start":{"line":9,"column":0},"end":{"line":9,"column":54}},"3":{"start":{"line":10,"column":0},"end":{"line":10,"column":60}},"4":{"start":{"line":15,"column":7},"end":{"line":732,"column":null}},"5":{"start":{"line":17,"column":12},"end":{"line":17,"column":20}},"6":{"start":{"line":18,"column":12},"end":{"line":18,"column":26}},"7":{"start":{"line":19,"column":12},"end":{"line":19,"column":28}},"8":{"start":{"line":27,"column":4},"end":{"line":27,"column":57}},"9":{"start":{"line":31,"column":20},"end":{"line":54,"column":6}},"10":{"start":{"line":56,"column":4},"end":{"line":58,"column":5}},"11":{"start":{"line":57,"column":6},"end":{"line":57,"column":53}},"12":{"start":{"line":60,"column":4},"end":{"line":81,"column":6}},"13":{"start":{"line":97,"column":20},"end":{"line":99,"column":6}},"14":{"start":{"line":101,"column":4},"end":{"line":103,"column":5}},"15":{"start":{"line":102,"column":6},"end":{"line":102,"column":53}},"16":{"start":{"line":105,"column":27},"end":{"line":132,"column":6}},"17":{"start":{"line":134,"column":4},"end":{"line":155,"column":6}},"18":{"start":{"line":159,"column":20},"end":{"line":161,"column":6}},"19":{"start":{"line":163,"column":4},"end":{"line":165,"column":5}},"20":{"start":{"line":164,"column":6},"end":{"line":164,"column":53}},"21":{"start":{"line":167,"column":21},"end":{"line":167,"column":64}},"22":{"start":{"line":169,"column":27},"end":{"line":196,"column":6}},"23":{"start":{"line":198,"column":4},"end":{"line":219,"column":6}},"24":{"start":{"line":223,"column":20},"end":{"line":241,"column":6}},"25":{"start":{"line":243,"column":4},"end":{"line":245,"column":5}},"26":{"start":{"line":244,"column":6},"end":{"line":244,"column":53}},"27":{"start":{"line":248,"column":4},"end":{"line":262,"column":8}},"28":{"start":{"line":248,"column":44},"end":{"line":262,"column":6}},"29":{"start":{"line":266,"column":20},"end":{"line":305,"column":6}},"30":{"start":{"line":307,"column":4},"end":{"line":309,"column":5}},"31":{"start":{"line":308,"column":6},"end":{"line":308,"column":53}},"32":{"start":{"line":312,"column":16},"end":{"line":312,"column":26}},"33":{"start":{"line":313,"column":19},"end":{"line":313,"column":63}},"34":{"start":{"line":316,"column":22},"end":{"line":316,"column":74}},"35":{"start":{"line":319,"column":26},"end":{"line":322,"column":null}},"36":{"start":{"line":326,"column":24},"end":{"line":327,"column":null}},"37":{"start":{"line":327,"column":18},"end":{"line":327,"column":38}},"38":{"start":{"line":329,"column":41},"end":{"line":329,"column":45}},"39":{"start":{"line":330,"column":4},"end":{"line":339,"column":5}},"40":{"start":{"line":331,"column":6},"end":{"line":338,"column":8}},"41":{"start":{"line":334,"column":32},"end":{"line":334,"column":48}},"42":{"start":{"line":335,"column":12},"end":{"line":335,"column":62}},"43":{"start":{"line":342,"column":18},"end":{"line":342,"column":31}},"44":{"start":{"line":343,"column":4},"end":{"line":350,"column":5}},"45":{"start":{"line":345,"column":6},"end":{"line":349,"column":8}},"46":{"start":{"line":353,"column":21},"end":{"line":356,"column":null}},"47":{"start":{"line":358,"column":27},"end":{"line":365,"column":null}},"48":{"start":{"line":359,"column":6},"end":{"line":365,"column":8}},"49":{"start":{"line":360,"column":28},"end":{"line":360,"column":50}},"50":{"start":{"line":361,"column":31},"end":{"line":362,"column":null}},"51":{"start":{"line":364,"column":8},"end":{"line":364,"column":42}},"52":{"start":{"line":368,"column":24},"end":{"line":371,"column":6}},"53":{"start":{"line":374,"column":20},"end":{"line":389,"column":7}},"54":{"start":{"line":374,"column":53},"end":{"line":389,"column":6}},"55":{"start":{"line":392,"column":21},"end":{"line":431,"column":null}},"56":{"start":{"line":393,"column":6},"end":{"line":431,"column":11}},"57":{"start":{"line":396,"column":30},"end":{"line":396,"column":52}},"58":{"start":{"line":397,"column":33},"end":{"line":397,"column":54}},"59":{"start":{"line":400,"column":29},"end":{"line":400,"column":71}},"60":{"start":{"line":401,"column":35},"end":{"line":401,"column":68}},"61":{"start":{"line":402,"column":10},"end":{"line":402,"column":56}},"62":{"start":{"line":405,"column":36},"end":{"line":406,"column":null}},"63":{"start":{"line":410,"column":10},"end":{"line":410,"column":44}},"64":{"start":{"line":412,"column":27},"end":{"line":431,"column":10}},"65":{"start":{"line":429,"column":28},"end":{"line":429,"column":61}},"66":{"start":{"line":434,"column":4},"end":{"line":438,"column":6}},"67":{"start":{"line":443,"column":4},"end":{"line":443,"column":60}},"68":{"start":{"line":448,"column":4},"end":{"line":448,"column":76}},"69":{"start":{"line":453,"column":4},"end":{"line":453,"column":64}},"70":{"start":{"line":461,"column":4},"end":{"line":464,"column":6}},"71":{"start":{"line":469,"column":20},"end":{"line":502,"column":6}},"72":{"start":{"line":504,"column":4},"end":{"line":506,"column":5}},"73":{"start":{"line":505,"column":6},"end":{"line":505,"column":55}},"74":{"start":{"line":508,"column":4},"end":{"line":510,"column":5}},"75":{"start":{"line":509,"column":6},"end":{"line":509,"column":80}},"76":{"start":{"line":513,"column":22},"end":{"line":513,"column":47}},"77":{"start":{"line":516,"column":21},"end":{"line":556,"column":null}},"78":{"start":{"line":517,"column":6},"end":{"line":556,"column":9}},"79":{"start":{"line":517,"column":42},"end":{"line":556,"column":8}},"80":{"start":{"line":535,"column":62},"end":{"line":548,"column":10}},"81":{"start":{"line":549,"column":53},"end":{"line":555,"column":10}},"82":{"start":{"line":560,"column":24},"end":{"line":570,"column":null}},"83":{"start":{"line":561,"column":6},"end":{"line":570,"column":9}},"84":{"start":{"line":561,"column":47},"end":{"line":570,"column":8}},"85":{"start":{"line":573,"column":4},"end":{"line":659,"column":6}},"86":{"start":{"line":600,"column":53},"end":{"line":656,"column":8}},"87":{"start":{"line":628,"column":59},"end":{"line":655,"column":10}},"88":{"start":{"line":636,"column":64},"end":{"line":647,"column":12}},"89":{"start":{"line":648,"column":55},"end":{"line":654,"column":12}},"90":{"start":{"line":664,"column":22},"end":{"line":682,"column":6}},"91":{"start":{"line":684,"column":4},"end":{"line":686,"column":5}},"92":{"start":{"line":685,"column":6},"end":{"line":685,"column":57}},"93":{"start":{"line":688,"column":4},"end":{"line":688,"column":38}},"94":{"start":{"line":693,"column":22},"end":{"line":696,"column":6}},"95":{"start":{"line":698,"column":4},"end":{"line":700,"column":5}},"96":{"start":{"line":699,"column":6},"end":{"line":699,"column":57}},"97":{"start":{"line":703,"column":20},"end":{"line":708,"column":6}},"98":{"start":{"line":710,"column":4},"end":{"line":712,"column":5}},"99":{"start":{"line":711,"column":6},"end":{"line":711,"column":59}},"100":{"start":{"line":715,"column":4},"end":{"line":717,"column":5}},"101":{"start":{"line":716,"column":6},"end":{"line":716,"column":55}},"102":{"start":{"line":720,"column":27},"end":{"line":728,"column":6}},"103":{"start":{"line":730,"column":4},"end":{"line":730,"column":26}},"104":{"start":{"line":15,"column":13},"end":{"line":15,"column":27}},"105":{"start":{"line":15,"column":13},"end":{"line":732,"column":null}}},"fnMap":{"0":{"name":"(anonymous_2)","decl":{"start":{"line":16,"column":2},"end":{"line":16,"column":null}},"loc":{"start":{"line":19,"column":42},"end":{"line":20,"column":6}}},"1":{"name":"(anonymous_3)","decl":{"start":{"line":22,"column":2},"end":{"line":22,"column":7}},"loc":{"start":{"line":25,"column":21},"end":{"line":28,"column":3}}},"2":{"name":"(anonymous_4)","decl":{"start":{"line":30,"column":2},"end":{"line":30,"column":7}},"loc":{"start":{"line":30,"column":36},"end":{"line":82,"column":3}}},"3":{"name":"(anonymous_5)","decl":{"start":{"line":84,"column":2},"end":{"line":84,"column":7}},"loc":{"start":{"line":95,"column":5},"end":{"line":156,"column":3}}},"4":{"name":"(anonymous_6)","decl":{"start":{"line":158,"column":2},"end":{"line":158,"column":7}},"loc":{"start":{"line":158,"column":65},"end":{"line":220,"column":3}}},"5":{"name":"(anonymous_7)","decl":{"start":{"line":222,"column":2},"end":{"line":222,"column":7}},"loc":{"start":{"line":222,"column":36},"end":{"line":263,"column":3}}},"6":{"name":"(anonymous_8)","decl":{"start":{"line":248,"column":31},"end":{"line":248,"column":32}},"loc":{"start":{"line":248,"column":44},"end":{"line":262,"column":6}}},"7":{"name":"(anonymous_9)","decl":{"start":{"line":265,"column":2},"end":{"line":265,"column":7}},"loc":{"start":{"line":265,"column":48},"end":{"line":439,"column":3}}},"8":{"name":"(anonymous_10)","decl":{"start":{"line":327,"column":6},"end":{"line":327,"column":7}},"loc":{"start":{"line":327,"column":18},"end":{"line":327,"column":38}}},"9":{"name":"(anonymous_11)","decl":{"start":{"line":333,"column":29},"end":{"line":333,"column":30}},"loc":{"start":{"line":333,"column":35},"end":{"line":336,"column":11}}},"10":{"name":"(anonymous_12)","decl":{"start":{"line":358,"column":51},"end":{"line":358,"column":52}},"loc":{"start":{"line":359,"column":6},"end":{"line":365,"column":8}}},"11":{"name":"(anonymous_13)","decl":{"start":{"line":359,"column":34},"end":{"line":359,"column":35}},"loc":{"start":{"line":359,"column":46},"end":{"line":365,"column":7}}},"12":{"name":"(anonymous_14)","decl":{"start":{"line":374,"column":40},"end":{"line":374,"column":41}},"loc":{"start":{"line":374,"column":53},"end":{"line":389,"column":6}}},"13":{"name":"(anonymous_15)","decl":{"start":{"line":392,"column":45},"end":{"line":392,"column":46}},"loc":{"start":{"line":393,"column":6},"end":{"line":431,"column":11}}},"14":{"name":"(anonymous_16)","decl":{"start":{"line":394,"column":16},"end":{"line":394,"column":17}},"loc":{"start":{"line":394,"column":28},"end":{"line":411,"column":9}}},"15":{"name":"(anonymous_17)","decl":{"start":{"line":412,"column":13},"end":{"line":412,"column":14}},"loc":{"start":{"line":412,"column":27},"end":{"line":431,"column":10}}},"16":{"name":"(anonymous_18)","decl":{"start":{"line":429,"column":12},"end":{"line":429,"column":13}},"loc":{"start":{"line":429,"column":28},"end":{"line":429,"column":61}}},"17":{"name":"(anonymous_19)","decl":{"start":{"line":442,"column":2},"end":{"line":442,"column":7}},"loc":{"start":{"line":442,"column":38},"end":{"line":444,"column":3}}},"18":{"name":"(anonymous_20)","decl":{"start":{"line":447,"column":2},"end":{"line":447,"column":7}},"loc":{"start":{"line":447,"column":60},"end":{"line":449,"column":3}}},"19":{"name":"(anonymous_21)","decl":{"start":{"line":452,"column":2},"end":{"line":452,"column":7}},"loc":{"start":{"line":452,"column":38},"end":{"line":454,"column":3}}},"20":{"name":"(anonymous_22)","decl":{"start":{"line":457,"column":2},"end":{"line":457,"column":7}},"loc":{"start":{"line":459,"column":48},"end":{"line":465,"column":3}}},"21":{"name":"(anonymous_23)","decl":{"start":{"line":468,"column":2},"end":{"line":468,"column":7}},"loc":{"start":{"line":468,"column":40},"end":{"line":660,"column":3}}},"22":{"name":"(anonymous_24)","decl":{"start":{"line":516,"column":53},"end":{"line":516,"column":54}},"loc":{"start":{"line":517,"column":6},"end":{"line":556,"column":9}}},"23":{"name":"(anonymous_25)","decl":{"start":{"line":517,"column":28},"end":{"line":517,"column":29}},"loc":{"start":{"line":517,"column":42},"end":{"line":556,"column":8}}},"24":{"name":"(anonymous_26)","decl":{"start":{"line":535,"column":45},"end":{"line":535,"column":46}},"loc":{"start":{"line":535,"column":62},"end":{"line":548,"column":10}}},"25":{"name":"(anonymous_27)","decl":{"start":{"line":549,"column":39},"end":{"line":549,"column":40}},"loc":{"start":{"line":549,"column":53},"end":{"line":555,"column":10}}},"26":{"name":"(anonymous_28)","decl":{"start":{"line":560,"column":41},"end":{"line":560,"column":42}},"loc":{"start":{"line":561,"column":6},"end":{"line":570,"column":9}}},"27":{"name":"(anonymous_29)","decl":{"start":{"line":561,"column":30},"end":{"line":561,"column":31}},"loc":{"start":{"line":561,"column":47},"end":{"line":570,"column":8}}},"28":{"name":"(anonymous_30)","decl":{"start":{"line":600,"column":43},"end":{"line":600,"column":44}},"loc":{"start":{"line":600,"column":53},"end":{"line":656,"column":8}}},"29":{"name":"(anonymous_31)","decl":{"start":{"line":628,"column":45},"end":{"line":628,"column":46}},"loc":{"start":{"line":628,"column":59},"end":{"line":655,"column":10}}},"30":{"name":"(anonymous_32)","decl":{"start":{"line":636,"column":47},"end":{"line":636,"column":48}},"loc":{"start":{"line":636,"column":64},"end":{"line":647,"column":12}}},"31":{"name":"(anonymous_33)","decl":{"start":{"line":648,"column":41},"end":{"line":648,"column":42}},"loc":{"start":{"line":648,"column":55},"end":{"line":654,"column":12}}},"32":{"name":"(anonymous_34)","decl":{"start":{"line":663,"column":2},"end":{"line":663,"column":7}},"loc":{"start":{"line":663,"column":48},"end":{"line":689,"column":3}}},"33":{"name":"(anonymous_35)","decl":{"start":{"line":692,"column":2},"end":{"line":692,"column":7}},"loc":{"start":{"line":692,"column":71},"end":{"line":731,"column":3}}}},"branchMap":{"0":{"loc":{"start":{"line":56,"column":4},"end":{"line":58,"column":5}},"type":"if","locations":[{"start":{"line":56,"column":4},"end":{"line":58,"column":5}}]},"1":{"loc":{"start":{"line":72,"column":17},"end":{"line":72,"column":44}},"type":"binary-expr","locations":[{"start":{"line":72,"column":17},"end":{"line":72,"column":36}},{"start":{"line":72,"column":40},"end":{"line":72,"column":44}}]},"2":{"loc":{"start":{"line":73,"column":15},"end":{"line":78,"column":14}},"type":"cond-expr","locations":[{"start":{"line":74,"column":10},"end":{"line":77,"column":null}},{"start":{"line":78,"column":10},"end":{"line":78,"column":14}}]},"3":{"loc":{"start":{"line":101,"column":4},"end":{"line":103,"column":5}},"type":"if","locations":[{"start":{"line":101,"column":4},"end":{"line":103,"column":5}}]},"4":{"loc":{"start":{"line":146,"column":17},"end":{"line":146,"column":51}},"type":"binary-expr","locations":[{"start":{"line":146,"column":17},"end":{"line":146,"column":43}},{"start":{"line":146,"column":47},"end":{"line":146,"column":51}}]},"5":{"loc":{"start":{"line":147,"column":15},"end":{"line":152,"column":14}},"type":"cond-expr","locations":[{"start":{"line":148,"column":10},"end":{"line":151,"column":null}},{"start":{"line":152,"column":10},"end":{"line":152,"column":14}}]},"6":{"loc":{"start":{"line":163,"column":4},"end":{"line":165,"column":5}},"type":"if","locations":[{"start":{"line":163,"column":4},"end":{"line":165,"column":5}}]},"7":{"loc":{"start":{"line":210,"column":17},"end":{"line":210,"column":51}},"type":"binary-expr","locations":[{"start":{"line":210,"column":17},"end":{"line":210,"column":43}},{"start":{"line":210,"column":47},"end":{"line":210,"column":51}}]},"8":{"loc":{"start":{"line":211,"column":15},"end":{"line":216,"column":14}},"type":"cond-expr","locations":[{"start":{"line":212,"column":10},"end":{"line":215,"column":null}},{"start":{"line":216,"column":10},"end":{"line":216,"column":14}}]},"9":{"loc":{"start":{"line":243,"column":4},"end":{"line":245,"column":5}},"type":"if","locations":[{"start":{"line":243,"column":4},"end":{"line":245,"column":5}}]},"10":{"loc":{"start":{"line":307,"column":4},"end":{"line":309,"column":5}},"type":"if","locations":[{"start":{"line":307,"column":4},"end":{"line":309,"column":5}}]},"11":{"loc":{"start":{"line":330,"column":4},"end":{"line":339,"column":5}},"type":"if","locations":[{"start":{"line":330,"column":4},"end":{"line":339,"column":5}}]},"12":{"loc":{"start":{"line":343,"column":4},"end":{"line":350,"column":5}},"type":"if","locations":[{"start":{"line":343,"column":4},"end":{"line":350,"column":5}}]},"13":{"loc":{"start":{"line":343,"column":8},"end":{"line":343,"column":62}},"type":"binary-expr","locations":[{"start":{"line":343,"column":8},"end":{"line":343,"column":25}},{"start":{"line":343,"column":29},"end":{"line":343,"column":62}}]},"14":{"loc":{"start":{"line":427,"column":27},"end":{"line":427,"column":55}},"type":"binary-expr","locations":[{"start":{"line":427,"column":27},"end":{"line":427,"column":50}},{"start":{"line":427,"column":54},"end":{"line":427,"column":55}}]},"15":{"loc":{"start":{"line":504,"column":4},"end":{"line":506,"column":5}},"type":"if","locations":[{"start":{"line":504,"column":4},"end":{"line":506,"column":5}}]},"16":{"loc":{"start":{"line":508,"column":4},"end":{"line":510,"column":5}},"type":"if","locations":[{"start":{"line":508,"column":4},"end":{"line":510,"column":5}}]},"17":{"loc":{"start":{"line":529,"column":22},"end":{"line":529,"column":59}},"type":"binary-expr","locations":[{"start":{"line":529,"column":22},"end":{"line":529,"column":48}},{"start":{"line":529,"column":52},"end":{"line":529,"column":59}}]},"18":{"loc":{"start":{"line":592,"column":17},"end":{"line":599,"column":14}},"type":"cond-expr","locations":[{"start":{"line":593,"column":10},"end":{"line":598,"column":null}},{"start":{"line":599,"column":10},"end":{"line":599,"column":14}}]},"19":{"loc":{"start":{"line":684,"column":4},"end":{"line":686,"column":5}},"type":"if","locations":[{"start":{"line":684,"column":4},"end":{"line":686,"column":5}}]},"20":{"loc":{"start":{"line":698,"column":4},"end":{"line":700,"column":5}},"type":"if","locations":[{"start":{"line":698,"column":4},"end":{"line":700,"column":5}}]},"21":{"loc":{"start":{"line":710,"column":4},"end":{"line":712,"column":5}},"type":"if","locations":[{"start":{"line":710,"column":4},"end":{"line":712,"column":5}}]},"22":{"loc":{"start":{"line":715,"column":4},"end":{"line":717,"column":5}},"type":"if","locations":[{"start":{"line":715,"column":4},"end":{"line":717,"column":5}}]}},"s":{"0":4,"1":4,"2":4,"3":4,"4":4,"5":7,"6":7,"7":7,"8":0,"9":2,"10":2,"11":1,"12":1,"13":2,"14":2,"15":1,"16":1,"17":1,"18":1,"19":1,"20":0,"21":1,"22":1,"23":1,"24":2,"25":2,"26":1,"27":1,"28":2,"29":0,"30":0,"31":0,"32":0,"33":0,"34":0,"35":0,"36":0,"37":0,"38":0,"39":0,"40":0,"41":0,"42":0,"43":0,"44":0,"45":0,"46":0,"47":0,"48":0,"49":0,"50":0,"51":0,"52":0,"53":0,"54":0,"55":0,"56":0,"57":0,"58":0,"59":0,"60":0,"61":0,"62":0,"63":0,"64":0,"65":0,"66":0,"67":0,"68":0,"69":0,"70":0,"71":0,"72":0,"73":0,"74":0,"75":0,"76":0,"77":0,"78":0,"79":0,"80":0,"81":0,"82":0,"83":0,"84":0,"85":0,"86":0,"87":0,"88":0,"89":0,"90":0,"91":0,"92":0,"93":0,"94":0,"95":0,"96":0,"97":0,"98":0,"99":0,"100":0,"101":0,"102":0,"103":0,"104":4,"105":4},"f":{"0":7,"1":0,"2":2,"3":2,"4":1,"5":2,"6":2,"7":0,"8":0,"9":0,"10":0,"11":0,"12":0,"13":0,"14":0,"15":0,"16":0,"17":0,"18":0,"19":0,"20":0,"21":0,"22":0,"23":0,"24":0,"25":0,"26":0,"27":0,"28":0,"29":0,"30":0,"31":0,"32":0,"33":0},"b":{"0":[1],"1":[1,1],"2":[0,1],"3":[1],"4":[1,1],"5":[0,1],"6":[0],"7":[1,1],"8":[0,1],"9":[1],"10":[0],"11":[0],"12":[0],"13":[0,0],"14":[0,0],"15":[0],"16":[0],"17":[0,0],"18":[0,0],"19":[0],"20":[0],"21":[0],"22":[0]}}
}
