TN:
SF:src/app.module.ts
FNF:0
FNH:0
DA:1,0
DA:2,0
DA:3,0
DA:4,0
DA:5,0
DA:6,0
DA:7,0
DA:8,0
DA:9,0
DA:10,0
DA:11,0
DA:12,0
DA:14,0
DA:15,0
DA:16,0
DA:17,0
DA:18,0
DA:45,0
LF:18
LH:0
BRF:0
BRH:0
end_of_record
TN:
SF:src/main.ts
FN:6,bootstrap
FNF:1
FNH:0
FNDA:0,bootstrap
DA:1,0
DA:2,0
DA:3,0
DA:4,0
DA:7,0
DA:9,0
DA:17,0
DA:24,0
DA:25,0
DA:27,0
DA:33,0
DA:35,0
LF:12
LH:0
BRDA:28,0,0,0
BRDA:28,0,1,0
BRF:2
BRH:0
end_of_record
TN:
SF:src/academy/academy.controller.ts
FN:23,(anonymous_4)
FN:33,(anonymous_5)
FN:44,(anonymous_6)
FN:52,(anonymous_7)
FN:59,(anonymous_8)
FN:68,(anonymous_9)
FN:76,(anonymous_10)
FN:84,(anonymous_11)
FNF:8
FNH:8
FNDA:7,(anonymous_4)
FNDA:1,(anonymous_5)
FNDA:1,(anonymous_6)
FNDA:1,(anonymous_7)
FNDA:1,(anonymous_8)
FNDA:1,(anonymous_9)
FNDA:1,(anonymous_10)
FNDA:1,(anonymous_11)
DA:1,1
DA:11,1
DA:12,1
DA:13,1
DA:14,1
DA:15,1
DA:16,1
DA:17,1
DA:22,1
DA:23,7
DA:33,1
DA:34,1
DA:44,1
DA:45,1
DA:52,1
DA:53,1
DA:59,1
DA:60,1
DA:68,1
DA:69,1
DA:76,1
DA:77,1
DA:84,1
DA:85,1
LF:24
LH:24
BRF:0
BRH:0
end_of_record
TN:
SF:src/academy/academy.module.ts
FNF:0
FNH:0
DA:1,0
DA:2,0
DA:3,0
DA:4,0
DA:12,0
LF:5
LH:0
BRF:0
BRH:0
end_of_record
TN:
SF:src/academy/academy.service.ts
FN:13,(anonymous_2)
FN:16,(anonymous_3)
FN:25,(anonymous_4)
FN:39,(anonymous_5)
FN:50,(anonymous_6)
FN:55,(anonymous_7)
FN:62,(anonymous_8)
FN:79,(anonymous_9)
FN:91,(anonymous_10)
FN:101,(anonymous_11)
FN:105,(anonymous_12)
FN:153,(anonymous_13)
FN:185,(anonymous_14)
FN:218,(anonymous_15)
FN:240,(anonymous_16)
FN:270,(anonymous_17)
FN:299,(anonymous_18)
FN:339,(anonymous_19)
FN:396,(anonymous_20)
FN:406,(anonymous_21)
FN:410,(anonymous_22)
FN:427,(anonymous_23)
FN:449,(anonymous_24)
FN:487,(anonymous_25)
FN:528,(anonymous_26)
FNF:25
FNH:10
FNDA:16,(anonymous_2)
FNDA:2,(anonymous_3)
FNDA:4,(anonymous_4)
FNDA:1,(anonymous_5)
FNDA:1,(anonymous_6)
FNDA:2,(anonymous_7)
FNDA:3,(anonymous_8)
FNDA:2,(anonymous_9)
FNDA:2,(anonymous_10)
FNDA:1,(anonymous_11)
FNDA:0,(anonymous_12)
FNDA:0,(anonymous_13)
FNDA:0,(anonymous_14)
FNDA:0,(anonymous_15)
FNDA:0,(anonymous_16)
FNDA:0,(anonymous_17)
FNDA:0,(anonymous_18)
FNDA:0,(anonymous_19)
FNDA:0,(anonymous_20)
FNDA:0,(anonymous_21)
FNDA:0,(anonymous_22)
FNDA:0,(anonymous_23)
FNDA:0,(anonymous_24)
FNDA:0,(anonymous_25)
FNDA:0,(anonymous_26)
DA:1,8
DA:8,8
DA:12,8
DA:13,16
DA:17,2
DA:20,2
DA:21,1
DA:26,4
DA:34,4
DA:35,3
DA:36,1
DA:37,2
DA:38,1
DA:39,1
DA:40,1
DA:41,0
DA:43,1
DA:44,1
DA:46,1
DA:51,1
DA:56,2
DA:57,2
DA:58,1
DA:63,3
DA:66,3
DA:67,1
DA:68,2
DA:71,2
DA:72,1
DA:75,1
DA:80,2
DA:83,2
DA:84,1
DA:87,1
DA:92,2
DA:100,2
DA:101,1
DA:106,0
DA:145,0
DA:146,0
DA:149,0
DA:154,0
DA:158,0
DA:159,0
DA:162,0
DA:166,0
DA:167,0
DA:171,0
DA:181,0
DA:186,0
DA:190,0
DA:191,0
DA:195,0
DA:199,0
DA:200,0
DA:204,0
DA:214,0
DA:222,0
DA:226,0
DA:227,0
DA:231,0
DA:235,0
DA:236,0
DA:240,0
DA:242,0
DA:253,0
DA:263,0
DA:266,0
DA:271,0
DA:276,0
DA:277,0
DA:280,0
DA:281,0
DA:285,0
DA:295,0
DA:300,0
DA:305,0
DA:306,0
DA:309,0
DA:310,0
DA:314,0
DA:318,0
DA:319,0
DA:325,0
DA:335,0
DA:343,0
DA:347,0
DA:348,0
DA:352,0
DA:353,0
DA:357,0
DA:361,0
DA:362,0
DA:366,0
DA:374,0
DA:375,0
DA:379,0
DA:392,0
DA:397,0
DA:405,0
DA:406,0
DA:411,0
DA:414,0
DA:415,0
DA:416,0
DA:419,0
DA:420,0
DA:423,0
DA:428,0
DA:436,0
DA:437,0
DA:445,0
DA:453,0
DA:458,0
DA:459,0
DA:462,0
DA:463,0
DA:467,0
DA:474,0
DA:475,0
DA:479,0
DA:483,0
DA:492,0
DA:503,0
DA:504,0
DA:508,0
DA:509,0
DA:510,0
DA:514,0
DA:523,0
DA:524,0
DA:528,0
DA:530,0
DA:542,0
DA:552,0
DA:562,0
DA:576,0
DA:590,0
DA:600,0
LF:139
LH:36
BRDA:20,0,0,1
BRDA:34,1,0,1
BRDA:35,2,0,1
BRDA:37,3,0,1
BRDA:57,4,0,1
BRDA:66,5,0,1
BRDA:71,6,0,1
BRDA:83,7,0,1
BRDA:100,8,0,1
BRDA:145,9,0,0
BRDA:158,10,0,0
BRDA:166,11,0,0
BRDA:190,12,0,0
BRDA:199,13,0,0
BRDA:226,14,0,0
BRDA:235,15,0,0
BRDA:276,16,0,0
BRDA:280,17,0,0
BRDA:305,18,0,0
BRDA:309,19,0,0
BRDA:318,20,0,0
BRDA:347,21,0,0
BRDA:352,22,0,0
BRDA:361,23,0,0
BRDA:374,24,0,0
BRDA:405,25,0,0
BRDA:414,26,0,0
BRDA:419,27,0,0
BRDA:436,28,0,0
BRDA:458,29,0,0
BRDA:462,30,0,0
BRDA:474,31,0,0
BRDA:503,32,0,0
BRDA:509,33,0,0
BRDA:523,34,0,0
BRF:35
BRH:9
end_of_record
TN:
SF:src/academy/dto/create-academy.dto.ts
FNF:0
FNH:0
DA:1,1
DA:3,1
DA:6,1
DA:13,1
DA:17,1
DA:21,1
DA:25,1
LF:7
LH:7
BRF:0
BRH:0
end_of_record
TN:
SF:src/academy/dto/index.ts
FNF:0
FNH:0
DA:1,1
DA:2,1
DA:3,1
DA:4,1
LF:4
LH:4
BRF:0
BRH:0
end_of_record
TN:
SF:src/academy/dto/join-academy-request.dto.ts
FNF:0
FNH:0
DA:1,2
DA:2,2
DA:4,2
DA:8,2
DA:13,2
LF:5
LH:5
BRF:0
BRH:0
end_of_record
TN:
SF:src/academy/dto/join-academy.dto.ts
FNF:0
FNH:0
DA:1,1
DA:3,1
DA:6,1
LF:3
LH:3
BRF:0
BRH:0
end_of_record
TN:
SF:src/academy/dto/leave-academy.dto.ts
FNF:0
FNH:0
DA:1,1
DA:3,1
DA:6,1
LF:3
LH:3
BRF:0
BRH:0
end_of_record
TN:
SF:src/academy/dto/update-academy.dto.ts
FNF:0
FNH:0
DA:1,0
DA:3,0
DA:7,0
DA:12,0
DA:16,0
DA:20,0
LF:6
LH:0
BRF:0
BRH:0
end_of_record
TN:
SF:src/auth/auth.controller.ts
FN:22,(anonymous_4)
FN:28,(anonymous_5)
FN:39,(anonymous_6)
FN:50,(anonymous_7)
FN:62,(anonymous_8)
FN:77,(anonymous_9)
FNF:6
FNH:6
FNDA:12,(anonymous_4)
FNDA:2,(anonymous_5)
FNDA:2,(anonymous_6)
FNDA:1,(anonymous_7)
FNDA:2,(anonymous_8)
FNDA:3,(anonymous_9)
DA:1,1
DA:2,1
DA:3,1
DA:4,1
DA:5,1
DA:6,1
DA:7,1
DA:8,1
DA:9,1
DA:10,1
DA:11,1
DA:21,1
DA:22,12
DA:28,1
DA:29,2
DA:39,1
DA:40,2
DA:50,1
DA:51,1
DA:62,1
DA:66,2
DA:67,1
DA:77,1
DA:80,3
LF:24
LH:24
BRF:0
BRH:0
end_of_record
TN:
SF:src/auth/auth.module.ts
FN:15,(anonymous_1)
FNF:1
FNH:0
FNDA:0,(anonymous_1)
DA:1,0
DA:2,0
DA:3,0
DA:4,0
DA:5,0
DA:6,0
DA:7,0
DA:8,0
DA:15,0
DA:26,0
LF:10
LH:0
BRF:0
BRH:0
end_of_record
TN:
SF:src/auth/auth.service.ts
FN:15,(anonymous_2)
FN:20,(anonymous_3)
FN:68,(anonymous_4)
FN:83,(anonymous_5)
FN:159,(anonymous_6)
FN:216,(anonymous_7)
FN:248,(anonymous_8)
FNF:7
FNH:6
FNDA:20,(anonymous_2)
FNDA:16,(anonymous_3)
FNDA:11,(anonymous_4)
FNDA:7,(anonymous_5)
FNDA:0,(anonymous_6)
FNDA:3,(anonymous_7)
FNDA:2,(anonymous_8)
DA:1,2
DA:8,2
DA:9,2
DA:10,2
DA:14,2
DA:16,20
DA:17,20
DA:22,16
DA:28,16
DA:30,2
DA:34,0
DA:35,0
DA:43,14
DA:49,14
DA:50,2
DA:51,2
DA:55,12
DA:58,12
DA:59,2
DA:60,2
DA:63,10
DA:69,11
DA:70,2
DA:72,2
DA:85,7
DA:88,7
DA:91,7
DA:95,7
DA:96,4
DA:100,3
DA:102,2
DA:104,2
DA:114,1
DA:120,1
DA:129,0
DA:131,0
DA:142,0
DA:148,0
DA:157,0
DA:159,0
DA:161,0
DA:172,0
DA:183,0
DA:192,0
DA:196,0
DA:202,0
DA:212,0
DA:217,3
DA:221,3
DA:222,2
DA:225,1
DA:236,1
DA:249,2
DA:255,2
LF:54
LH:39
BRDA:28,0,0,2
BRDA:28,1,0,16
BRDA:28,1,1,4
BRDA:38,2,0,0
BRDA:38,2,1,0
BRDA:49,3,0,2
BRDA:49,4,0,14
BRDA:49,4,1,4
BRDA:58,5,0,2
BRDA:58,6,0,12
BRDA:58,6,1,4
BRDA:95,7,0,4
BRDA:95,8,0,7
BRDA:95,8,1,5
BRDA:95,8,2,3
BRDA:102,9,0,2
BRDA:102,9,1,0
BRDA:129,10,0,0
BRDA:129,10,1,0
BRDA:157,11,0,0
BRDA:157,11,1,0
BRDA:221,12,0,2
BRF:22
BRH:15
end_of_record
TN:
SF:src/auth/decorators/current-user.decorator.ts
FN:4,(anonymous_0)
FNF:1
FNH:0
FNDA:0,(anonymous_0)
DA:1,4
DA:3,4
DA:5,0
DA:6,0
LF:4
LH:2
BRF:0
BRH:0
end_of_record
TN:
SF:src/auth/decorators/get-user.decorator.ts
FN:4,(anonymous_0)
FNF:1
FNH:0
FNDA:0,(anonymous_0)
DA:1,4
DA:3,4
DA:5,0
DA:6,0
LF:4
LH:2
BRF:0
BRH:0
end_of_record
TN:
SF:src/auth/decorators/roles.decorator.ts
FN:5,(anonymous_0)
FNF:1
FNH:1
FNDA:67,(anonymous_0)
DA:1,10
DA:4,10
DA:5,67
LF:3
LH:3
BRF:0
BRH:0
end_of_record
TN:
SF:src/auth/dto/check-userid.dto.ts
FNF:0
FNH:0
DA:1,1
DA:2,1
DA:4,1
DA:7,1
LF:4
LH:4
BRF:0
BRH:0
end_of_record
TN:
SF:src/auth/dto/login.dto.ts
FNF:0
FNH:0
DA:1,1
DA:2,1
DA:4,1
DA:7,1
DA:11,1
LF:5
LH:5
BRF:0
BRH:0
end_of_record
TN:
SF:src/auth/dto/signup.dto.ts
FNF:0
FNH:0
DA:1,1
DA:2,1
DA:3,1
DA:11,1
DA:19,1
DA:23,1
DA:30,1
DA:38,1
LF:8
LH:8
BRF:0
BRH:0
end_of_record
TN:
SF:src/auth/dto/withdrawal-reason.dto.ts
FNF:0
FNH:0
DA:1,1
DA:2,1
DA:4,1
DA:7,1
LF:4
LH:4
BRF:0
BRH:0
end_of_record
TN:
SF:src/auth/entities/auth-response.entity.ts
FNF:0
FNH:0
DA:1,1
DA:3,1
DA:5,1
DA:15,1
LF:4
LH:4
BRF:0
BRH:0
end_of_record
TN:
SF:src/auth/entities/check-userid-response.entity.ts
FNF:0
FNH:0
DA:1,1
DA:3,1
DA:5,1
LF:3
LH:3
BRF:0
BRH:0
end_of_record
TN:
SF:src/auth/guards/jwt-auth.guard.ts
FN:6,(anonymous_1)
FNF:1
FNH:0
FNDA:0,(anonymous_1)
DA:1,11
DA:2,11
DA:5,11
DA:7,0
LF:4
LH:3
BRF:0
BRH:0
end_of_record
TN:
SF:src/auth/guards/roles.guard.ts
FN:7,(anonymous_2)
FN:9,(anonymous_3)
FNF:2
FNH:1
FNDA:106,(anonymous_2)
FNDA:0,(anonymous_3)
DA:1,10
DA:2,10
DA:6,10
DA:7,106
DA:10,0
DA:15,0
DA:16,0
DA:19,0
DA:20,0
LF:9
LH:4
BRDA:15,0,0,0
BRF:1
BRH:0
end_of_record
TN:
SF:src/auth/strategies/jwt.strategy.ts
FN:8,(anonymous_2)
FN:16,(anonymous_3)
FNF:2
FNH:0
FNDA:0,(anonymous_2)
FNDA:0,(anonymous_3)
DA:1,0
DA:2,0
DA:3,0
DA:4,0
DA:7,0
DA:8,0
DA:9,0
DA:17,0
LF:8
LH:0
BRF:0
BRH:0
end_of_record
TN:
SF:src/ballet-pose/ballet-pose.controller.ts
FN:30,(anonymous_4)
FN:35,(anonymous_5)
FN:45,(anonymous_6)
FN:54,(anonymous_7)
FN:66,(anonymous_8)
FN:78,(anonymous_9)
FNF:6
FNH:6
FNDA:8,(anonymous_4)
FNDA:2,(anonymous_5)
FNDA:1,(anonymous_6)
FNDA:2,(anonymous_7)
FNDA:2,(anonymous_8)
FNDA:1,(anonymous_9)
DA:1,1
DA:15,1
DA:16,1
DA:17,1
DA:18,1
DA:19,1
DA:20,1
DA:21,1
DA:22,1
DA:23,1
DA:24,1
DA:29,1
DA:30,8
DA:35,1
DA:36,2
DA:37,1
DA:39,1
DA:45,1
DA:46,1
DA:54,1
DA:58,2
DA:66,1
DA:71,2
DA:78,1
DA:79,1
LF:25
LH:25
BRDA:36,0,0,1
BRF:1
BRH:1
end_of_record
TN:
SF:src/ballet-pose/ballet-pose.module.ts
FNF:0
FNH:0
DA:1,0
DA:2,0
DA:3,0
DA:4,0
DA:12,0
LF:5
LH:0
BRF:0
BRH:0
end_of_record
TN:
SF:src/ballet-pose/ballet-pose.service.ts
FN:8,(anonymous_2)
FN:10,(anonymous_3)
FN:16,(anonymous_4)
FN:28,(anonymous_5)
FN:44,(anonymous_6)
FN:64,(anonymous_7)
FN:72,(anonymous_8)
FNF:7
FNH:7
FNDA:11,(anonymous_2)
FNDA:1,(anonymous_3)
FNDA:7,(anonymous_4)
FNDA:2,(anonymous_5)
FNDA:3,(anonymous_6)
FNDA:2,(anonymous_7)
FNDA:1,(anonymous_8)
DA:1,2
DA:2,2
DA:7,2
DA:8,11
DA:11,1
DA:17,7
DA:21,7
DA:22,3
DA:25,4
DA:32,2
DA:35,2
DA:36,1
DA:39,2
DA:49,3
DA:51,2
DA:54,2
DA:55,1
DA:58,2
DA:65,2
DA:67,1
DA:73,1
LF:21
LH:21
BRDA:21,0,0,3
BRDA:35,1,0,1
BRDA:54,2,0,1
BRF:3
BRH:3
end_of_record
TN:
SF:src/ballet-pose/dto/create-ballet-pose.dto.ts
FN:4,(anonymous_2)
FNF:1
FNH:1
FNDA:2,(anonymous_2)
DA:1,2
DA:2,2
DA:4,2
DA:5,2
DA:6,2
DA:7,2
DA:10,2
DA:13,2
DA:18,2
DA:22,2
DA:26,2
LF:11
LH:11
BRDA:4,0,0,2
BRDA:4,0,1,2
BRF:2
BRH:2
end_of_record
TN:
SF:src/ballet-pose/dto/update-ballet-pose.dto.ts
FNF:0
FNH:0
DA:1,1
DA:2,1
DA:4,1
LF:3
LH:3
BRF:0
BRH:0
end_of_record
TN:
SF:src/class/class.controller.ts
FN:27,(anonymous_4)
FN:30,(anonymous_5)
FN:35,(anonymous_6)
FN:47,(anonymous_7)
FN:54,(anonymous_8)
FN:62,(anonymous_9)
FN:79,(anonymous_10)
FN:87,(anonymous_11)
FN:104,(anonymous_12)
FN:122,(anonymous_13)
FN:138,(anonymous_14)
FN:147,(anonymous_15)
FN:155,(anonymous_16)
FN:165,(anonymous_17)
FN:179,(anonymous_18)
FN:185,(anonymous_19)
FNF:16
FNH:13
FNDA:14,(anonymous_4)
FNDA:1,(anonymous_5)
FNDA:3,(anonymous_6)
FNDA:1,(anonymous_7)
FNDA:1,(anonymous_8)
FNDA:1,(anonymous_9)
FNDA:1,(anonymous_10)
FNDA:1,(anonymous_11)
FNDA:0,(anonymous_12)
FNDA:0,(anonymous_13)
FNDA:1,(anonymous_14)
FNDA:1,(anonymous_15)
FNDA:1,(anonymous_16)
FNDA:0,(anonymous_17)
FNDA:1,(anonymous_18)
FNDA:1,(anonymous_19)
DA:1,1
DA:14,1
DA:15,1
DA:16,1
DA:17,1
DA:19,1
DA:20,1
DA:21,1
DA:22,1
DA:26,1
DA:27,14
DA:30,1
DA:31,1
DA:35,1
DA:39,3
DA:47,1
DA:49,1
DA:54,1
DA:55,1
DA:62,1
DA:74,1
DA:79,1
DA:80,1
DA:87,1
DA:92,1
DA:104,1
DA:106,0
DA:111,0
DA:112,0
DA:115,0
DA:122,1
DA:124,0
DA:129,0
DA:130,0
DA:133,0
DA:138,1
DA:142,1
DA:147,1
DA:151,1
DA:155,1
DA:159,1
DA:165,1
DA:170,0
DA:179,1
DA:180,1
DA:185,1
DA:189,1
LF:47
LH:38
BRDA:41,0,0,1
BRDA:41,0,1,2
BRDA:111,1,0,0
BRDA:129,2,0,0
BRDA:173,3,0,0
BRDA:173,3,1,0
BRF:6
BRH:2
end_of_record
TN:
SF:src/class/class.module.ts
FNF:0
FNH:0
DA:1,0
DA:2,0
DA:3,0
DA:4,0
DA:12,0
LF:5
LH:0
BRF:0
BRH:0
end_of_record
TN:
SF:src/class/class.service.ts
FN:12,(anonymous_2)
FN:14,(anonymous_3)
FN:43,(anonymous_4)
FN:184,(anonymous_5)
FN:201,(anonymous_6)
FN:219,(anonymous_7)
FN:340,(anonymous_8)
FN:363,(anonymous_9)
FN:401,(anonymous_10)
FN:421,(anonymous_11)
FN:446,(anonymous_12)
FN:472,(anonymous_13)
FN:493,(anonymous_14)
FN:524,(anonymous_15)
FN:560,(anonymous_16)
FN:577,(anonymous_17)
FN:600,(anonymous_18)
FN:632,(anonymous_19)
FN:679,(anonymous_20)
FN:697,(anonymous_21)
FN:758,(anonymous_22)
FN:759,(anonymous_23)
FN:765,(anonymous_24)
FN:821,(anonymous_25)
FN:852,(anonymous_26)
FN:891,(anonymous_27)
FNF:26
FNH:12
FNDA:18,(anonymous_2)
FNDA:3,(anonymous_3)
FNDA:3,(anonymous_4)
FNDA:1,(anonymous_5)
FNDA:0,(anonymous_6)
FNDA:1,(anonymous_7)
FNDA:2,(anonymous_8)
FNDA:0,(anonymous_9)
FNDA:0,(anonymous_10)
FNDA:0,(anonymous_11)
FNDA:2,(anonymous_12)
FNDA:1,(anonymous_13)
FNDA:0,(anonymous_14)
FNDA:3,(anonymous_15)
FNDA:2,(anonymous_16)
FNDA:2,(anonymous_17)
FNDA:0,(anonymous_18)
FNDA:0,(anonymous_19)
FNDA:1,(anonymous_20)
FNDA:0,(anonymous_21)
FNDA:0,(anonymous_22)
FNDA:0,(anonymous_23)
FNDA:0,(anonymous_24)
FNDA:0,(anonymous_25)
FNDA:0,(anonymous_26)
FNDA:0,(anonymous_27)
DA:1,8
DA:7,8
DA:11,8
DA:12,18
DA:15,3
DA:60,3
DA:61,3
DA:69,3
DA:80,3
DA:81,2
DA:86,1
DA:87,0
DA:90,1
DA:91,1
DA:95,1
DA:104,1
DA:105,0
DA:111,1
DA:112,1
DA:113,0
DA:118,1
DA:119,1
DA:122,1
DA:123,0
DA:127,1
DA:130,1
DA:157,1
DA:159,1
DA:160,1
DA:161,1
DA:162,1
DA:163,1
DA:164,1
DA:165,1
DA:168,1
DA:176,1
DA:185,1
DA:188,1
DA:200,1
DA:201,1
DA:202,0
DA:203,0
DA:204,0
DA:205,0
DA:206,0
DA:212,1
DA:213,1
DA:215,1
DA:229,1
DA:231,1
DA:232,1
DA:233,1
DA:234,1
DA:235,1
DA:236,1
DA:237,1
DA:240,1
DA:250,1
DA:251,1
DA:253,1
DA:254,0
DA:258,1
DA:263,1
DA:264,0
DA:274,1
DA:277,1
DA:278,1
DA:280,1
DA:281,1
DA:284,1
DA:285,31
DA:288,31
DA:289,5
DA:292,5
DA:295,5
DA:296,5
DA:299,5
DA:300,5
DA:302,5
DA:303,5
DA:305,5
DA:316,31
DA:319,1
DA:320,1
DA:323,1
DA:324,1
DA:325,1
DA:329,1
DA:331,0
DA:332,0
DA:336,1
DA:337,1
DA:341,2
DA:345,2
DA:346,1
DA:349,1
DA:370,0
DA:381,0
DA:382,0
DA:386,0
DA:388,0
DA:389,0
DA:393,0
DA:398,0
DA:402,0
DA:422,0
DA:447,2
DA:463,2
DA:464,1
DA:467,1
DA:468,0
DA:472,1
DA:473,1
DA:476,1
DA:477,1
DA:478,0
DA:479,0
DA:480,0
DA:483,0
DA:487,1
DA:491,1
DA:493,0
DA:496,1
DA:501,1
DA:504,1
DA:507,1
DA:510,1
DA:512,1
DA:525,3
DA:530,3
DA:531,1
DA:534,2
DA:538,0
DA:541,2
DA:548,2
DA:549,1
DA:552,1
DA:561,2
DA:568,2
DA:569,1
DA:572,1
DA:578,2
DA:593,2
DA:594,1
DA:597,1
DA:612,0
DA:620,0
DA:621,0
DA:625,0
DA:626,0
DA:632,0
DA:635,0
DA:637,0
DA:649,0
DA:661,0
DA:669,0
DA:672,0
DA:681,1
DA:702,0
DA:703,0
DA:704,0
DA:707,0
DA:758,0
DA:759,0
DA:761,0
DA:764,0
DA:765,0
DA:768,0
DA:771,0
DA:772,0
DA:775,0
DA:777,0
DA:778,0
DA:781,0
DA:782,0
DA:784,0
DA:788,0
DA:790,0
DA:805,0
DA:822,0
DA:826,0
DA:827,0
DA:831,0
DA:835,0
DA:836,0
DA:840,0
DA:848,0
DA:857,0
DA:861,0
DA:862,0
DA:866,0
DA:877,0
DA:885,0
DA:892,0
DA:916,0
DA:917,0
DA:920,0
LF:197
LH:116
BRDA:17,0,0,3
BRDA:17,0,1,1
BRDA:18,1,0,3
BRDA:18,1,1,1
BRDA:80,2,0,2
BRDA:86,3,0,0
BRDA:86,3,1,1
BRDA:91,4,0,0
BRDA:91,4,1,1
BRDA:104,5,0,0
BRDA:112,6,0,0
BRDA:122,7,0,0
BRDA:203,8,0,0
BRDA:205,9,0,0
BRDA:253,10,0,0
BRDA:263,11,0,0
BRDA:288,12,0,5
BRDA:323,13,0,1
BRDA:345,14,0,1
BRDA:353,15,0,1
BRDA:353,15,1,0
BRDA:356,16,0,1
BRDA:356,16,1,0
BRDA:381,17,0,0
BRDA:388,18,0,0
BRDA:463,19,0,1
BRDA:467,20,0,0
BRDA:479,21,0,0
BRDA:530,22,0,1
BRDA:534,23,0,0
BRDA:535,24,0,2
BRDA:535,24,1,2
BRDA:548,25,0,1
BRDA:568,26,0,1
BRDA:593,27,0,1
BRDA:620,28,0,0
BRDA:625,29,0,0
BRDA:635,30,0,0
BRDA:635,30,1,0
BRDA:640,31,0,0
BRDA:640,31,1,0
BRDA:641,32,0,0
BRDA:641,32,1,0
BRDA:642,33,0,0
BRDA:642,33,1,0
BRDA:643,34,0,0
BRDA:643,34,1,0
BRDA:644,35,0,0
BRDA:644,35,1,0
BRDA:651,36,0,0
BRDA:651,36,1,0
BRDA:652,37,0,0
BRDA:652,37,1,0
BRDA:653,38,0,0
BRDA:653,38,1,0
BRDA:654,39,0,0
BRDA:654,39,1,0
BRDA:655,40,0,0
BRDA:655,40,1,0
BRDA:742,41,0,0
BRDA:742,41,1,0
BRDA:761,42,0,0
BRDA:761,42,1,0
BRDA:784,43,0,0
BRDA:784,43,1,0
BRDA:784,43,2,0
BRDA:784,43,3,0
BRDA:788,44,0,0
BRDA:788,44,1,0
BRDA:788,44,2,0
BRDA:801,45,0,0
BRDA:801,45,1,0
BRDA:826,46,0,0
BRDA:835,47,0,0
BRDA:861,48,0,0
BRDA:916,49,0,0
BRF:76
BRH:19
end_of_record
TN:
SF:src/class-session/class-session.controller.ts
FN:31,(anonymous_4)
FN:42,(anonymous_5)
FN:62,(anonymous_6)
FN:86,(anonymous_7)
FN:100,(anonymous_8)
FN:129,(anonymous_9)
FN:148,(anonymous_10)
FN:165,(anonymous_11)
FN:184,(anonymous_12)
FN:193,(anonymous_13)
FN:203,(anonymous_14)
FN:220,(anonymous_15)
FN:234,(anonymous_16)
FN:261,(anonymous_17)
FN:273,(anonymous_18)
FN:286,(anonymous_19)
FN:303,(anonymous_20)
FN:307,(anonymous_21)
FN:321,(anonymous_22)
FN:338,(anonymous_23)
FN:359,(anonymous_24)
FN:376,(anonymous_25)
FNF:22
FNH:16
FNDA:17,(anonymous_4)
FNDA:1,(anonymous_5)
FNDA:1,(anonymous_6)
FNDA:1,(anonymous_7)
FNDA:2,(anonymous_8)
FNDA:1,(anonymous_9)
FNDA:1,(anonymous_10)
FNDA:2,(anonymous_11)
FNDA:0,(anonymous_12)
FNDA:1,(anonymous_13)
FNDA:1,(anonymous_14)
FNDA:1,(anonymous_15)
FNDA:1,(anonymous_16)
FNDA:1,(anonymous_17)
FNDA:1,(anonymous_18)
FNDA:0,(anonymous_19)
FNDA:0,(anonymous_20)
FNDA:0,(anonymous_21)
FNDA:0,(anonymous_22)
FNDA:1,(anonymous_23)
FNDA:0,(anonymous_24)
FNDA:1,(anonymous_25)
DA:1,1
DA:13,1
DA:14,1
DA:15,1
DA:16,1
DA:17,1
DA:18,1
DA:19,1
DA:20,1
DA:25,1
DA:30,1
DA:31,17
DA:42,1
DA:52,1
DA:62,1
DA:72,1
DA:86,1
DA:90,1
DA:100,1
DA:108,2
DA:119,2
DA:129,1
DA:134,1
DA:148,1
DA:152,1
DA:165,1
DA:170,2
DA:184,1
DA:185,0
DA:193,1
DA:197,1
DA:203,1
DA:207,1
DA:220,1
DA:224,1
DA:234,1
DA:241,1
DA:251,1
DA:261,1
DA:265,1
DA:273,1
DA:277,1
DA:286,1
DA:290,0
DA:303,1
DA:307,0
DA:308,0
DA:321,1
DA:325,0
DA:338,1
DA:343,1
DA:359,1
DA:363,0
DA:376,1
DA:385,1
LF:55
LH:49
BRDA:109,0,0,2
BRDA:109,0,1,1
BRDA:110,1,0,2
BRDA:110,1,1,1
BRDA:111,2,0,2
BRDA:111,2,1,1
BRDA:112,3,0,2
BRDA:112,3,1,1
BRDA:112,3,2,1
BRDA:242,4,0,1
BRDA:242,4,1,0
BRDA:243,5,0,1
BRDA:243,5,1,0
BRDA:244,6,0,1
BRDA:244,6,1,0
BRDA:244,6,2,0
BRDA:279,7,0,0
BRDA:279,7,1,1
BRF:18
BRH:13
end_of_record
TN:
SF:src/class-session/class-session.module.ts
FNF:0
FNH:0
DA:1,0
DA:2,0
DA:3,0
DA:4,0
DA:5,0
DA:13,0
LF:6
LH:0
BRF:0
BRH:0
end_of_record
TN:
SF:src/class-session/class-session.service.ts
FN:19,(anonymous_2)
FN:27,(anonymous_3)
FN:80,(anonymous_4)
FN:137,(anonymous_5)
FN:181,(anonymous_6)
FN:206,(anonymous_7)
FN:221,(anonymous_8)
FN:250,(anonymous_9)
FN:303,(anonymous_10)
FN:315,(anonymous_11)
FN:360,(anonymous_12)
FN:388,(anonymous_13)
FN:389,(anonymous_14)
FN:399,(anonymous_15)
FN:402,(anonymous_16)
FN:444,(anonymous_17)
FN:475,(anonymous_18)
FN:476,(anonymous_19)
FN:486,(anonymous_20)
FN:489,(anonymous_21)
FN:492,(anonymous_22)
FN:532,(anonymous_23)
FN:535,(anonymous_24)
FN:548,(anonymous_25)
FN:571,(anonymous_26)
FN:595,(anonymous_27)
FN:714,(anonymous_28)
FN:741,(anonymous_29)
FN:819,(anonymous_30)
FN:849,(anonymous_31)
FN:882,(anonymous_32)
FN:931,(anonymous_33)
FN:967,(anonymous_34)
FN:1037,(anonymous_35)
FN:1117,(anonymous_36)
FN:1159,(anonymous_37)
FN:1236,(anonymous_38)
FN:1237,(anonymous_39)
FN:1238,(anonymous_40)
FN:1239,(anonymous_41)
FN:1240,(anonymous_42)
FN:1241,(anonymous_43)
FN:1249,(anonymous_44)
FN:1294,(anonymous_45)
FN:1302,(anonymous_46)
FN:1310,(anonymous_47)
FN:1394,(anonymous_48)
FN:1455,(anonymous_49)
FN:1477,(anonymous_50)
FN:1516,(anonymous_51)
FN:1533,(anonymous_52)
FN:1749,(anonymous_53)
FN:1761,(anonymous_54)
FN:1771,(anonymous_55)
FN:1791,(anonymous_56)
FN:1805,(anonymous_57)
FN:1819,(anonymous_58)
FN:1861,(anonymous_59)
FN:1868,(anonymous_60)
FN:1885,(anonymous_61)
FN:1897,(anonymous_62)
FN:1943,(anonymous_63)
FN:1997,(anonymous_64)
FN:2066,(anonymous_65)
FN:2105,(anonymous_66)
FN:2147,(anonymous_67)
FN:2198,(anonymous_68)
FN:2254,(anonymous_69)
FN:2282,(anonymous_70)
FN:2306,(anonymous_71)
FN:2307,(anonymous_72)
FN:2340,(anonymous_73)
FN:2355,(anonymous_74)
FN:2398,(anonymous_75)
FN:2412,(anonymous_76)
FN:2473,(anonymous_77)
FN:2550,(anonymous_78)
FN:2602,(anonymous_79)
FNF:78
FNH:17
FNDA:16,(anonymous_2)
FNDA:3,(anonymous_3)
FNDA:2,(anonymous_4)
FNDA:2,(anonymous_5)
FNDA:0,(anonymous_6)
FNDA:0,(anonymous_7)
FNDA:0,(anonymous_8)
FNDA:0,(anonymous_9)
FNDA:0,(anonymous_10)
FNDA:0,(anonymous_11)
FNDA:0,(anonymous_12)
FNDA:0,(anonymous_13)
FNDA:0,(anonymous_14)
FNDA:0,(anonymous_15)
FNDA:0,(anonymous_16)
FNDA:0,(anonymous_17)
FNDA:0,(anonymous_18)
FNDA:0,(anonymous_19)
FNDA:0,(anonymous_20)
FNDA:0,(anonymous_21)
FNDA:0,(anonymous_22)
FNDA:0,(anonymous_23)
FNDA:0,(anonymous_24)
FNDA:0,(anonymous_25)
FNDA:0,(anonymous_26)
FNDA:2,(anonymous_27)
FNDA:0,(anonymous_28)
FNDA:1,(anonymous_29)
FNDA:0,(anonymous_30)
FNDA:0,(anonymous_31)
FNDA:1,(anonymous_32)
FNDA:0,(anonymous_33)
FNDA:1,(anonymous_34)
FNDA:2,(anonymous_35)
FNDA:1,(anonymous_36)
FNDA:0,(anonymous_37)
FNDA:0,(anonymous_38)
FNDA:0,(anonymous_39)
FNDA:0,(anonymous_40)
FNDA:0,(anonymous_41)
FNDA:0,(anonymous_42)
FNDA:0,(anonymous_43)
FNDA:0,(anonymous_44)
FNDA:0,(anonymous_45)
FNDA:0,(anonymous_46)
FNDA:1,(anonymous_47)
FNDA:1,(anonymous_48)
FNDA:0,(anonymous_49)
FNDA:0,(anonymous_50)
FNDA:0,(anonymous_51)
FNDA:0,(anonymous_52)
FNDA:1,(anonymous_53)
FNDA:0,(anonymous_54)
FNDA:0,(anonymous_55)
FNDA:1,(anonymous_56)
FNDA:0,(anonymous_57)
FNDA:2,(anonymous_58)
FNDA:2,(anonymous_59)
FNDA:1,(anonymous_60)
FNDA:0,(anonymous_61)
FNDA:0,(anonymous_62)
FNDA:0,(anonymous_63)
FNDA:0,(anonymous_64)
FNDA:0,(anonymous_65)
FNDA:0,(anonymous_66)
FNDA:0,(anonymous_67)
FNDA:0,(anonymous_68)
FNDA:0,(anonymous_69)
FNDA:0,(anonymous_70)
FNDA:0,(anonymous_71)
FNDA:0,(anonymous_72)
FNDA:0,(anonymous_73)
FNDA:0,(anonymous_74)
FNDA:0,(anonymous_75)
FNDA:0,(anonymous_76)
FNDA:0,(anonymous_77)
FNDA:0,(anonymous_78)
FNDA:0,(anonymous_79)
DA:1,6
DA:7,6
DA:8,6
DA:10,6
DA:18,6
DA:20,16
DA:21,16
DA:37,3
DA:42,3
DA:43,1
DA:47,2
DA:48,1
DA:54,1
DA:74,1
DA:90,2
DA:101,2
DA:102,1
DA:106,1
DA:107,0
DA:110,1
DA:117,1
DA:131,1
DA:139,2
DA:155,2
DA:156,0
DA:160,2
DA:161,0
DA:165,2
DA:166,1
DA:172,1
DA:178,1
DA:182,0
DA:206,0
DA:207,0
DA:210,0
DA:211,0
DA:212,0
DA:214,0
DA:215,0
DA:218,0
DA:219,0
DA:220,0
DA:222,0
DA:228,0
DA:230,0
DA:243,0
DA:252,0
DA:270,0
DA:271,0
DA:278,0
DA:301,0
DA:303,0
DA:305,0
DA:306,0
DA:307,0
DA:308,0
DA:309,0
DA:312,0
DA:313,0
DA:314,0
DA:316,0
DA:322,0
DA:325,0
DA:328,0
DA:330,0
DA:347,0
DA:362,0
DA:380,0
DA:381,0
DA:388,0
DA:389,0
DA:391,0
DA:392,0
DA:398,0
DA:399,0
DA:401,0
DA:402,0
DA:406,0
DA:431,0
DA:449,0
DA:467,0
DA:468,0
DA:475,0
DA:476,0
DA:478,0
DA:479,0
DA:485,0
DA:486,0
DA:488,0
DA:489,0
DA:492,0
DA:495,0
DA:520,0
DA:533,0
DA:535,0
DA:537,0
DA:538,0
DA:539,0
DA:541,0
DA:542,0
DA:545,0
DA:546,0
DA:547,0
DA:549,0
DA:555,0
DA:557,0
DA:572,0
DA:588,0
DA:589,0
DA:592,0
DA:597,2
DA:604,2
DA:605,0
DA:609,2
DA:618,2
DA:620,1
DA:628,1
DA:632,0
DA:659,0
DA:662,1
DA:663,0
DA:666,1
DA:669,1
DA:670,1
DA:671,1
DA:673,1
DA:674,1
DA:676,1
DA:677,0
DA:681,1
DA:704,1
DA:711,1
DA:715,0
DA:716,0
DA:718,0
DA:719,0
DA:720,0
DA:721,0
DA:723,0
DA:724,0
DA:730,0
DA:747,1
DA:763,1
DA:764,0
DA:768,1
DA:769,0
DA:774,1
DA:775,1
DA:778,1
DA:780,1
DA:781,0
DA:785,1
DA:803,1
DA:811,1
DA:813,1
DA:823,0
DA:826,0
DA:843,0
DA:844,0
DA:848,0
DA:849,0
DA:852,0
DA:853,0
DA:859,0
DA:860,0
DA:861,0
DA:864,0
DA:873,0
DA:892,1
DA:932,0
DA:935,0
DA:955,0
DA:958,0
DA:972,1
DA:988,1
DA:989,0
DA:993,1
DA:994,0
DA:1000,1
DA:1001,1
DA:1002,1
DA:1004,1
DA:1005,0
DA:1008,1
DA:1009,1
DA:1012,1
DA:1031,1
DA:1039,2
DA:1055,2
DA:1056,1
DA:1060,1
DA:1061,0
DA:1065,1
DA:1066,0
DA:1070,1
DA:1071,1
DA:1072,1
DA:1073,0
DA:1076,1
DA:1079,1
DA:1100,1
DA:1101,1
DA:1111,1
DA:1126,1
DA:1161,0
DA:1172,0
DA:1173,0
DA:1177,0
DA:1178,0
DA:1184,0
DA:1221,0
DA:1236,0
DA:1237,0
DA:1238,0
DA:1239,0
DA:1240,0
DA:1241,0
DA:1256,0
DA:1269,0
DA:1294,0
DA:1302,0
DA:1316,1
DA:1332,1
DA:1333,0
DA:1337,1
DA:1338,0
DA:1342,1
DA:1353,1
DA:1354,0
DA:1359,1
DA:1368,1
DA:1369,0
DA:1375,1
DA:1376,1
DA:1379,1
DA:1380,0
DA:1386,1
DA:1387,1
DA:1388,0
DA:1394,1
DA:1396,1
DA:1417,1
DA:1437,1
DA:1445,1
DA:1457,0
DA:1477,0
DA:1478,0
DA:1480,0
DA:1505,0
DA:1524,0
DA:1527,0
DA:1533,0
DA:1534,0
DA:1535,0
DA:1538,0
DA:1539,0
DA:1555,0
DA:1556,0
DA:1561,0
DA:1562,0
DA:1568,0
DA:1571,0
DA:1572,0
DA:1575,0
DA:1577,0
DA:1578,0
DA:1580,0
DA:1581,0
DA:1586,0
DA:1606,0
DA:1610,0
DA:1612,0
DA:1621,0
DA:1623,0
DA:1628,0
DA:1634,0
DA:1661,0
DA:1662,0
DA:1666,0
DA:1677,0
DA:1678,0
DA:1684,0
DA:1687,0
DA:1688,0
DA:1691,0
DA:1693,0
DA:1694,0
DA:1696,0
DA:1697,0
DA:1702,0
DA:1722,0
DA:1725,0
DA:1732,0
DA:1733,0
DA:1734,0
DA:1745,0
DA:1753,1
DA:1754,1
DA:1755,0
DA:1756,0
DA:1757,0
DA:1758,0
DA:1764,0
DA:1765,0
DA:1766,0
DA:1767,0
DA:1768,0
DA:1775,0
DA:1785,0
DA:1792,1
DA:1806,0
DA:1826,2
DA:1827,2
DA:1828,2
DA:1832,2
DA:1835,0
DA:1839,2
DA:1842,2
DA:1844,1
DA:1845,1
DA:1846,1
DA:1848,1
DA:1850,0
DA:1851,0
DA:1852,0
DA:1862,2
DA:1872,1
DA:1886,0
DA:1899,0
DA:1910,0
DA:1911,0
DA:1914,0
DA:1915,0
DA:1921,0
DA:1940,0
DA:1945,0
DA:1956,0
DA:1957,0
DA:1960,0
DA:1961,0
DA:1967,0
DA:1994,0
DA:1999,0
DA:2015,0
DA:2016,0
DA:2020,0
DA:2021,0
DA:2025,0
DA:2026,0
DA:2032,0
DA:2048,0
DA:2058,0
DA:2063,0
DA:2072,0
DA:2088,0
DA:2089,0
DA:2093,0
DA:2094,0
DA:2098,0
DA:2099,0
DA:2105,0
DA:2107,0
DA:2124,0
DA:2135,0
DA:2141,0
DA:2143,0
DA:2148,0
DA:2153,0
DA:2154,0
DA:2157,0
DA:2194,0
DA:2199,0
DA:2223,0
DA:2224,0
DA:2228,0
DA:2229,0
DA:2232,0
DA:2233,0
DA:2234,0
DA:2236,0
DA:2237,0
DA:2240,0
DA:2241,0
DA:2242,0
DA:2245,0
DA:2250,0
DA:2252,0
DA:2253,0
DA:2254,0
DA:2257,0
DA:2278,0
DA:2284,0
DA:2301,0
DA:2302,0
DA:2306,0
DA:2307,0
DA:2310,0
DA:2311,0
DA:2315,0
DA:2339,0
DA:2341,0
DA:2342,0
DA:2347,0
DA:2356,0
DA:2361,0
DA:2362,0
DA:2365,0
DA:2398,0
DA:2416,0
DA:2421,0
DA:2422,0
DA:2426,0
DA:2435,0
DA:2436,0
DA:2439,0
DA:2469,0
DA:2477,0
DA:2482,0
DA:2483,0
DA:2487,0
DA:2505,0
DA:2506,0
DA:2509,0
DA:2510,0
DA:2514,0
DA:2528,0
DA:2536,0
DA:2537,0
DA:2543,0
DA:2546,0
DA:2555,0
DA:2560,0
DA:2561,0
DA:2565,0
DA:2576,0
DA:2577,0
DA:2580,0
DA:2581,0
DA:2585,0
DA:2589,0
DA:2591,0
DA:2602,0
DA:2604,0
DA:2620,0
DA:2631,0
DA:2635,0
DA:2636,0
DA:2638,0
DA:2641,0
LF:449
LH:114
BRDA:42,0,0,1
BRDA:47,1,0,1
BRDA:101,2,0,1
BRDA:106,3,0,0
BRDA:155,4,0,0
BRDA:160,5,0,0
BRDA:165,6,0,1
BRDA:196,7,0,0
BRDA:196,7,1,0
BRDA:222,8,0,0
BRDA:222,8,1,0
BRDA:222,8,2,0
BRDA:228,9,0,0
BRDA:228,9,1,0
BRDA:228,9,2,0
BRDA:270,10,0,0
BRDA:270,11,0,0
BRDA:270,11,1,0
BRDA:270,11,2,0
BRDA:316,12,0,0
BRDA:316,12,1,0
BRDA:316,12,2,0
BRDA:322,13,0,0
BRDA:322,13,1,0
BRDA:322,13,2,0
BRDA:325,14,0,0
BRDA:325,14,1,0
BRDA:328,15,0,0
BRDA:328,15,1,0
BRDA:380,16,0,0
BRDA:391,17,0,0
BRDA:391,18,0,0
BRDA:391,18,1,0
BRDA:422,19,0,0
BRDA:422,19,1,0
BRDA:467,20,0,0
BRDA:478,21,0,0
BRDA:478,22,0,0
BRDA:478,22,1,0
BRDA:549,23,0,0
BRDA:549,23,1,0
BRDA:549,23,2,0
BRDA:549,23,3,0
BRDA:555,24,0,0
BRDA:555,24,1,0
BRDA:555,24,2,0
BRDA:588,25,0,0
BRDA:604,26,0,0
BRDA:618,27,0,1
BRDA:620,28,0,1
BRDA:662,29,0,0
BRDA:676,30,0,0
BRDA:763,31,0,0
BRDA:768,32,0,0
BRDA:780,33,0,0
BRDA:843,34,0,0
BRDA:852,35,0,0
BRDA:860,36,0,0
BRDA:899,37,0,1
BRDA:899,37,1,1
BRDA:900,38,0,1
BRDA:900,38,1,0
BRDA:901,39,0,1
BRDA:901,39,1,0
BRDA:902,40,0,1
BRDA:902,40,1,0
BRDA:902,40,2,0
BRDA:955,41,0,0
BRDA:988,42,0,0
BRDA:993,43,0,0
BRDA:1004,44,0,0
BRDA:1055,45,0,1
BRDA:1060,46,0,0
BRDA:1065,47,0,0
BRDA:1072,48,0,0
BRDA:1100,49,0,1
BRDA:1129,50,0,1
BRDA:1129,50,1,1
BRDA:1130,51,0,1
BRDA:1130,51,1,0
BRDA:1131,52,0,1
BRDA:1131,52,1,0
BRDA:1131,52,2,0
BRDA:1172,53,0,0
BRDA:1177,54,0,0
BRDA:1260,55,0,0
BRDA:1260,55,1,0
BRDA:1260,55,2,0
BRDA:1300,56,0,0
BRDA:1300,56,1,0
BRDA:1332,57,0,0
BRDA:1337,58,0,0
BRDA:1353,59,0,0
BRDA:1368,60,0,0
BRDA:1379,61,0,0
BRDA:1387,62,0,0
BRDA:1491,63,0,0
BRDA:1491,63,1,0
BRDA:1555,64,0,0
BRDA:1561,65,0,0
BRDA:1580,66,0,0
BRDA:1621,67,0,0
BRDA:1623,68,0,0
BRDA:1677,69,0,0
BRDA:1696,70,0,0
BRDA:1733,71,0,0
BRDA:1753,72,0,1
BRDA:1755,73,0,0
BRDA:1757,74,0,0
BRDA:1764,75,0,0
BRDA:1766,76,0,0
BRDA:1785,77,0,0
BRDA:1785,77,1,0
BRDA:1785,78,0,0
BRDA:1785,78,1,0
BRDA:1827,79,0,2
BRDA:1827,79,1,0
BRDA:1832,80,0,2
BRDA:1832,80,1,2
BRDA:1842,81,0,1
BRDA:1842,81,1,1
BRDA:1842,82,0,2
BRDA:1842,82,1,2
BRDA:1845,83,0,1
BRDA:1848,84,0,0
BRDA:1848,85,0,1
BRDA:1848,85,1,0
BRDA:1851,86,0,0
BRDA:1862,87,0,2
BRDA:1862,87,1,1
BRDA:1910,88,0,0
BRDA:1914,89,0,0
BRDA:1956,90,0,0
BRDA:1960,91,0,0
BRDA:2015,92,0,0
BRDA:2020,93,0,0
BRDA:2025,94,0,0
BRDA:2088,95,0,0
BRDA:2093,96,0,0
BRDA:2098,97,0,0
BRDA:2153,98,0,0
BRDA:2223,99,0,0
BRDA:2250,100,0,0
BRDA:2301,101,0,0
BRDA:2310,102,0,0
BRDA:2341,103,0,0
BRDA:2341,103,1,0
BRDA:2361,104,0,0
BRDA:2421,105,0,0
BRDA:2435,106,0,0
BRDA:2482,107,0,0
BRDA:2505,108,0,0
BRDA:2509,109,0,0
BRDA:2560,110,0,0
BRDA:2576,111,0,0
BRDA:2580,112,0,0
BRDA:2589,113,0,0
BRF:157
BRH:29
end_of_record
TN:
SF:src/class-session/dto/change-enrollment.dto.ts
FNF:0
FNH:0
DA:1,1
DA:2,1
DA:4,1
DA:10,1
DA:19,1
LF:5
LH:5
BRF:0
BRH:0
end_of_record
TN:
SF:src/class-session/dto/update-enrollment-status.dto.ts
FN:4,(anonymous_2)
FNF:1
FNH:1
FNDA:6,(anonymous_2)
DA:1,6
DA:2,6
DA:4,6
DA:5,6
DA:6,6
DA:7,6
DA:8,6
DA:9,6
DA:10,6
DA:11,6
DA:12,6
DA:13,6
DA:14,6
DA:17,6
DA:24,6
DA:33,6
DA:36,6
DA:41,6
DA:49,6
DA:58,6
LF:20
LH:20
BRDA:4,0,0,6
BRDA:4,0,1,6
BRF:2
BRH:2
end_of_record
TN:
SF:src/class/dto/update-class-status.dto.ts
FN:4,(anonymous_2)
FNF:1
FNH:1
FNDA:1,(anonymous_2)
DA:1,1
DA:2,1
DA:4,1
DA:5,1
DA:6,1
DA:7,1
DA:10,1
DA:17,1
DA:26,1
LF:9
LH:9
BRDA:4,0,0,1
BRDA:4,0,1,1
BRF:2
BRH:2
end_of_record
TN:
SF:src/config/multer.config.ts
FN:6,(anonymous_0)
FN:14,(anonymous_1)
FN:23,(anonymous_2)
FN:37,(anonymous_3)
FN:51,(anonymous_4)
FNF:5
FNH:0
FNDA:0,(anonymous_0)
FNDA:0,(anonymous_1)
FNDA:0,(anonymous_2)
FNDA:0,(anonymous_3)
FNDA:0,(anonymous_4)
DA:2,3
DA:3,3
DA:6,3
DA:7,0
DA:8,0
DA:10,0
DA:14,3
DA:15,0
DA:16,0
DA:20,3
DA:24,0
DA:34,3
DA:38,0
DA:48,3
DA:52,0
DA:62,3
LF:16
LH:8
BRDA:7,0,0,0
BRF:1
BRH:0
end_of_record
TN:
SF:src/payment/payment.controller.ts
FN:30,(anonymous_4)
FN:36,(anonymous_5)
FN:44,(anonymous_6)
FN:56,(anonymous_7)
FN:66,(anonymous_8)
FN:77,(anonymous_9)
FNF:6
FNH:6
FNDA:5,(anonymous_4)
FNDA:1,(anonymous_5)
FNDA:1,(anonymous_6)
FNDA:1,(anonymous_7)
FNDA:1,(anonymous_8)
FNDA:1,(anonymous_9)
DA:1,1
DA:12,1
DA:13,1
DA:14,1
DA:15,1
DA:16,1
DA:17,1
DA:18,1
DA:19,1
DA:29,1
DA:30,5
DA:36,1
DA:37,1
DA:44,1
DA:47,1
DA:56,1
DA:59,1
DA:66,1
DA:70,1
DA:77,1
DA:80,1
LF:21
LH:21
BRF:0
BRH:0
end_of_record
TN:
SF:src/payment/payment.module.ts
FNF:0
FNH:0
DA:1,0
DA:2,0
DA:3,0
DA:4,0
DA:12,0
LF:5
LH:0
BRF:0
BRH:0
end_of_record
TN:
SF:src/payment/payment.service.ts
FN:12,(anonymous_2)
FN:14,(anonymous_3)
FN:61,(anonymous_4)
FN:89,(anonymous_5)
FN:111,(anonymous_6)
FN:142,(anonymous_7)
FNF:6
FNH:6
FNDA:12,(anonymous_2)
FNDA:4,(anonymous_3)
FNDA:2,(anonymous_4)
FNDA:2,(anonymous_5)
FNDA:2,(anonymous_6)
FNDA:2,(anonymous_7)
DA:1,2
DA:6,2
DA:11,2
DA:12,12
DA:16,4
DA:20,4
DA:21,1
DA:25,3
DA:29,3
DA:30,1
DA:33,2
DA:62,2
DA:82,2
DA:83,1
DA:86,1
DA:90,2
DA:112,2
DA:116,2
DA:117,1
DA:120,1
DA:143,2
DA:147,2
DA:148,1
DA:151,1
DA:155,1
LF:25
LH:25
BRDA:20,0,0,1
BRDA:29,1,0,1
BRDA:38,2,0,2
BRDA:38,2,1,1
BRDA:82,3,0,1
BRDA:116,4,0,1
BRDA:147,5,0,1
BRF:7
BRH:7
end_of_record
TN:
SF:src/payment/dto/create-payment.dto.ts
FNF:0
FNH:0
DA:1,1
DA:8,1
DA:10,1
DA:13,1
DA:17,1
DA:21,1
DA:29,1
DA:36,1
DA:41,1
LF:9
LH:9
BRF:0
BRH:0
end_of_record
TN:
SF:src/payment/dto/update-payment.dto.ts
FNF:0
FNH:0
DA:1,1
DA:2,1
DA:4,1
DA:11,1
DA:19,1
DA:24,1
DA:29,1
LF:7
LH:7
BRF:0
BRH:0
end_of_record
TN:
SF:src/principal/principal.controller.ts
FN:29,(anonymous_4)
FN:33,(anonymous_5)
FN:39,(anonymous_6)
FN:45,(anonymous_7)
FN:51,(anonymous_8)
FN:57,(anonymous_9)
FN:63,(anonymous_10)
FN:69,(anonymous_11)
FN:75,(anonymous_12)
FN:82,(anonymous_13)
FN:88,(anonymous_14)
FN:94,(anonymous_15)
FN:104,(anonymous_16)
FN:113,(anonymous_17)
FN:122,(anonymous_18)
FN:133,(anonymous_19)
FN:139,(anonymous_20)
FN:145,(anonymous_21)
FN:157,(anonymous_22)
FN:166,(anonymous_23)
FN:175,(anonymous_24)
FN:189,(anonymous_25)
FN:198,(anonymous_26)
FN:210,(anonymous_27)
FN:219,(anonymous_28)
FN:228,(anonymous_29)
FNF:26
FNH:26
FNDA:25,(anonymous_4)
FNDA:1,(anonymous_5)
FNDA:1,(anonymous_6)
FNDA:1,(anonymous_7)
FNDA:1,(anonymous_8)
FNDA:1,(anonymous_9)
FNDA:1,(anonymous_10)
FNDA:1,(anonymous_11)
FNDA:1,(anonymous_12)
FNDA:1,(anonymous_13)
FNDA:1,(anonymous_14)
FNDA:1,(anonymous_15)
FNDA:1,(anonymous_16)
FNDA:1,(anonymous_17)
FNDA:1,(anonymous_18)
FNDA:1,(anonymous_19)
FNDA:1,(anonymous_20)
FNDA:1,(anonymous_21)
FNDA:1,(anonymous_22)
FNDA:1,(anonymous_23)
FNDA:1,(anonymous_24)
FNDA:1,(anonymous_25)
FNDA:1,(anonymous_26)
FNDA:1,(anonymous_27)
FNDA:1,(anonymous_28)
FNDA:1,(anonymous_29)
DA:1,1
DA:14,1
DA:15,1
DA:16,1
DA:17,1
DA:18,1
DA:19,1
DA:20,1
DA:21,1
DA:22,1
DA:23,1
DA:28,1
DA:29,25
DA:33,1
DA:34,1
DA:39,1
DA:40,1
DA:45,1
DA:46,1
DA:51,1
DA:52,1
DA:57,1
DA:58,1
DA:63,1
DA:64,1
DA:69,1
DA:70,1
DA:75,1
DA:76,1
DA:82,1
DA:83,1
DA:88,1
DA:89,1
DA:94,1
DA:98,1
DA:104,1
DA:108,1
DA:113,1
DA:117,1
DA:122,1
DA:126,1
DA:133,1
DA:134,1
DA:139,1
DA:140,1
DA:145,1
DA:149,1
DA:157,1
DA:161,1
DA:166,1
DA:170,1
DA:175,1
DA:180,1
DA:189,1
DA:193,1
DA:198,1
DA:203,1
DA:210,1
DA:214,1
DA:219,1
DA:223,1
DA:228,1
DA:232,1
LF:63
LH:63
BRF:0
BRH:0
end_of_record
TN:
SF:src/principal/principal.module.ts
FNF:0
FNH:0
DA:1,0
DA:2,0
DA:3,0
DA:4,0
DA:5,0
DA:6,0
DA:7,0
DA:8,0
DA:9,0
DA:10,0
DA:26,0
LF:11
LH:0
BRF:0
BRH:0
end_of_record
TN:
SF:src/principal/principal.service.ts
FN:19,(anonymous_2)
FN:30,(anonymous_3)
FN:73,(anonymous_4)
FN:78,(anonymous_5)
FN:83,(anonymous_6)
FN:88,(anonymous_7)
FN:93,(anonymous_8)
FN:98,(anonymous_9)
FN:103,(anonymous_10)
FN:119,(anonymous_11)
FN:145,(anonymous_12)
FN:207,(anonymous_13)
FN:208,(anonymous_14)
FN:209,(anonymous_15)
FN:227,(anonymous_16)
FN:228,(anonymous_17)
FN:229,(anonymous_18)
FN:230,(anonymous_19)
FN:254,(anonymous_20)
FN:282,(anonymous_21)
FN:290,(anonymous_22)
FN:304,(anonymous_23)
FN:311,(anonymous_24)
FN:320,(anonymous_25)
FN:387,(anonymous_26)
FN:412,(anonymous_27)
FN:420,(anonymous_28)
FN:447,(anonymous_29)
FN:454,(anonymous_30)
FN:461,(anonymous_31)
FN:469,(anonymous_32)
FN:477,(anonymous_33)
FN:485,(anonymous_34)
FN:498,(anonymous_35)
FN:503,(anonymous_36)
FN:518,(anonymous_37)
FN:523,(anonymous_38)
FN:528,(anonymous_39)
FNF:38
FNH:15
FNDA:18,(anonymous_2)
FNDA:2,(anonymous_3)
FNDA:1,(anonymous_4)
FNDA:1,(anonymous_5)
FNDA:1,(anonymous_6)
FNDA:1,(anonymous_7)
FNDA:1,(anonymous_8)
FNDA:1,(anonymous_9)
FNDA:2,(anonymous_10)
FNDA:2,(anonymous_11)
FNDA:0,(anonymous_12)
FNDA:0,(anonymous_13)
FNDA:0,(anonymous_14)
FNDA:0,(anonymous_15)
FNDA:0,(anonymous_16)
FNDA:0,(anonymous_17)
FNDA:0,(anonymous_18)
FNDA:0,(anonymous_19)
FNDA:0,(anonymous_20)
FNDA:0,(anonymous_21)
FNDA:0,(anonymous_22)
FNDA:0,(anonymous_23)
FNDA:0,(anonymous_24)
FNDA:1,(anonymous_25)
FNDA:0,(anonymous_26)
FNDA:1,(anonymous_27)
FNDA:2,(anonymous_28)
FNDA:1,(anonymous_29)
FNDA:1,(anonymous_30)
FNDA:0,(anonymous_31)
FNDA:0,(anonymous_32)
FNDA:0,(anonymous_33)
FNDA:0,(anonymous_34)
FNDA:0,(anonymous_35)
FNDA:0,(anonymous_36)
FNDA:0,(anonymous_37)
FNDA:0,(anonymous_38)
FNDA:0,(anonymous_39)
DA:1,2
DA:8,2
DA:10,2
DA:11,2
DA:12,2
DA:13,2
DA:14,2
DA:15,2
DA:18,2
DA:20,18
DA:21,18
DA:22,18
DA:23,18
DA:24,18
DA:25,18
DA:26,18
DA:31,2
DA:65,2
DA:66,1
DA:69,1
DA:74,1
DA:79,1
DA:84,1
DA:89,1
DA:94,1
DA:99,1
DA:104,2
DA:111,2
DA:112,1
DA:115,1
DA:120,2
DA:131,2
DA:132,1
DA:135,1
DA:146,0
DA:186,0
DA:187,0
DA:191,0
DA:208,0
DA:209,0
DA:228,0
DA:229,0
DA:230,0
DA:254,0
DA:282,0
DA:290,0
DA:304,0
DA:311,0
DA:325,1
DA:329,1
DA:330,0
DA:334,1
DA:336,1
DA:337,1
DA:340,1
DA:341,1
DA:344,1
DA:345,1
DA:348,1
DA:349,0
DA:352,1
DA:353,0
DA:357,1
DA:358,0
DA:361,1
DA:362,0
DA:365,1
DA:366,0
DA:370,1
DA:371,0
DA:375,1
DA:383,1
DA:388,0
DA:392,0
DA:393,0
DA:397,0
DA:400,0
DA:408,0
DA:413,1
DA:421,2
DA:426,2
DA:427,1
DA:431,1
DA:441,1
DA:448,1
DA:455,1
DA:462,0
DA:470,0
DA:478,0
DA:490,0
DA:499,0
DA:508,0
DA:519,0
DA:524,0
DA:529,0
LF:95
LH:59
BRDA:65,0,0,1
BRDA:111,1,0,1
BRDA:131,2,0,1
BRDA:186,3,0,0
BRDA:329,4,0,0
BRDA:336,5,0,1
BRDA:340,6,0,1
BRDA:344,7,0,1
BRDA:348,8,0,0
BRDA:352,9,0,0
BRDA:357,10,0,0
BRDA:361,11,0,0
BRDA:365,12,0,0
BRDA:370,13,0,0
BRDA:392,14,0,0
BRDA:426,15,0,1
BRF:16
BRH:7
end_of_record
TN:
SF:src/principal/dto/update-academy.dto.ts
FNF:0
FNH:0
DA:1,1
DA:3,1
DA:7,1
DA:12,1
DA:16,1
DA:20,1
LF:6
LH:6
BRF:0
BRH:0
end_of_record
TN:
SF:src/principal/dto/update-profile.dto.ts
FNF:0
FNH:0
DA:1,1
DA:3,1
DA:7,1
DA:12,1
DA:16,1
DA:21,1
DA:26,1
DA:32,1
DA:37,1
DA:42,1
LF:10
LH:10
BRF:0
BRH:0
end_of_record
TN:
SF:src/prisma/prisma.module.ts
FNF:0
FNH:0
DA:1,0
DA:2,0
DA:8,0
LF:3
LH:0
BRF:0
BRH:0
end_of_record
TN:
SF:src/prisma/prisma.service.ts
FN:7,(anonymous_1)
FN:11,(anonymous_2)
FNF:2
FNH:0
FNDA:0,(anonymous_1)
FNDA:0,(anonymous_2)
DA:1,22
DA:2,22
DA:5,22
DA:8,0
DA:12,0
LF:5
LH:3
BRF:0
BRH:0
end_of_record
TN:
SF:src/refund/refund.controller.ts
FN:28,(anonymous_4)
FN:37,(anonymous_5)
FN:51,(anonymous_6)
FN:65,(anonymous_7)
FN:79,(anonymous_8)
FN:93,(anonymous_9)
FNF:6
FNH:6
FNDA:6,(anonymous_4)
FNDA:1,(anonymous_5)
FNDA:1,(anonymous_6)
FNDA:1,(anonymous_7)
FNDA:2,(anonymous_8)
FNDA:1,(anonymous_9)
DA:1,1
DA:14,1
DA:15,1
DA:17,1
DA:18,1
DA:19,1
DA:20,1
DA:21,1
DA:22,1
DA:27,1
DA:28,6
DA:37,1
DA:41,1
DA:51,1
DA:55,1
DA:65,1
DA:66,1
DA:79,1
DA:80,2
DA:93,1
DA:96,1
LF:21
LH:21
BRF:0
BRH:0
end_of_record
TN:
SF:src/refund/refund.module.ts
FNF:0
FNH:0
DA:1,0
DA:2,0
DA:3,0
DA:4,0
DA:5,0
DA:6,0
DA:14,0
LF:7
LH:0
BRF:0
BRH:0
end_of_record
TN:
SF:src/refund/refund.service.ts
FN:15,(anonymous_2)
FN:24,(anonymous_3)
FN:139,(anonymous_4)
FN:187,(anonymous_5)
FN:273,(anonymous_6)
FN:300,(anonymous_7)
FN:332,(anonymous_8)
FN:370,(anonymous_9)
FN:412,(anonymous_10)
FN:461,(anonymous_11)
FN:507,(anonymous_12)
FN:570,(anonymous_13)
FN:631,(anonymous_14)
FN:691,(anonymous_15)
FN:698,(anonymous_16)
FN:708,(anonymous_17)
FN:776,(anonymous_18)
FN:825,(anonymous_19)
FN:854,(anonymous_20)
FN:893,(anonymous_21)
FN:947,(anonymous_22)
FNF:21
FNH:10
FNDA:15,(anonymous_2)
FNDA:5,(anonymous_3)
FNDA:3,(anonymous_4)
FNDA:0,(anonymous_5)
FNDA:1,(anonymous_6)
FNDA:2,(anonymous_7)
FNDA:2,(anonymous_8)
FNDA:0,(anonymous_9)
FNDA:0,(anonymous_10)
FNDA:0,(anonymous_11)
FNDA:0,(anonymous_12)
FNDA:1,(anonymous_13)
FNDA:1,(anonymous_14)
FNDA:1,(anonymous_15)
FNDA:1,(anonymous_16)
FNDA:0,(anonymous_17)
FNDA:0,(anonymous_18)
FNDA:0,(anonymous_19)
FNDA:0,(anonymous_20)
FNDA:0,(anonymous_21)
FNDA:0,(anonymous_22)
DA:1,4
DA:7,4
DA:8,4
DA:9,4
DA:14,4
DA:16,15
DA:17,15
DA:18,15
DA:26,5
DA:43,5
DA:44,1
DA:48,4
DA:49,1
DA:55,3
DA:64,3
DA:65,1
DA:69,2
DA:70,2
DA:71,2
DA:72,1
DA:78,1
DA:119,1
DA:126,1
DA:133,1
DA:140,3
DA:156,3
DA:157,1
DA:161,2
DA:162,1
DA:166,1
DA:167,0
DA:173,1
DA:181,1
DA:188,0
DA:208,0
DA:209,0
DA:213,0
DA:214,0
DA:220,0
DA:233,0
DA:234,0
DA:242,0
DA:251,0
DA:260,0
DA:261,0
DA:267,0
DA:274,1
DA:301,2
DA:302,2
DA:303,1
DA:306,2
DA:333,2
DA:360,2
DA:361,1
DA:364,1
DA:372,0
DA:392,0
DA:393,0
DA:397,0
DA:401,0
DA:405,0
DA:406,0
DA:412,0
DA:414,0
DA:437,0
DA:445,0
DA:449,0
DA:455,0
DA:467,0
DA:487,0
DA:488,0
DA:492,0
DA:496,0
DA:500,0
DA:501,0
DA:507,0
DA:509,0
DA:532,0
DA:541,0
DA:552,0
DA:556,0
DA:564,0
DA:566,0
DA:571,1
DA:576,1
DA:577,0
DA:580,1
DA:627,1
DA:632,1
DA:637,1
DA:638,0
DA:641,1
DA:691,1
DA:698,1
DA:712,0
DA:717,0
DA:718,0
DA:722,0
DA:731,0
DA:732,0
DA:735,0
DA:772,0
DA:777,0
DA:782,0
DA:783,0
DA:787,0
DA:800,0
DA:801,0
DA:804,0
DA:805,0
DA:809,0
DA:813,0
DA:814,0
DA:825,0
DA:826,0
DA:849,0
DA:854,0
DA:857,0
DA:868,0
DA:872,0
DA:880,0
DA:881,0
DA:886,0
DA:889,0
DA:898,0
DA:903,0
DA:904,0
DA:908,0
DA:921,0
DA:922,0
DA:925,0
DA:926,0
DA:930,0
DA:934,0
DA:936,0
DA:947,0
DA:948,0
DA:968,0
DA:978,0
DA:989,0
DA:994,0
DA:1002,0
DA:1003,0
DA:1008,0
DA:1011,0
LF:145
LH:50
BRDA:43,0,0,1
BRDA:48,1,0,1
BRDA:64,2,0,1
BRDA:71,3,0,1
BRDA:156,4,0,1
BRDA:161,5,0,1
BRDA:166,6,0,0
BRDA:208,7,0,0
BRDA:213,8,0,0
BRDA:226,9,0,0
BRDA:226,9,1,0
BRDA:233,10,0,0
BRDA:233,11,0,0
BRDA:233,11,1,0
BRDA:260,12,0,0
BRDA:260,13,0,0
BRDA:260,13,1,0
BRDA:302,14,0,1
BRDA:360,15,0,1
BRDA:392,16,0,0
BRDA:397,17,0,0
BRDA:405,18,0,0
BRDA:487,19,0,0
BRDA:492,20,0,0
BRDA:500,21,0,0
BRDA:576,22,0,0
BRDA:637,23,0,0
BRDA:717,24,0,0
BRDA:731,25,0,0
BRDA:782,26,0,0
BRDA:800,27,0,0
BRDA:804,28,0,0
BRDA:813,29,0,0
BRDA:903,30,0,0
BRDA:921,31,0,0
BRDA:925,32,0,0
BRDA:934,33,0,0
BRF:37
BRH:8
end_of_record
TN:
SF:src/refund/dto/refund-process.dto.ts
FN:4,(anonymous_2)
FNF:1
FNH:0
FNDA:0,(anonymous_2)
DA:1,0
DA:2,0
DA:4,0
DA:5,0
DA:6,0
DA:7,0
DA:10,0
DA:13,0
DA:17,0
DA:21,0
DA:26,0
LF:11
LH:0
BRDA:4,0,0,0
BRDA:4,0,1,0
BRF:2
BRH:0
end_of_record
TN:
SF:src/refund/dto/refund-request.dto.ts
FN:4,(anonymous_2)
FNF:1
FNH:1
FNDA:2,(anonymous_2)
DA:1,2
DA:2,2
DA:4,2
DA:5,2
DA:6,2
DA:7,2
DA:8,2
DA:9,2
DA:12,2
DA:15,2
DA:19,2
DA:24,2
DA:28,2
DA:33,2
DA:38,2
DA:43,2
LF:16
LH:16
BRDA:4,0,0,2
BRDA:4,0,1,2
BRF:2
BRH:2
end_of_record
TN:
SF:src/rejection-detail/rejection-detail.service.ts
FN:10,(anonymous_2)
FN:15,(anonymous_3)
FN:51,(anonymous_4)
FN:72,(anonymous_5)
FN:95,(anonymous_6)
FN:118,(anonymous_7)
FN:140,(anonymous_8)
FNF:7
FNH:0
FNDA:0,(anonymous_2)
FNDA:0,(anonymous_3)
FNDA:0,(anonymous_4)
FNDA:0,(anonymous_5)
FNDA:0,(anonymous_6)
FNDA:0,(anonymous_7)
FNDA:0,(anonymous_8)
DA:1,0
DA:2,0
DA:9,0
DA:10,0
DA:25,0
DA:27,0
DA:52,0
DA:73,0
DA:96,0
DA:122,0
DA:141,0
LF:11
LH:0
BRF:0
BRH:0
end_of_record
TN:
SF:src/rejection-detail/dto/create-rejection-detail.dto.ts
FN:9,(anonymous_2)
FNF:1
FNH:0
FNDA:0,(anonymous_2)
DA:1,0
DA:9,0
DA:10,0
DA:11,0
DA:12,0
DA:15,0
DA:18,0
DA:22,0
DA:26,0
DA:30,0
DA:34,0
DA:38,0
LF:12
LH:0
BRDA:9,0,0,0
BRDA:9,0,1,0
BRF:2
BRH:0
end_of_record
TN:
SF:src/session-content/session-content.controller.ts
FN:26,(anonymous_4)
FN:31,(anonymous_5)
FN:38,(anonymous_6)
FN:46,(anonymous_7)
FN:60,(anonymous_8)
FN:71,(anonymous_9)
FN:82,(anonymous_10)
FNF:7
FNH:7
FNDA:6,(anonymous_4)
FNDA:1,(anonymous_5)
FNDA:1,(anonymous_6)
FNDA:1,(anonymous_7)
FNDA:1,(anonymous_8)
FNDA:1,(anonymous_9)
FNDA:1,(anonymous_10)
DA:1,1
DA:12,1
DA:13,1
DA:14,1
DA:15,1
DA:16,1
DA:17,1
DA:18,1
DA:19,1
DA:20,1
DA:25,1
DA:26,6
DA:31,1
DA:32,1
DA:38,1
DA:39,1
DA:46,1
DA:50,1
DA:60,1
DA:64,1
DA:71,1
DA:75,1
DA:82,1
DA:83,1
LF:24
LH:24
BRF:0
BRH:0
end_of_record
TN:
SF:src/session-content/session-content.module.ts
FNF:0
FNH:0
DA:1,0
DA:2,0
DA:3,0
DA:4,0
DA:12,0
LF:5
LH:0
BRF:0
BRH:0
end_of_record
TN:
SF:src/session-content/session-content.service.ts
FN:13,(anonymous_2)
FN:15,(anonymous_3)
FN:25,(anonymous_4)
FN:40,(anonymous_5)
FN:85,(anonymous_6)
FN:97,(anonymous_7)
FN:105,(anonymous_8)
FN:121,(anonymous_9)
FN:124,(anonymous_10)
FN:125,(anonymous_11)
FN:136,(anonymous_12)
FNF:11
FNH:11
FNDA:13,(anonymous_2)
FNDA:2,(anonymous_3)
FNDA:6,(anonymous_4)
FNDA:5,(anonymous_5)
FNDA:2,(anonymous_6)
FNDA:2,(anonymous_7)
FNDA:1,(anonymous_8)
FNDA:3,(anonymous_9)
FNDA:3,(anonymous_10)
FNDA:3,(anonymous_11)
FNDA:3,(anonymous_12)
DA:1,2
DA:6,2
DA:12,2
DA:13,13
DA:16,2
DA:26,6
DA:33,6
DA:34,3
DA:37,3
DA:45,5
DA:49,5
DA:50,1
DA:54,4
DA:58,4
DA:59,1
DA:63,3
DA:64,3
DA:65,2
DA:69,2
DA:72,3
DA:86,2
DA:88,1
DA:98,2
DA:100,1
DA:107,1
DA:111,1
DA:112,0
DA:116,1
DA:121,3
DA:124,3
DA:125,1
DA:126,3
DA:129,1
DA:130,0
DA:136,1
DA:137,3
DA:143,1
DA:145,1
LF:38
LH:36
BRDA:33,0,0,3
BRDA:49,1,0,1
BRDA:58,2,0,1
BRDA:64,3,0,2
BRDA:69,4,0,1
BRDA:69,4,1,1
BRDA:111,5,0,0
BRDA:129,6,0,0
BRF:8
BRH:6
end_of_record
TN:
SF:src/session-content/dto/create-session-content.dto.ts
FNF:0
FNH:0
DA:1,1
DA:2,1
DA:4,1
DA:7,1
DA:12,1
DA:17,1
LF:6
LH:6
BRF:0
BRH:0
end_of_record
TN:
SF:src/session-content/dto/reorder-session-contents.dto.ts
FNF:0
FNH:0
DA:1,1
DA:2,1
DA:4,1
DA:8,1
LF:4
LH:4
BRF:0
BRH:0
end_of_record
TN:
SF:src/session-content/dto/update-session-content.dto.ts
FNF:0
FNH:0
DA:1,1
DA:2,1
DA:4,1
LF:3
LH:3
BRF:0
BRH:0
end_of_record
TN:
SF:src/sms/sms.controller.ts
FN:6,(anonymous_4)
FN:9,(anonymous_5)
FN:19,(anonymous_6)
FNF:3
FNH:0
FNDA:0,(anonymous_4)
FNDA:0,(anonymous_5)
FNDA:0,(anonymous_6)
DA:1,0
DA:2,0
DA:5,0
DA:6,0
DA:9,0
DA:10,0
DA:11,0
DA:14,0
DA:15,0
DA:19,0
DA:23,0
DA:24,0
DA:27,0
DA:28,0
LF:14
LH:0
BRDA:10,0,0,0
BRDA:23,1,0,0
BRDA:23,2,0,0
BRDA:23,2,1,0
BRF:4
BRH:0
end_of_record
TN:
SF:src/sms/sms.module.ts
FNF:0
FNH:0
DA:1,0
DA:2,0
DA:3,0
DA:4,0
DA:11,0
LF:5
LH:0
BRF:0
BRH:0
end_of_record
TN:
SF:src/sms/sms.service.ts
FN:8,(anonymous_2)
FN:18,(anonymous_3)
FN:56,(anonymous_4)
FN:85,(anonymous_5)
FNF:4
FNH:0
FNDA:0,(anonymous_2)
FNDA:0,(anonymous_3)
FNDA:0,(anonymous_4)
FNDA:0,(anonymous_5)
DA:1,0
DA:2,0
DA:5,0
DA:8,0
DA:10,0
DA:11,0
DA:13,0
DA:14,0
DA:19,0
DA:21,0
DA:22,0
DA:23,0
DA:28,0
DA:30,0
DA:31,0
DA:35,0
DA:36,0
DA:40,0
DA:47,0
DA:49,0
DA:50,0
DA:57,0
DA:59,0
DA:61,0
DA:62,0
DA:66,0
DA:67,0
DA:71,0
DA:78,0
DA:80,0
DA:81,0
DA:87,0
DA:88,0
DA:90,0
LF:34
LH:0
BRDA:13,0,0,0
BRDA:13,1,0,0
BRDA:13,1,1,0
BRDA:22,2,0,0
BRDA:35,3,0,0
BRDA:35,4,0,0
BRDA:35,4,1,0
BRDA:66,5,0,0
BRDA:66,6,0,0
BRDA:66,6,1,0
BRDA:87,7,0,0
BRF:11
BRH:0
end_of_record
TN:
SF:src/socket/socket-connection.manager.ts
FN:19,(anonymous_2)
FN:25,(anonymous_3)
FN:68,(anonymous_4)
FN:88,(anonymous_5)
FN:93,(anonymous_6)
FN:106,(anonymous_7)
FN:123,(anonymous_8)
FN:127,(anonymous_9)
FN:140,(anonymous_10)
FN:144,(anonymous_11)
FN:158,(anonymous_12)
FN:162,(anonymous_13)
FNF:12
FNH:0
FNDA:0,(anonymous_2)
FNDA:0,(anonymous_3)
FNDA:0,(anonymous_4)
FNDA:0,(anonymous_5)
FNDA:0,(anonymous_6)
FNDA:0,(anonymous_7)
FNDA:0,(anonymous_8)
FNDA:0,(anonymous_9)
FNDA:0,(anonymous_10)
FNDA:0,(anonymous_11)
FNDA:0,(anonymous_12)
FNDA:0,(anonymous_13)
DA:1,0
DA:3,0
DA:4,0
DA:7,0
DA:8,0
DA:20,0
DA:21,0
DA:22,0
DA:26,0
DA:27,0
DA:30,0
DA:31,0
DA:32,0
DA:33,0
DA:34,0
DA:37,0
DA:38,0
DA:39,0
DA:42,0
DA:43,0
DA:44,0
DA:45,0
DA:46,0
DA:50,0
DA:59,0
DA:60,0
DA:63,0
DA:64,0
DA:68,0
DA:69,0
DA:72,0
DA:77,0
DA:83,0
DA:84,0
DA:89,0
DA:90,0
DA:94,0
DA:96,0
DA:98,0
DA:100,0
DA:102,0
DA:107,0
DA:119,0
DA:121,0
DA:123,0
DA:128,0
DA:136,0
DA:138,0
DA:140,0
DA:145,0
DA:150,0
DA:152,0
DA:159,0
DA:163,0
LF:54
LH:0
BRDA:31,0,0,0
BRDA:43,1,0,0
BRDA:55,2,0,0
BRDA:55,2,1,0
BRDA:63,3,0,0
BRDA:94,4,0,0
BRDA:94,4,1,0
BRDA:94,4,2,0
BRDA:94,4,3,0
BRDA:119,5,0,0
BRDA:136,6,0,0
BRDA:150,7,0,0
BRF:12
BRH:0
end_of_record
TN:
SF:src/socket/socket.gateway.ts
FN:25,(anonymous_4)
FN:37,(anonymous_5)
FN:100,(anonymous_6)
FN:106,(anonymous_7)
FN:125,(anonymous_8)
FN:144,(anonymous_9)
FN:155,(anonymous_10)
FN:166,(anonymous_11)
FN:177,(anonymous_12)
FN:189,(anonymous_13)
FN:199,(anonymous_14)
FN:208,(anonymous_15)
FN:213,(anonymous_16)
FN:218,(anonymous_17)
FN:223,(anonymous_18)
FNF:15
FNH:0
FNDA:0,(anonymous_4)
FNDA:0,(anonymous_5)
FNDA:0,(anonymous_6)
FNDA:0,(anonymous_7)
FNDA:0,(anonymous_8)
FNDA:0,(anonymous_9)
FNDA:0,(anonymous_10)
FNDA:0,(anonymous_11)
FNDA:0,(anonymous_12)
FNDA:0,(anonymous_13)
FNDA:0,(anonymous_14)
FNDA:0,(anonymous_15)
FNDA:0,(anonymous_16)
FNDA:0,(anonymous_17)
FNDA:0,(anonymous_18)
DA:1,6
DA:10,6
DA:11,6
DA:12,6
DA:21,6
DA:23,6
DA:26,0
DA:27,0
DA:31,0
DA:38,0
DA:39,0
DA:42,0
DA:43,0
DA:45,0
DA:46,0
DA:47,0
DA:48,0
DA:51,0
DA:54,0
DA:55,0
DA:56,0
DA:58,0
DA:59,0
DA:62,0
DA:69,0
DA:70,0
DA:73,0
DA:74,0
DA:75,0
DA:76,0
DA:77,0
DA:79,0
DA:83,0
DA:88,0
DA:94,0
DA:95,0
DA:101,0
DA:102,0
DA:112,0
DA:115,0
DA:131,0
DA:134,0
DA:145,0
DA:148,0
DA:156,0
DA:159,0
DA:167,0
DA:170,0
DA:178,0
DA:181,0
DA:189,6
DA:193,0
DA:194,0
DA:199,6
DA:203,0
DA:204,0
DA:209,0
DA:214,0
DA:219,0
DA:227,0
DA:228,0
DA:230,0
DA:235,0
DA:240,0
DA:245,0
DA:248,0
DA:249,0
LF:67
LH:8
BRDA:43,0,0,0
BRDA:43,0,1,0
BRDA:45,1,0,0
BRDA:73,2,0,0
BRDA:73,3,0,0
BRDA:73,3,1,0
BRDA:75,4,0,0
BRDA:75,4,1,0
BRDA:228,5,0,0
BRDA:228,5,1,0
BRDA:228,5,2,0
BRDA:228,5,3,0
BRDA:16,6,0,6
BRDA:16,6,1,0
BRF:14
BRH:1
end_of_record
TN:
SF:src/socket/socket.module.ts
FNF:0
FNH:0
DA:1,0
DA:2,0
DA:3,0
DA:4,0
DA:17,0
LF:5
LH:0
BRF:0
BRH:0
end_of_record
TN:
SF:src/socket/socket.service.ts
FN:7,(anonymous_2)
FN:12,(anonymous_3)
FN:17,(anonymous_4)
FN:38,(anonymous_5)
FN:63,(anonymous_6)
FN:84,(anonymous_7)
FN:106,(anonymous_8)
FN:147,(anonymous_9)
FN:168,(anonymous_10)
FNF:9
FNH:0
FNDA:0,(anonymous_2)
FNDA:0,(anonymous_3)
FNDA:0,(anonymous_4)
FNDA:0,(anonymous_5)
FNDA:0,(anonymous_6)
FNDA:0,(anonymous_7)
FNDA:0,(anonymous_8)
FNDA:0,(anonymous_9)
FNDA:0,(anonymous_10)
DA:1,0
DA:3,0
DA:6,0
DA:8,0
DA:9,0
DA:13,0
DA:18,0
DA:19,0
DA:20,0
DA:21,0
DA:28,0
DA:34,0
DA:43,0
DA:44,0
DA:45,0
DA:46,0
DA:53,0
DA:59,0
DA:64,0
DA:65,0
DA:66,0
DA:67,0
DA:74,0
DA:80,0
DA:85,0
DA:86,0
DA:87,0
DA:88,0
DA:95,0
DA:101,0
DA:107,0
DA:109,0
DA:110,0
DA:111,0
DA:112,0
DA:115,0
DA:116,0
DA:117,0
DA:118,0
DA:119,0
DA:120,0
DA:121,0
DA:122,0
DA:123,0
DA:124,0
DA:125,0
DA:126,0
DA:129,0
DA:132,0
DA:134,0
DA:141,0
DA:142,0
DA:152,0
DA:154,0
DA:156,0
DA:158,0
DA:160,0
DA:162,0
DA:164,0
DA:174,0
LF:60
LH:0
BRDA:115,0,0,0
BRDA:115,0,1,0
BRDA:118,1,0,0
BRDA:118,1,1,0
BRDA:121,2,0,0
BRDA:121,2,1,0
BRDA:124,3,0,0
BRDA:124,3,1,0
BRDA:154,4,0,0
BRDA:154,4,1,0
BRDA:154,4,2,0
BRDA:154,4,3,0
BRDA:154,4,4,0
BRDA:175,5,0,0
BRDA:175,5,1,0
BRF:15
BRH:0
end_of_record
TN:
SF:src/socket/managers/academy-socket.manager.ts
FN:6,(anonymous_2)
FN:12,(anonymous_3)
FN:29,(anonymous_4)
FN:54,(anonymous_5)
FN:76,(anonymous_6)
FN:101,(anonymous_7)
FNF:6
FNH:0
FNDA:0,(anonymous_2)
FNDA:0,(anonymous_3)
FNDA:0,(anonymous_4)
FNDA:0,(anonymous_5)
FNDA:0,(anonymous_6)
FNDA:0,(anonymous_7)
DA:1,0
DA:2,0
DA:5,0
DA:7,0
DA:8,0
DA:13,0
DA:14,0
DA:16,0
DA:22,0
DA:24,0
DA:33,0
DA:34,0
DA:36,0
DA:47,0
DA:49,0
DA:55,0
DA:56,0
DA:58,0
DA:69,0
DA:71,0
DA:80,0
DA:81,0
DA:83,0
DA:94,0
DA:96,0
DA:102,0
DA:103,0
DA:105,0
DA:116,0
DA:118,0
LF:30
LH:0
BRF:0
BRH:0
end_of_record
TN:
SF:src/socket/managers/class-socket.manager.ts
FN:6,(anonymous_2)
FN:12,(anonymous_3)
FN:29,(anonymous_4)
FN:46,(anonymous_5)
FN:63,(anonymous_6)
FNF:5
FNH:0
FNDA:0,(anonymous_2)
FNDA:0,(anonymous_3)
FNDA:0,(anonymous_4)
FNDA:0,(anonymous_5)
FNDA:0,(anonymous_6)
DA:1,0
DA:2,0
DA:5,0
DA:7,0
DA:8,0
DA:13,0
DA:14,0
DA:16,0
DA:22,0
DA:24,0
DA:30,0
DA:31,0
DA:33,0
DA:39,0
DA:41,0
DA:47,0
DA:48,0
DA:50,0
DA:56,0
DA:58,0
DA:70,0
DA:71,0
DA:73,0
DA:81,0
DA:92,0
DA:94,0
LF:26
LH:0
BRF:0
BRH:0
end_of_record
TN:
SF:src/socket/managers/enrollment-socket.manager.ts
FN:6,(anonymous_2)
FN:12,(anonymous_3)
FN:29,(anonymous_4)
FN:59,(anonymous_5)
FN:76,(anonymous_6)
FN:98,(anonymous_7)
FN:138,(anonymous_8)
FN:147,(anonymous_9)
FNF:8
FNH:0
FNDA:0,(anonymous_2)
FNDA:0,(anonymous_3)
FNDA:0,(anonymous_4)
FNDA:0,(anonymous_5)
FNDA:0,(anonymous_6)
FNDA:0,(anonymous_7)
FNDA:0,(anonymous_8)
FNDA:0,(anonymous_9)
DA:1,0
DA:2,0
DA:5,0
DA:7,0
DA:8,0
DA:13,0
DA:14,0
DA:16,0
DA:22,0
DA:24,0
DA:33,0
DA:34,0
DA:38,0
DA:45,0
DA:46,0
DA:52,0
DA:54,0
DA:60,0
DA:61,0
DA:63,0
DA:69,0
DA:71,0
DA:80,0
DA:81,0
DA:85,0
DA:91,0
DA:93,0
DA:105,0
DA:106,0
DA:111,0
DA:120,0
DA:131,0
DA:133,0
DA:143,0
DA:152,0
LF:35
LH:0
BRDA:41,0,0,0
BRDA:41,0,1,0
BRDA:45,1,0,0
BRDA:45,2,0,0
BRDA:45,2,1,0
BRDA:88,3,0,0
BRDA:88,3,1,0
BRF:7
BRH:0
end_of_record
TN:
SF:src/socket/managers/universal-socket.manager.ts
FN:8,(anonymous_2)
FN:15,(anonymous_3)
FN:38,(anonymous_4)
FN:47,(anonymous_5)
FN:50,(anonymous_6)
FN:66,(anonymous_7)
FN:86,(anonymous_8)
FN:97,(anonymous_9)
FN:108,(anonymous_10)
FNF:9
FNH:0
FNDA:0,(anonymous_2)
FNDA:0,(anonymous_3)
FNDA:0,(anonymous_4)
FNDA:0,(anonymous_5)
FNDA:0,(anonymous_6)
FNDA:0,(anonymous_7)
FNDA:0,(anonymous_8)
FNDA:0,(anonymous_9)
FNDA:0,(anonymous_10)
DA:1,0
DA:2,0
DA:3,0
DA:7,0
DA:9,0
DA:10,0
DA:11,0
DA:23,0
DA:24,0
DA:28,0
DA:37,0
DA:39,0
DA:47,0
DA:49,0
DA:50,0
DA:57,0
DA:61,0
DA:71,0
DA:78,0
DA:80,0
DA:82,0
DA:92,0
DA:93,0
DA:103,0
DA:104,0
DA:114,0
DA:115,0
LF:27
LH:0
BRF:0
BRH:0
end_of_record
TN:
SF:src/socket/resolvers/socket-target.resolver.ts
FN:6,(anonymous_2)
FN:12,(anonymous_3)
FN:33,(anonymous_4)
FN:69,(anonymous_5)
FN:88,(anonymous_6)
FN:107,(anonymous_7)
FN:120,(anonymous_8)
FN:134,(anonymous_9)
FN:146,(anonymous_10)
FN:160,(anonymous_11)
FN:173,(anonymous_12)
FN:184,(anonymous_13)
FN:206,(anonymous_14)
FN:219,(anonymous_15)
FN:233,(anonymous_16)
FN:255,(anonymous_17)
FN:273,(anonymous_18)
FN:286,(anonymous_19)
FN:336,(anonymous_20)
FN:380,(anonymous_21)
FN:413,(anonymous_22)
FN:439,(anonymous_23)
FNF:22
FNH:0
FNDA:0,(anonymous_2)
FNDA:0,(anonymous_3)
FNDA:0,(anonymous_4)
FNDA:0,(anonymous_5)
FNDA:0,(anonymous_6)
FNDA:0,(anonymous_7)
FNDA:0,(anonymous_8)
FNDA:0,(anonymous_9)
FNDA:0,(anonymous_10)
FNDA:0,(anonymous_11)
FNDA:0,(anonymous_12)
FNDA:0,(anonymous_13)
FNDA:0,(anonymous_14)
FNDA:0,(anonymous_15)
FNDA:0,(anonymous_16)
FNDA:0,(anonymous_17)
FNDA:0,(anonymous_18)
FNDA:0,(anonymous_19)
FNDA:0,(anonymous_20)
FNDA:0,(anonymous_21)
FNDA:0,(anonymous_22)
FNDA:0,(anonymous_23)
DA:1,0
DA:2,0
DA:5,0
DA:7,0
DA:8,0
DA:13,0
DA:15,0
DA:17,0
DA:22,0
DA:23,0
DA:26,0
DA:29,0
DA:36,0
DA:38,0
DA:40,0
DA:45,0
DA:46,0
DA:50,0
DA:55,0
DA:56,0
DA:59,0
DA:65,0
DA:72,0
DA:74,0
DA:76,0
DA:78,0
DA:84,0
DA:91,0
DA:93,0
DA:95,0
DA:97,0
DA:103,0
DA:111,0
DA:113,0
DA:115,0
DA:120,0
DA:121,0
DA:124,0
DA:130,0
DA:137,0
DA:139,0
DA:141,0
DA:146,0
DA:147,0
DA:150,0
DA:156,0
DA:164,0
DA:166,0
DA:168,0
DA:173,0
DA:174,0
DA:177,0
DA:180,0
DA:188,0
DA:190,0
DA:192,0
DA:197,0
DA:198,0
DA:202,0
DA:206,0
DA:207,0
DA:209,0
DA:214,0
DA:219,0
DA:220,0
DA:223,0
DA:229,0
DA:237,0
DA:239,0
DA:241,0
DA:246,0
DA:247,0
DA:251,0
DA:255,0
DA:256,0
DA:261,0
DA:267,0
DA:277,0
DA:278,0
DA:280,0
DA:281,0
DA:294,0
DA:296,0
DA:297,0
DA:305,0
DA:306,0
DA:309,0
DA:314,0
DA:320,0
DA:321,0
DA:322,0
DA:324,0
DA:327,0
DA:329,0
DA:332,0
DA:344,0
DA:346,0
DA:348,0
DA:354,0
DA:359,0
DA:360,0
DA:364,0
DA:369,0
DA:370,0
DA:373,0
DA:376,0
DA:388,0
DA:390,0
DA:392,0
DA:397,0
DA:398,0
DA:402,0
DA:403,0
DA:406,0
DA:409,0
DA:421,0
DA:423,0
DA:425,0
DA:433,0
DA:434,0
DA:438,0
DA:439,0
DA:440,0
DA:444,0
DA:447,0
LF:125
LH:0
BRDA:22,0,0,0
BRDA:45,1,0,0
BRDA:55,2,0,0
BRDA:197,3,0,0
BRDA:207,4,0,0
BRDA:246,5,0,0
BRDA:320,6,0,0
BRDA:320,6,1,0
BRDA:359,7,0,0
BRDA:369,8,0,0
BRDA:397,9,0,0
BRDA:402,10,0,0
BRDA:433,11,0,0
BRDA:438,12,0,0
BRF:14
BRH:0
end_of_record
TN:
SF:src/student/student.controller.ts
FN:26,(anonymous_4)
FN:29,(anonymous_5)
FN:34,(anonymous_6)
FN:39,(anonymous_7)
FN:44,(anonymous_8)
FN:49,(anonymous_9)
FN:54,(anonymous_10)
FN:62,(anonymous_11)
FN:67,(anonymous_12)
FN:78,(anonymous_13)
FN:96,(anonymous_14)
FNF:11
FNH:5
FNDA:7,(anonymous_4)
FNDA:1,(anonymous_5)
FNDA:2,(anonymous_6)
FNDA:2,(anonymous_7)
FNDA:2,(anonymous_8)
FNDA:0,(anonymous_9)
FNDA:0,(anonymous_10)
FNDA:0,(anonymous_11)
FNDA:0,(anonymous_12)
FNDA:0,(anonymous_13)
FNDA:0,(anonymous_14)
DA:1,1
DA:13,1
DA:14,1
DA:15,1
DA:16,1
DA:17,1
DA:18,1
DA:19,1
DA:20,1
DA:25,1
DA:26,7
DA:29,1
DA:30,1
DA:34,1
DA:35,2
DA:39,1
DA:40,2
DA:44,1
DA:45,2
DA:49,1
DA:50,0
DA:54,1
DA:58,0
DA:62,1
DA:63,0
DA:67,1
DA:68,0
DA:78,1
DA:82,0
DA:96,1
DA:100,0
LF:31
LH:25
BRF:0
BRH:0
end_of_record
TN:
SF:src/student/student.module.ts
FNF:0
FNH:0
DA:1,0
DA:2,0
DA:3,0
DA:4,0
DA:5,0
DA:6,0
DA:14,0
LF:7
LH:0
BRF:0
BRH:0
end_of_record
TN:
SF:src/student/student.service.ts
FN:17,(anonymous_2)
FN:23,(anonymous_3)
FN:74,(anonymous_4)
FN:80,(anonymous_5)
FN:83,(anonymous_6)
FN:85,(anonymous_7)
FN:109,(anonymous_8)
FN:135,(anonymous_9)
FN:142,(anonymous_10)
FN:161,(anonymous_11)
FN:184,(anonymous_12)
FN:188,(anonymous_13)
FN:193,(anonymous_14)
FN:197,(anonymous_15)
FN:201,(anonymous_16)
FN:209,(anonymous_17)
FN:219,(anonymous_18)
FN:254,(anonymous_19)
FN:311,(anonymous_20)
FN:348,(anonymous_21)
FN:426,(anonymous_22)
FN:470,(anonymous_23)
FN:514,(anonymous_24)
FN:597,(anonymous_25)
FN:631,(anonymous_26)
FN:634,(anonymous_27)
FN:658,(anonymous_28)
FN:689,(anonymous_29)
FNF:28
FNH:11
FNDA:6,(anonymous_2)
FNDA:2,(anonymous_3)
FNDA:2,(anonymous_4)
FNDA:2,(anonymous_5)
FNDA:2,(anonymous_6)
FNDA:3,(anonymous_7)
FNDA:2,(anonymous_8)
FNDA:2,(anonymous_9)
FNDA:0,(anonymous_10)
FNDA:2,(anonymous_11)
FNDA:1,(anonymous_12)
FNDA:1,(anonymous_13)
FNDA:0,(anonymous_14)
FNDA:0,(anonymous_15)
FNDA:0,(anonymous_16)
FNDA:0,(anonymous_17)
FNDA:0,(anonymous_18)
FNDA:0,(anonymous_19)
FNDA:0,(anonymous_20)
FNDA:0,(anonymous_21)
FNDA:0,(anonymous_22)
FNDA:0,(anonymous_23)
FNDA:0,(anonymous_24)
FNDA:0,(anonymous_25)
FNDA:0,(anonymous_26)
FNDA:0,(anonymous_27)
FNDA:0,(anonymous_28)
FNDA:0,(anonymous_29)
DA:1,4
DA:8,4
DA:9,4
DA:10,4
DA:16,4
DA:18,6
DA:19,6
DA:20,6
DA:24,2
DA:62,2
DA:63,1
DA:67,1
DA:74,1
DA:75,2
DA:79,1
DA:80,2
DA:83,1
DA:84,2
DA:85,3
DA:87,2
DA:91,1
DA:92,1
DA:95,1
DA:98,1
DA:105,1
DA:106,1
DA:107,1
DA:110,2
DA:111,2
DA:118,1
DA:119,1
DA:121,0
DA:129,1
DA:134,1
DA:136,2
DA:137,2
DA:140,2
DA:142,0
DA:149,1
DA:154,1
DA:162,2
DA:177,2
DA:178,1
DA:181,1
DA:185,1
DA:189,1
DA:194,0
DA:198,0
DA:202,0
DA:213,0
DA:220,0
DA:236,0
DA:237,0
DA:240,0
DA:255,0
DA:259,0
DA:260,0
DA:264,0
DA:277,0
DA:294,0
DA:312,0
DA:347,0
DA:350,0
DA:351,0
DA:352,0
DA:370,0
DA:371,0
DA:372,0
DA:373,0
DA:374,0
DA:392,0
DA:420,0
DA:427,0
DA:431,0
DA:432,0
DA:436,0
DA:469,0
DA:471,0
DA:472,0
DA:473,0
DA:490,0
DA:510,0
DA:516,0
DA:539,0
DA:540,0
DA:544,0
DA:553,0
DA:554,0
DA:558,0
DA:559,0
DA:561,0
DA:562,0
DA:566,0
DA:575,0
DA:576,0
DA:580,0
DA:598,0
DA:625,0
DA:626,0
DA:630,0
DA:632,0
DA:633,0
DA:635,0
DA:643,0
DA:654,0
DA:659,0
DA:664,0
DA:665,0
DA:669,0
DA:676,0
DA:677,0
DA:681,0
DA:685,0
DA:693,0
DA:698,0
DA:699,0
DA:703,0
DA:710,0
DA:711,0
DA:715,0
DA:745,0
LF:121
LH:44
BRDA:62,0,0,1
BRDA:106,1,0,1
BRDA:119,2,0,0
BRDA:119,3,0,1
BRDA:119,3,1,1
BRDA:145,4,0,0
BRDA:145,4,1,0
BRDA:177,5,0,1
BRDA:236,6,0,0
BRDA:259,7,0,0
BRDA:266,8,0,0
BRDA:266,8,1,0
BRDA:267,9,0,0
BRDA:267,9,1,0
BRDA:269,10,0,0
BRDA:269,10,1,0
BRDA:269,11,0,0
BRDA:269,11,1,0
BRDA:272,12,0,0
BRDA:272,12,1,0
BRDA:273,13,0,0
BRDA:273,13,1,0
BRDA:351,14,0,0
BRDA:371,15,0,0
BRDA:371,16,0,0
BRDA:371,16,1,0
BRDA:373,17,0,0
BRDA:398,18,0,0
BRDA:398,18,1,0
BRDA:398,19,0,0
BRDA:398,19,1,0
BRDA:398,20,0,0
BRDA:398,20,1,0
BRDA:431,21,0,0
BRDA:472,22,0,0
BRDA:539,23,0,0
BRDA:553,24,0,0
BRDA:561,25,0,0
BRDA:575,26,0,0
BRDA:625,27,0,0
BRDA:664,28,0,0
BRDA:676,29,0,0
BRDA:698,30,0,0
BRDA:710,31,0,0
BRF:44
BRH:5
end_of_record
TN:
SF:src/student/dto/index.ts
FNF:0
FNH:0
DA:1,0
DA:2,0
LF:2
LH:0
BRF:0
BRH:0
end_of_record
TN:
SF:src/student/dto/join-academy.dto.ts
FNF:0
FNH:0
DA:1,0
DA:3,0
DA:6,0
LF:3
LH:0
BRF:0
BRH:0
end_of_record
TN:
SF:src/student/dto/leave-academy.dto.ts
FNF:0
FNH:0
DA:1,0
DA:3,0
DA:6,0
LF:3
LH:0
BRF:0
BRH:0
end_of_record
TN:
SF:src/student/dto/update-profile.dto.ts
FNF:0
FNH:0
DA:1,1
DA:3,1
DA:6,1
DA:10,1
DA:14,1
DA:18,1
DA:22,1
DA:26,1
LF:8
LH:8
BRF:0
BRH:0
end_of_record
TN:
SF:src/teacher/teacher.controller.ts
FN:29,(anonymous_4)
FN:35,(anonymous_5)
FN:47,(anonymous_6)
FN:59,(anonymous_7)
FN:65,(anonymous_8)
FN:72,(anonymous_9)
FN:81,(anonymous_10)
FN:87,(anonymous_11)
FN:93,(anonymous_12)
FN:105,(anonymous_13)
FN:114,(anonymous_14)
FN:123,(anonymous_15)
FNF:12
FNH:12
FNDA:11,(anonymous_4)
FNDA:1,(anonymous_5)
FNDA:1,(anonymous_6)
FNDA:1,(anonymous_7)
FNDA:1,(anonymous_8)
FNDA:1,(anonymous_9)
FNDA:1,(anonymous_10)
FNDA:1,(anonymous_11)
FNDA:1,(anonymous_12)
FNDA:1,(anonymous_13)
FNDA:1,(anonymous_14)
FNDA:1,(anonymous_15)
DA:1,1
DA:11,1
DA:12,1
DA:13,1
DA:14,1
DA:15,1
DA:16,1
DA:17,1
DA:18,1
DA:22,1
DA:23,1
DA:28,1
DA:29,11
DA:35,1
DA:40,1
DA:47,1
DA:51,1
DA:59,1
DA:60,1
DA:65,1
DA:66,1
DA:72,1
DA:76,1
DA:81,1
DA:82,1
DA:87,1
DA:88,1
DA:93,1
DA:94,1
DA:105,1
DA:106,1
DA:114,1
DA:115,1
DA:123,1
DA:124,1
LF:35
LH:35
BRF:0
BRH:0
end_of_record
TN:
SF:src/teacher/teacher.module.ts
FNF:0
FNH:0
DA:1,0
DA:2,0
DA:3,0
DA:4,0
DA:5,0
DA:6,0
DA:14,0
LF:7
LH:0
BRF:0
BRH:0
end_of_record
TN:
SF:src/teacher/teacher.service.ts
FN:16,(anonymous_2)
FN:22,(anonymous_3)
FN:30,(anonymous_4)
FN:84,(anonymous_5)
FN:158,(anonymous_6)
FN:222,(anonymous_7)
FN:248,(anonymous_8)
FN:265,(anonymous_9)
FN:327,(anonymous_10)
FN:333,(anonymous_11)
FN:358,(anonymous_12)
FN:359,(anonymous_13)
FN:374,(anonymous_14)
FN:392,(anonymous_15)
FN:394,(anonymous_16)
FN:412,(anonymous_17)
FN:429,(anonymous_18)
FN:442,(anonymous_19)
FN:447,(anonymous_20)
FN:452,(anonymous_21)
FN:457,(anonymous_22)
FN:468,(anonymous_23)
FN:516,(anonymous_24)
FN:517,(anonymous_25)
FN:535,(anonymous_26)
FN:549,(anonymous_27)
FN:560,(anonymous_28)
FN:561,(anonymous_29)
FN:600,(anonymous_30)
FN:628,(anonymous_31)
FN:636,(anonymous_32)
FN:648,(anonymous_33)
FN:663,(anonymous_34)
FN:692,(anonymous_35)
FNF:34
FNH:6
FNDA:7,(anonymous_2)
FNDA:0,(anonymous_3)
FNDA:2,(anonymous_4)
FNDA:2,(anonymous_5)
FNDA:1,(anonymous_6)
FNDA:2,(anonymous_7)
FNDA:2,(anonymous_8)
FNDA:0,(anonymous_9)
FNDA:0,(anonymous_10)
FNDA:0,(anonymous_11)
FNDA:0,(anonymous_12)
FNDA:0,(anonymous_13)
FNDA:0,(anonymous_14)
FNDA:0,(anonymous_15)
FNDA:0,(anonymous_16)
FNDA:0,(anonymous_17)
FNDA:0,(anonymous_18)
FNDA:0,(anonymous_19)
FNDA:0,(anonymous_20)
FNDA:0,(anonymous_21)
FNDA:0,(anonymous_22)
FNDA:0,(anonymous_23)
FNDA:0,(anonymous_24)
FNDA:0,(anonymous_25)
FNDA:0,(anonymous_26)
FNDA:0,(anonymous_27)
FNDA:0,(anonymous_28)
FNDA:0,(anonymous_29)
FNDA:0,(anonymous_30)
FNDA:0,(anonymous_31)
FNDA:0,(anonymous_32)
FNDA:0,(anonymous_33)
FNDA:0,(anonymous_34)
FNDA:0,(anonymous_35)
DA:1,4
DA:8,4
DA:9,4
DA:10,4
DA:15,4
DA:17,7
DA:18,7
DA:19,7
DA:27,0
DA:31,2
DA:56,2
DA:57,1
DA:60,1
DA:97,2
DA:101,2
DA:102,1
DA:105,1
DA:134,1
DA:159,1
DA:163,1
DA:164,0
DA:167,1
DA:169,1
DA:198,1
DA:223,2
DA:243,2
DA:244,1
DA:248,2
DA:266,0
DA:307,0
DA:308,0
DA:312,0
DA:313,0
DA:316,0
DA:319,0
DA:326,0
DA:327,0
DA:329,0
DA:330,0
DA:331,0
DA:334,0
DA:335,0
DA:342,0
DA:343,0
DA:345,0
DA:353,0
DA:358,0
DA:359,0
DA:360,0
DA:361,0
DA:364,0
DA:368,0
DA:374,0
DA:392,0
DA:393,0
DA:396,0
DA:397,0
DA:400,0
DA:401,0
DA:402,0
DA:405,0
DA:410,0
DA:412,0
DA:429,0
DA:434,0
DA:443,0
DA:448,0
DA:453,0
DA:461,0
DA:469,0
DA:504,0
DA:505,0
DA:508,0
DA:509,0
DA:513,0
DA:516,0
DA:517,0
DA:535,0
DA:549,0
DA:560,0
DA:561,0
DA:573,0
DA:600,0
DA:628,0
DA:636,0
DA:648,0
DA:664,0
DA:684,0
DA:685,0
DA:688,0
DA:693,0
DA:698,0
DA:699,0
DA:703,0
DA:710,0
DA:711,0
DA:715,0
DA:716,0
DA:720,0
DA:730,0
LF:100
LH:26
BRDA:56,0,0,1
BRDA:72,1,0,1
BRDA:72,1,1,1
BRDA:73,2,0,0
BRDA:73,2,1,1
BRDA:101,3,0,1
BRDA:146,4,0,1
BRDA:146,4,1,1
BRDA:147,5,0,0
BRDA:147,5,1,1
BRDA:163,6,0,0
BRDA:210,7,0,1
BRDA:210,7,1,1
BRDA:211,8,0,0
BRDA:211,8,1,1
BRDA:243,9,0,1
BRDA:307,10,0,0
BRDA:330,11,0,0
BRDA:343,12,0,0
BRDA:343,13,0,0
BRDA:343,13,1,0
BRDA:427,14,0,0
BRDA:427,14,1,0
BRDA:504,15,0,0
BRDA:508,16,0,0
BRDA:529,17,0,0
BRDA:529,17,1,0
BRDA:592,18,0,0
BRDA:592,18,1,0
BRDA:684,19,0,0
BRDA:698,20,0,0
BRDA:710,21,0,0
BRDA:715,22,0,0
BRF:33
BRH:12
end_of_record
